#! /usr/bin/vvp
:ivl_version "10.3 (stable)";
:ivl_delay_selection "TYPICAL";
:vpi_time_precision - 12;
:vpi_module "system";
:vpi_module "vhdl_sys";
:vpi_module "v2005_math";
:vpi_module "va_math";
S_0x5579ae80d3c0 .scope module, "tb_processor" "tb_processor" 2 120;
 .timescale -9 -12;
P_0x5579ae804d80 .param/l "PERIOD" 0 2 123, +C4<00000000000000000000000000001010>;
RS_0x7f19315c2708 .resolv tri, L_0x5579ae8516d0, L_0x5579ae851c10, L_0x5579ae851d50, L_0x5579ae852030, L_0x5579ae8523d0, L_0x5579ae8526a0;
v0x5579ae84e4c0_0 .net8 "BusWires", 7 0, RS_0x7f19315c2708;  6 drivers
v0x5579ae84e5a0_0 .net "Done", 0 0, L_0x5579ae8502d0;  1 drivers
v0x5579ae84e690_0 .var "F", 1 0;
v0x5579ae84e790_0 .var "Rx", 1 0;
v0x5579ae84e860_0 .var "Ry", 1 0;
v0x5579ae84e950_0 .var "clk", 0 0;
v0x5579ae84e9f0_0 .var "data", 7 0;
v0x5579ae84eae0_0 .var "reset", 0 0;
v0x5579ae84eb80_0 .var "w", 0 0;
S_0x5579ae81d270 .scope module, "u_processor" "processor" 2 199, 2 49 0, S_0x5579ae80d3c0;
 .timescale 0 0;
    .port_info 0 /INPUT 8 "data"
    .port_info 1 /INPUT 1 "reset"
    .port_info 2 /INPUT 1 "w"
    .port_info 3 /INPUT 1 "clk"
    .port_info 4 /INPUT 2 "F"
    .port_info 5 /INPUT 2 "Rx"
    .port_info 6 /INPUT 2 "Ry"
    .port_info 7 /OUTPUT 1 "Done"
    .port_info 8 /OUTPUT 8 "BusWires"
L_0x5579ae84ec50 .functor OR 1, v0x5579ae84eae0_0, L_0x5579ae8502d0, C4<0>, C4<0>;
L_0x5579ae84ed10 .functor NOT 1, v0x5579ae84eb80_0, C4<0>, C4<0>, C4<0>;
L_0x5579ae84eec0 .functor AND 1, L_0x5579ae84ed10, L_0x5579ae84edd0, C4<1>, C4<1>;
L_0x5579ae84efd0 .functor OR 1, L_0x5579ae84ec50, L_0x5579ae84eec0, C4<0>, C4<0>;
L_0x5579ae84f3e0 .functor AND 1, v0x5579ae84eb80_0, L_0x5579ae84f340, C4<1>, C4<1>;
L_0x5579ae84f8f0 .functor AND 1, L_0x5579ae84f760, L_0x5579ae84f800, C4<1>, C4<1>;
L_0x5579ae84fbe0 .functor OR 1, L_0x5579ae84fa40, L_0x5579ae84fae0, C4<0>, C4<0>;
L_0x5579ae84fcf0 .functor AND 1, L_0x5579ae84fbe0, L_0x5579ae84fc50, C4<1>, C4<1>;
L_0x5579ae850000 .functor OR 1, L_0x5579ae84fe50, L_0x5579ae84ff60, C4<0>, C4<0>;
L_0x5579ae84fef0 .functor AND 1, L_0x5579ae850000, L_0x5579ae850110, C4<1>, C4<1>;
L_0x5579ae8502d0 .functor OR 1, L_0x5579ae84fcf0, L_0x5579ae84fef0, C4<0>, C4<0>;
L_0x5579ae850670 .functor OR 1, L_0x5579ae850390, L_0x5579ae850430, C4<0>, C4<0>;
L_0x5579ae850890 .functor AND 1, L_0x5579ae850670, L_0x5579ae8507f0, C4<1>, C4<1>;
L_0x5579ae850bd0 .functor OR 1, L_0x5579ae8509f0, L_0x5579ae850b30, C4<0>, C4<0>;
L_0x5579ae850780 .functor AND 1, L_0x5579ae850bd0, L_0x5579ae850d60, C4<1>, C4<1>;
L_0x5579ae8511c0 .functor OR 1, L_0x5579ae850a90, L_0x5579ae851060, C4<0>, C4<0>;
L_0x5579ae851400 .functor AND 1, L_0x5579ae8511c0, L_0x5579ae851360, C4<1>, C4<1>;
v0x5579ae84aeb0_0 .net "A", 7 0, v0x5579ae847b30_0;  1 drivers
v0x5579ae84afa0_0 .net "AddSub", 0 0, L_0x5579ae851560;  1 drivers
v0x5579ae84b040_0 .net "Ain", 0 0, L_0x5579ae850890;  1 drivers
v0x5579ae84b140_0 .net8 "BusWires", 7 0, RS_0x7f19315c2708;  alias, 6 drivers
v0x5579ae84b1e0_0 .net "Done", 0 0, L_0x5579ae8502d0;  alias, 1 drivers
v0x5579ae84b2d0_0 .net "Extern", 0 0, L_0x5579ae84f8f0;  1 drivers
v0x5579ae84b370_0 .net "F", 1 0, v0x5579ae84e690_0;  1 drivers
v0x5579ae84b430_0 .net "FRin", 0 0, L_0x5579ae84f3e0;  1 drivers
v0x5579ae84b500_0 .net "Func", 1 6, L_0x5579ae84f160;  1 drivers
v0x5579ae84b5d0_0 .net "FuncReg", 1 6, v0x5579ae845980_0;  1 drivers
v0x5579ae84b6a0_0 .net "G", 7 0, v0x5579ae8481d0_0;  1 drivers
v0x5579ae84b740_0 .net "Gin", 0 0, L_0x5579ae850780;  1 drivers
v0x5579ae84b7e0_0 .net "Gout", 0 0, L_0x5579ae851400;  1 drivers
v0x5579ae84b8b0_0 .net "I", 3 0, v0x5579ae81e330_0;  1 drivers
v0x5579ae84b980_0 .net "R0", 7 0, v0x5579ae846010_0;  1 drivers
v0x5579ae84ba70_0 .net "R1", 7 0, v0x5579ae8466d0_0;  1 drivers
v0x5579ae84bb60_0 .net "R2", 7 0, v0x5579ae846d80_0;  1 drivers
v0x5579ae84bd80_0 .net "R3", 7 0, v0x5579ae847440_0;  1 drivers
v0x5579ae84be90_0 .var "Rin", 0 3;
v0x5579ae84bf70_0 .var "Rout", 0 3;
v0x5579ae84c050_0 .net "Rx", 1 0, v0x5579ae84e790_0;  1 drivers
v0x5579ae84c130_0 .net "Ry", 1 0, v0x5579ae84e860_0;  1 drivers
v0x5579ae84c210_0 .var "Sum", 7 0;
v0x5579ae84c2d0_0 .net "T", 3 0, v0x5579ae8449b0_0;  1 drivers
v0x5579ae84c370_0 .net "Xreg", 3 0, v0x5579ae844ed0_0;  1 drivers
v0x5579ae84c410_0 .net "Y", 3 0, v0x5579ae8454c0_0;  1 drivers
v0x5579ae84c4b0_0 .net *"_s15", 0 0, L_0x5579ae84f340;  1 drivers
v0x5579ae84c570_0 .net *"_s2", 0 0, L_0x5579ae84ec50;  1 drivers
v0x5579ae84c650_0 .net *"_s31", 0 0, L_0x5579ae84f760;  1 drivers
v0x5579ae84c730_0 .net *"_s33", 0 0, L_0x5579ae84f800;  1 drivers
v0x5579ae84c810_0 .net *"_s37", 0 0, L_0x5579ae84fa40;  1 drivers
v0x5579ae84c8f0_0 .net *"_s39", 0 0, L_0x5579ae84fae0;  1 drivers
v0x5579ae84c9d0_0 .net *"_s4", 0 0, L_0x5579ae84ed10;  1 drivers
v0x5579ae84cab0_0 .net *"_s40", 0 0, L_0x5579ae84fbe0;  1 drivers
v0x5579ae84cb90_0 .net *"_s43", 0 0, L_0x5579ae84fc50;  1 drivers
v0x5579ae84cc70_0 .net *"_s44", 0 0, L_0x5579ae84fcf0;  1 drivers
v0x5579ae84cd50_0 .net *"_s47", 0 0, L_0x5579ae84fe50;  1 drivers
v0x5579ae84ce30_0 .net *"_s49", 0 0, L_0x5579ae84ff60;  1 drivers
v0x5579ae84cf10_0 .net *"_s50", 0 0, L_0x5579ae850000;  1 drivers
v0x5579ae84cff0_0 .net *"_s53", 0 0, L_0x5579ae850110;  1 drivers
v0x5579ae84d0d0_0 .net *"_s54", 0 0, L_0x5579ae84fef0;  1 drivers
v0x5579ae84d1b0_0 .net *"_s59", 0 0, L_0x5579ae850390;  1 drivers
v0x5579ae84d290_0 .net *"_s61", 0 0, L_0x5579ae850430;  1 drivers
v0x5579ae84d370_0 .net *"_s62", 0 0, L_0x5579ae850670;  1 drivers
v0x5579ae84d450_0 .net *"_s65", 0 0, L_0x5579ae8507f0;  1 drivers
v0x5579ae84d530_0 .net *"_s69", 0 0, L_0x5579ae8509f0;  1 drivers
v0x5579ae84d610_0 .net *"_s7", 0 0, L_0x5579ae84edd0;  1 drivers
v0x5579ae84d6f0_0 .net *"_s71", 0 0, L_0x5579ae850b30;  1 drivers
v0x5579ae84d7d0_0 .net *"_s72", 0 0, L_0x5579ae850bd0;  1 drivers
v0x5579ae84d8b0_0 .net *"_s75", 0 0, L_0x5579ae850d60;  1 drivers
v0x5579ae84d990_0 .net *"_s79", 0 0, L_0x5579ae850a90;  1 drivers
v0x5579ae84da70_0 .net *"_s8", 0 0, L_0x5579ae84eec0;  1 drivers
v0x5579ae84db50_0 .net *"_s81", 0 0, L_0x5579ae851060;  1 drivers
v0x5579ae84dc30_0 .net *"_s82", 0 0, L_0x5579ae8511c0;  1 drivers
v0x5579ae84dd10_0 .net *"_s85", 0 0, L_0x5579ae851360;  1 drivers
v0x5579ae84ddf0_0 .net "clear", 0 0, L_0x5579ae84efd0;  1 drivers
v0x5579ae84dec0_0 .net "clk", 0 0, v0x5579ae84e950_0;  1 drivers
v0x5579ae84df60_0 .net "count", 1 0, v0x5579ae80e3c0_0;  1 drivers
v0x5579ae84e050_0 .net "data", 7 0, v0x5579ae84e9f0_0;  1 drivers
v0x5579ae84e110_0 .var/i "k", 31 0;
v0x5579ae84e1d0_0 .net "reset", 0 0, v0x5579ae84eae0_0;  1 drivers
v0x5579ae84e290_0 .net "w", 0 0, v0x5579ae84eb80_0;  1 drivers
E_0x5579ae7f2a80 .event edge, v0x5579ae846110_0, v0x5579ae847b30_0, v0x5579ae84afa0_0;
E_0x5579ae7f2cf0 .event edge, v0x5579ae8454c0_0, v0x5579ae844ed0_0, v0x5579ae8449b0_0, v0x5579ae81e330_0;
L_0x5579ae84edd0 .part v0x5579ae8449b0_0, 3, 1;
L_0x5579ae84f160 .concat [ 2 2 2 0], v0x5579ae84e860_0, v0x5579ae84e790_0, v0x5579ae84e690_0;
L_0x5579ae84f340 .part v0x5579ae8449b0_0, 0, 1;
L_0x5579ae84f4f0 .part v0x5579ae845980_0, 4, 2;
L_0x5579ae84f5e0 .part v0x5579ae845980_0, 2, 2;
L_0x5579ae84f680 .part v0x5579ae845980_0, 0, 2;
L_0x5579ae84f760 .part v0x5579ae81e330_0, 0, 1;
L_0x5579ae84f800 .part v0x5579ae8449b0_0, 1, 1;
L_0x5579ae84fa40 .part v0x5579ae81e330_0, 0, 1;
L_0x5579ae84fae0 .part v0x5579ae81e330_0, 1, 1;
L_0x5579ae84fc50 .part v0x5579ae8449b0_0, 1, 1;
L_0x5579ae84fe50 .part v0x5579ae81e330_0, 2, 1;
L_0x5579ae84ff60 .part v0x5579ae81e330_0, 3, 1;
L_0x5579ae850110 .part v0x5579ae8449b0_0, 3, 1;
L_0x5579ae850390 .part v0x5579ae81e330_0, 2, 1;
L_0x5579ae850430 .part v0x5579ae81e330_0, 3, 1;
L_0x5579ae8507f0 .part v0x5579ae8449b0_0, 1, 1;
L_0x5579ae8509f0 .part v0x5579ae81e330_0, 2, 1;
L_0x5579ae850b30 .part v0x5579ae81e330_0, 3, 1;
L_0x5579ae850d60 .part v0x5579ae8449b0_0, 2, 1;
L_0x5579ae850a90 .part v0x5579ae81e330_0, 2, 1;
L_0x5579ae851060 .part v0x5579ae81e330_0, 3, 1;
L_0x5579ae851360 .part v0x5579ae8449b0_0, 3, 1;
L_0x5579ae851560 .part v0x5579ae81e330_0, 3, 1;
L_0x5579ae851770 .part v0x5579ae84be90_0, 3, 1;
L_0x5579ae851810 .part v0x5579ae84be90_0, 2, 1;
L_0x5579ae8519e0 .part v0x5579ae84be90_0, 1, 1;
L_0x5579ae851a80 .part v0x5579ae84be90_0, 0, 1;
L_0x5579ae851cb0 .part v0x5579ae84bf70_0, 3, 1;
L_0x5579ae851df0 .part v0x5579ae84bf70_0, 2, 1;
L_0x5579ae8522e0 .part v0x5579ae84bf70_0, 1, 1;
L_0x5579ae8524a0 .part v0x5579ae84bf70_0, 0, 1;
S_0x5579ae81c7e0 .scope module, "counter" "upcount" 2 65, 2 22 0, S_0x5579ae81d270;
 .timescale 0 0;
    .port_info 0 /INPUT 1 "clear"
    .port_info 1 /INPUT 1 "clk"
    .port_info 2 /OUTPUT 2 "Q"
v0x5579ae80e3c0_0 .var "Q", 1 0;
v0x5579ae821600_0 .net "clear", 0 0, L_0x5579ae84efd0;  alias, 1 drivers
v0x5579ae81fc50_0 .net "clk", 0 0, v0x5579ae84e950_0;  alias, 1 drivers
E_0x5579ae7f2940 .event posedge, v0x5579ae81fc50_0;
S_0x5579ae8443b0 .scope module, "decI" "dec2to4" 2 72, 2 34 0, S_0x5579ae81d270;
 .timescale 0 0;
    .port_info 0 /INPUT 2 "two"
    .port_info 1 /INPUT 1 "ena"
    .port_info 2 /OUTPUT 4 "four"
L_0x7f1931579060 .functor BUFT 1, C4<1>, C4<0>, C4<0>, C4<0>;
v0x5579ae81efc0_0 .net "ena", 0 0, L_0x7f1931579060;  1 drivers
v0x5579ae81e330_0 .var "four", 3 0;
v0x5579ae81d620_0 .net "two", 1 0, L_0x5579ae84f4f0;  1 drivers
E_0x5579ae828fa0 .event edge, v0x5579ae81d620_0;
S_0x5579ae844730 .scope module, "decT" "dec2to4" 2 66, 2 34 0, S_0x5579ae81d270;
 .timescale 0 0;
    .port_info 0 /INPUT 2 "two"
    .port_info 1 /INPUT 1 "ena"
    .port_info 2 /OUTPUT 4 "four"
L_0x7f1931579018 .functor BUFT 1, C4<1>, C4<0>, C4<0>, C4<0>;
v0x5579ae81a280_0 .net "ena", 0 0, L_0x7f1931579018;  1 drivers
v0x5579ae8449b0_0 .var "four", 3 0;
v0x5579ae844a90_0 .net "two", 1 0, v0x5579ae80e3c0_0;  alias, 1 drivers
E_0x5579ae828560 .event edge, v0x5579ae80e3c0_0;
S_0x5579ae844b90 .scope module, "decX" "dec2to4" 2 73, 2 34 0, S_0x5579ae81d270;
 .timescale 0 0;
    .port_info 0 /INPUT 2 "two"
    .port_info 1 /INPUT 1 "ena"
    .port_info 2 /OUTPUT 4 "four"
L_0x7f19315790a8 .functor BUFT 1, C4<1>, C4<0>, C4<0>, C4<0>;
v0x5579ae844df0_0 .net "ena", 0 0, L_0x7f19315790a8;  1 drivers
v0x5579ae844ed0_0 .var "four", 3 0;
v0x5579ae844fb0_0 .net "two", 1 0, L_0x5579ae84f5e0;  1 drivers
E_0x5579ae828830 .event edge, v0x5579ae844fb0_0;
S_0x5579ae8450f0 .scope module, "decY" "dec2to4" 2 74, 2 34 0, S_0x5579ae81d270;
 .timescale 0 0;
    .port_info 0 /INPUT 2 "two"
    .port_info 1 /INPUT 1 "ena"
    .port_info 2 /OUTPUT 4 "four"
L_0x7f19315790f0 .functor BUFT 1, C4<1>, C4<0>, C4<0>, C4<0>;
v0x5579ae8453e0_0 .net "ena", 0 0, L_0x7f19315790f0;  1 drivers
v0x5579ae8454c0_0 .var "four", 3 0;
v0x5579ae8455a0_0 .net "two", 1 0, L_0x5579ae84f680;  1 drivers
E_0x5579ae845360 .event edge, v0x5579ae8455a0_0;
S_0x5579ae8456e0 .scope module, "functionreg" "regn" 2 70, 2 1 0, S_0x5579ae81d270;
 .timescale 0 0;
    .port_info 0 /INPUT 6 "R"
    .port_info 1 /INPUT 1 "Rin"
    .port_info 2 /INPUT 1 "clk"
    .port_info 3 /OUTPUT 6 "Q"
P_0x5579ae8458b0 .param/l "n" 0 2 2, +C4<00000000000000000000000000000110>;
v0x5579ae845980_0 .var "Q", 5 0;
v0x5579ae845a60_0 .net "R", 5 0, L_0x5579ae84f160;  alias, 1 drivers
v0x5579ae845b40_0 .net "Rin", 0 0, L_0x5579ae84f3e0;  alias, 1 drivers
v0x5579ae845c10_0 .net "clk", 0 0, v0x5579ae84e950_0;  alias, 1 drivers
S_0x5579ae845d70 .scope module, "reg_0" "regn" 2 92, 2 1 0, S_0x5579ae81d270;
 .timescale 0 0;
    .port_info 0 /INPUT 8 "R"
    .port_info 1 /INPUT 1 "Rin"
    .port_info 2 /INPUT 1 "clk"
    .port_info 3 /OUTPUT 8 "Q"
P_0x5579ae845f40 .param/l "n" 0 2 2, +C4<00000000000000000000000000001000>;
v0x5579ae846010_0 .var "Q", 7 0;
v0x5579ae846110_0 .net8 "R", 7 0, RS_0x7f19315c2708;  alias, 6 drivers
v0x5579ae8461f0_0 .net "Rin", 0 0, L_0x5579ae851770;  1 drivers
v0x5579ae8462c0_0 .net "clk", 0 0, v0x5579ae84e950_0;  alias, 1 drivers
S_0x5579ae846430 .scope module, "reg_1" "regn" 2 93, 2 1 0, S_0x5579ae81d270;
 .timescale 0 0;
    .port_info 0 /INPUT 8 "R"
    .port_info 1 /INPUT 1 "Rin"
    .port_info 2 /INPUT 1 "clk"
    .port_info 3 /OUTPUT 8 "Q"
P_0x5579ae846600 .param/l "n" 0 2 2, +C4<00000000000000000000000000001000>;
v0x5579ae8466d0_0 .var "Q", 7 0;
v0x5579ae8467d0_0 .net8 "R", 7 0, RS_0x7f19315c2708;  alias, 6 drivers
v0x5579ae8468c0_0 .net "Rin", 0 0, L_0x5579ae851810;  1 drivers
v0x5579ae846990_0 .net "clk", 0 0, v0x5579ae84e950_0;  alias, 1 drivers
S_0x5579ae846ac0 .scope module, "reg_2" "regn" 2 94, 2 1 0, S_0x5579ae81d270;
 .timescale 0 0;
    .port_info 0 /INPUT 8 "R"
    .port_info 1 /INPUT 1 "Rin"
    .port_info 2 /INPUT 1 "clk"
    .port_info 3 /OUTPUT 8 "Q"
P_0x5579ae8452c0 .param/l "n" 0 2 2, +C4<00000000000000000000000000001000>;
v0x5579ae846d80_0 .var "Q", 7 0;
v0x5579ae846e80_0 .net8 "R", 7 0, RS_0x7f19315c2708;  alias, 6 drivers
v0x5579ae846f90_0 .net "Rin", 0 0, L_0x5579ae8519e0;  1 drivers
v0x5579ae847030_0 .net "clk", 0 0, v0x5579ae84e950_0;  alias, 1 drivers
S_0x5579ae847180 .scope module, "reg_3" "regn" 2 95, 2 1 0, S_0x5579ae81d270;
 .timescale 0 0;
    .port_info 0 /INPUT 8 "R"
    .port_info 1 /INPUT 1 "Rin"
    .port_info 2 /INPUT 1 "clk"
    .port_info 3 /OUTPUT 8 "Q"
P_0x5579ae847300 .param/l "n" 0 2 2, +C4<00000000000000000000000000001000>;
v0x5579ae847440_0 .var "Q", 7 0;
v0x5579ae847540_0 .net8 "R", 7 0, RS_0x7f19315c2708;  alias, 6 drivers
v0x5579ae847600_0 .net "Rin", 0 0, L_0x5579ae851a80;  1 drivers
v0x5579ae8476d0_0 .net "clk", 0 0, v0x5579ae84e950_0;  alias, 1 drivers
S_0x5579ae847820 .scope module, "reg_A" "regn" 2 101, 2 1 0, S_0x5579ae81d270;
 .timescale 0 0;
    .port_info 0 /INPUT 8 "R"
    .port_info 1 /INPUT 1 "Rin"
    .port_info 2 /INPUT 1 "clk"
    .port_info 3 /OUTPUT 8 "Q"
P_0x5579ae8479f0 .param/l "n" 0 2 2, +C4<00000000000000000000000000001000>;
v0x5579ae847b30_0 .var "Q", 7 0;
v0x5579ae847c30_0 .net8 "R", 7 0, RS_0x7f19315c2708;  alias, 6 drivers
v0x5579ae847cf0_0 .net "Rin", 0 0, L_0x5579ae850890;  alias, 1 drivers
v0x5579ae847dc0_0 .net "clk", 0 0, v0x5579ae84e950_0;  alias, 1 drivers
S_0x5579ae847f10 .scope module, "reg_G" "regn" 2 112, 2 1 0, S_0x5579ae81d270;
 .timescale 0 0;
    .port_info 0 /INPUT 8 "R"
    .port_info 1 /INPUT 1 "Rin"
    .port_info 2 /INPUT 1 "clk"
    .port_info 3 /OUTPUT 8 "Q"
P_0x5579ae848090 .param/l "n" 0 2 2, +C4<00000000000000000000000000001000>;
v0x5579ae8481d0_0 .var "Q", 7 0;
v0x5579ae8482d0_0 .net "R", 7 0, v0x5579ae84c210_0;  1 drivers
v0x5579ae8483b0_0 .net "Rin", 0 0, L_0x5579ae850780;  alias, 1 drivers
v0x5579ae848480_0 .net "clk", 0 0, v0x5579ae84e950_0;  alias, 1 drivers
S_0x5579ae8485d0 .scope module, "tri_0" "trin" 2 97, 2 13 0, S_0x5579ae81d270;
 .timescale 0 0;
    .port_info 0 /INPUT 8 "Y"
    .port_info 1 /INPUT 1 "E"
    .port_info 2 /OUTPUT 8 "F"
P_0x5579ae8487a0 .param/l "n" 0 2 14, +C4<00000000000000000000000000001000>;
v0x5579ae8488b0_0 .net "E", 0 0, L_0x5579ae851cb0;  1 drivers
v0x5579ae848990_0 .net8 "F", 7 0, RS_0x7f19315c2708;  alias, 6 drivers
v0x5579ae848a50_0 .net "Y", 7 0, v0x5579ae846010_0;  alias, 1 drivers
o0x7f19315c2e28 .functor BUFZ 8, C4<zzzzzzzz>; HiZ drive
; Elide local net with no drivers, v0x5579ae848b50_0 name=_s0
L_0x5579ae851c10 .functor MUXZ 8, o0x7f19315c2e28, v0x5579ae846010_0, L_0x5579ae851cb0, C4<>;
S_0x5579ae848c90 .scope module, "tri_1" "trin" 2 98, 2 13 0, S_0x5579ae81d270;
 .timescale 0 0;
    .port_info 0 /INPUT 8 "Y"
    .port_info 1 /INPUT 1 "E"
    .port_info 2 /OUTPUT 8 "F"
P_0x5579ae848e60 .param/l "n" 0 2 14, +C4<00000000000000000000000000001000>;
v0x5579ae848f80_0 .net "E", 0 0, L_0x5579ae851df0;  1 drivers
v0x5579ae849060_0 .net8 "F", 7 0, RS_0x7f19315c2708;  alias, 6 drivers
v0x5579ae849120_0 .net "Y", 7 0, v0x5579ae8466d0_0;  alias, 1 drivers
o0x7f19315c2f18 .functor BUFZ 8, C4<zzzzzzzz>; HiZ drive
; Elide local net with no drivers, v0x5579ae849220_0 name=_s0
L_0x5579ae851d50 .functor MUXZ 8, o0x7f19315c2f18, v0x5579ae8466d0_0, L_0x5579ae851df0, C4<>;
S_0x5579ae849360 .scope module, "tri_2" "trin" 2 99, 2 13 0, S_0x5579ae81d270;
 .timescale 0 0;
    .port_info 0 /INPUT 8 "Y"
    .port_info 1 /INPUT 1 "E"
    .port_info 2 /OUTPUT 8 "F"
P_0x5579ae849530 .param/l "n" 0 2 14, +C4<00000000000000000000000000001000>;
v0x5579ae849650_0 .net "E", 0 0, L_0x5579ae8522e0;  1 drivers
v0x5579ae849730_0 .net8 "F", 7 0, RS_0x7f19315c2708;  alias, 6 drivers
v0x5579ae8497f0_0 .net "Y", 7 0, v0x5579ae846d80_0;  alias, 1 drivers
o0x7f19315c3008 .functor BUFZ 8, C4<zzzzzzzz>; HiZ drive
; Elide local net with no drivers, v0x5579ae8498f0_0 name=_s0
L_0x5579ae852030 .functor MUXZ 8, o0x7f19315c3008, v0x5579ae846d80_0, L_0x5579ae8522e0, C4<>;
S_0x5579ae849a30 .scope module, "tri_3" "trin" 2 100, 2 13 0, S_0x5579ae81d270;
 .timescale 0 0;
    .port_info 0 /INPUT 8 "Y"
    .port_info 1 /INPUT 1 "E"
    .port_info 2 /OUTPUT 8 "F"
P_0x5579ae849c00 .param/l "n" 0 2 14, +C4<00000000000000000000000000001000>;
v0x5579ae849d20_0 .net "E", 0 0, L_0x5579ae8524a0;  1 drivers
v0x5579ae849e00_0 .net8 "F", 7 0, RS_0x7f19315c2708;  alias, 6 drivers
v0x5579ae849ec0_0 .net "Y", 7 0, v0x5579ae847440_0;  alias, 1 drivers
o0x7f19315c30f8 .functor BUFZ 8, C4<zzzzzzzz>; HiZ drive
; Elide local net with no drivers, v0x5579ae849fc0_0 name=_s0
L_0x5579ae8523d0 .functor MUXZ 8, o0x7f19315c30f8, v0x5579ae847440_0, L_0x5579ae8524a0, C4<>;
S_0x5579ae84a100 .scope module, "tri_G" "trin" 2 113, 2 13 0, S_0x5579ae81d270;
 .timescale 0 0;
    .port_info 0 /INPUT 8 "Y"
    .port_info 1 /INPUT 1 "E"
    .port_info 2 /OUTPUT 8 "F"
P_0x5579ae84a2d0 .param/l "n" 0 2 14, +C4<00000000000000000000000000001000>;
v0x5579ae84a3f0_0 .net "E", 0 0, L_0x5579ae851400;  alias, 1 drivers
v0x5579ae84a4d0_0 .net8 "F", 7 0, RS_0x7f19315c2708;  alias, 6 drivers
v0x5579ae84a590_0 .net "Y", 7 0, v0x5579ae8481d0_0;  alias, 1 drivers
o0x7f19315c31e8 .functor BUFZ 8, C4<zzzzzzzz>; HiZ drive
; Elide local net with no drivers, v0x5579ae84a690_0 name=_s0
L_0x5579ae8526a0 .functor MUXZ 8, o0x7f19315c31e8, v0x5579ae8481d0_0, L_0x5579ae851400, C4<>;
S_0x5579ae84a7d0 .scope module, "tri_ext" "trin" 2 91, 2 13 0, S_0x5579ae81d270;
 .timescale 0 0;
    .port_info 0 /INPUT 8 "Y"
    .port_info 1 /INPUT 1 "E"
    .port_info 2 /OUTPUT 8 "F"
P_0x5579ae84a9a0 .param/l "n" 0 2 14, +C4<00000000000000000000000000001000>;
v0x5579ae84aac0_0 .net "E", 0 0, L_0x5579ae84f8f0;  alias, 1 drivers
v0x5579ae84aba0_0 .net8 "F", 7 0, RS_0x7f19315c2708;  alias, 6 drivers
v0x5579ae84ac60_0 .net "Y", 7 0, v0x5579ae84e9f0_0;  alias, 1 drivers
o0x7f19315c3308 .functor BUFZ 8, C4<zzzzzzzz>; HiZ drive
; Elide local net with no drivers, v0x5579ae84ad50_0 name=_s0
L_0x5579ae8516d0 .functor MUXZ 8, o0x7f19315c3308, v0x5579ae84e9f0_0, L_0x5579ae84f8f0, C4<>;
    .scope S_0x5579ae81c7e0;
T_0 ;
    %wait E_0x5579ae7f2940;
    %load/vec4 v0x5579ae821600_0;
    %flag_set/vec4 8;
    %jmp/0xz  T_0.0, 8;
    %pushi/vec4 0, 0, 2;
    %assign/vec4 v0x5579ae80e3c0_0, 0;
    %jmp T_0.1;
T_0.0 ;
    %load/vec4 v0x5579ae80e3c0_0;
    %addi 1, 0, 2;
    %assign/vec4 v0x5579ae80e3c0_0, 0;
T_0.1 ;
    %jmp T_0;
    .thread T_0;
    .scope S_0x5579ae844730;
T_1 ;
    %wait E_0x5579ae828560;
    %load/vec4 v0x5579ae844a90_0;
    %dup/vec4;
    %pushi/vec4 0, 0, 2;
    %cmp/u;
    %jmp/1 T_1.0, 6;
    %dup/vec4;
    %pushi/vec4 1, 0, 2;
    %cmp/u;
    %jmp/1 T_1.1, 6;
    %dup/vec4;
    %pushi/vec4 2, 0, 2;
    %cmp/u;
    %jmp/1 T_1.2, 6;
    %dup/vec4;
    %pushi/vec4 3, 0, 2;
    %cmp/u;
    %jmp/1 T_1.3, 6;
    %pushi/vec4 0, 0, 4;
    %store/vec4 v0x5579ae8449b0_0, 0, 4;
    %jmp T_1.5;
T_1.0 ;
    %pushi/vec4 1, 0, 4;
    %store/vec4 v0x5579ae8449b0_0, 0, 4;
    %jmp T_1.5;
T_1.1 ;
    %pushi/vec4 2, 0, 4;
    %store/vec4 v0x5579ae8449b0_0, 0, 4;
    %jmp T_1.5;
T_1.2 ;
    %pushi/vec4 4, 0, 4;
    %store/vec4 v0x5579ae8449b0_0, 0, 4;
    %jmp T_1.5;
T_1.3 ;
    %pushi/vec4 8, 0, 4;
    %store/vec4 v0x5579ae8449b0_0, 0, 4;
    %jmp T_1.5;
T_1.5 ;
    %pop/vec4 1;
    %jmp T_1;
    .thread T_1, $push;
    .scope S_0x5579ae8456e0;
T_2 ;
    %pushi/vec4 0, 0, 6;
    %store/vec4 v0x5579ae845980_0, 0, 6;
    %end;
    .thread T_2;
    .scope S_0x5579ae8456e0;
T_3 ;
    %wait E_0x5579ae7f2940;
    %load/vec4 v0x5579ae845b40_0;
    %flag_set/vec4 8;
    %jmp/0xz  T_3.0, 8;
    %load/vec4 v0x5579ae845a60_0;
    %assign/vec4 v0x5579ae845980_0, 0;
T_3.0 ;
    %jmp T_3;
    .thread T_3;
    .scope S_0x5579ae8443b0;
T_4 ;
    %wait E_0x5579ae828fa0;
    %load/vec4 v0x5579ae81d620_0;
    %dup/vec4;
    %pushi/vec4 0, 0, 2;
    %cmp/u;
    %jmp/1 T_4.0, 6;
    %dup/vec4;
    %pushi/vec4 1, 0, 2;
    %cmp/u;
    %jmp/1 T_4.1, 6;
    %dup/vec4;
    %pushi/vec4 2, 0, 2;
    %cmp/u;
    %jmp/1 T_4.2, 6;
    %dup/vec4;
    %pushi/vec4 3, 0, 2;
    %cmp/u;
    %jmp/1 T_4.3, 6;
    %pushi/vec4 0, 0, 4;
    %store/vec4 v0x5579ae81e330_0, 0, 4;
    %jmp T_4.5;
T_4.0 ;
    %pushi/vec4 1, 0, 4;
    %store/vec4 v0x5579ae81e330_0, 0, 4;
    %jmp T_4.5;
T_4.1 ;
    %pushi/vec4 2, 0, 4;
    %store/vec4 v0x5579ae81e330_0, 0, 4;
    %jmp T_4.5;
T_4.2 ;
    %pushi/vec4 4, 0, 4;
    %store/vec4 v0x5579ae81e330_0, 0, 4;
    %jmp T_4.5;
T_4.3 ;
    %pushi/vec4 8, 0, 4;
    %store/vec4 v0x5579ae81e330_0, 0, 4;
    %jmp T_4.5;
T_4.5 ;
    %pop/vec4 1;
    %jmp T_4;
    .thread T_4, $push;
    .scope S_0x5579ae844b90;
T_5 ;
    %wait E_0x5579ae828830;
    %load/vec4 v0x5579ae844fb0_0;
    %dup/vec4;
    %pushi/vec4 0, 0, 2;
    %cmp/u;
    %jmp/1 T_5.0, 6;
    %dup/vec4;
    %pushi/vec4 1, 0, 2;
    %cmp/u;
    %jmp/1 T_5.1, 6;
    %dup/vec4;
    %pushi/vec4 2, 0, 2;
    %cmp/u;
    %jmp/1 T_5.2, 6;
    %dup/vec4;
    %pushi/vec4 3, 0, 2;
    %cmp/u;
    %jmp/1 T_5.3, 6;
    %pushi/vec4 0, 0, 4;
    %store/vec4 v0x5579ae844ed0_0, 0, 4;
    %jmp T_5.5;
T_5.0 ;
    %pushi/vec4 1, 0, 4;
    %store/vec4 v0x5579ae844ed0_0, 0, 4;
    %jmp T_5.5;
T_5.1 ;
    %pushi/vec4 2, 0, 4;
    %store/vec4 v0x5579ae844ed0_0, 0, 4;
    %jmp T_5.5;
T_5.2 ;
    %pushi/vec4 4, 0, 4;
    %store/vec4 v0x5579ae844ed0_0, 0, 4;
    %jmp T_5.5;
T_5.3 ;
    %pushi/vec4 8, 0, 4;
    %store/vec4 v0x5579ae844ed0_0, 0, 4;
    %jmp T_5.5;
T_5.5 ;
    %pop/vec4 1;
    %jmp T_5;
    .thread T_5, $push;
    .scope S_0x5579ae8450f0;
T_6 ;
    %wait E_0x5579ae845360;
    %load/vec4 v0x5579ae8455a0_0;
    %dup/vec4;
    %pushi/vec4 0, 0, 2;
    %cmp/u;
    %jmp/1 T_6.0, 6;
    %dup/vec4;
    %pushi/vec4 1, 0, 2;
    %cmp/u;
    %jmp/1 T_6.1, 6;
    %dup/vec4;
    %pushi/vec4 2, 0, 2;
    %cmp/u;
    %jmp/1 T_6.2, 6;
    %dup/vec4;
    %pushi/vec4 3, 0, 2;
    %cmp/u;
    %jmp/1 T_6.3, 6;
    %pushi/vec4 0, 0, 4;
    %store/vec4 v0x5579ae8454c0_0, 0, 4;
    %jmp T_6.5;
T_6.0 ;
    %pushi/vec4 1, 0, 4;
    %store/vec4 v0x5579ae8454c0_0, 0, 4;
    %jmp T_6.5;
T_6.1 ;
    %pushi/vec4 2, 0, 4;
    %store/vec4 v0x5579ae8454c0_0, 0, 4;
    %jmp T_6.5;
T_6.2 ;
    %pushi/vec4 4, 0, 4;
    %store/vec4 v0x5579ae8454c0_0, 0, 4;
    %jmp T_6.5;
T_6.3 ;
    %pushi/vec4 8, 0, 4;
    %store/vec4 v0x5579ae8454c0_0, 0, 4;
    %jmp T_6.5;
T_6.5 ;
    %pop/vec4 1;
    %jmp T_6;
    .thread T_6, $push;
    .scope S_0x5579ae845d70;
T_7 ;
    %pushi/vec4 0, 0, 8;
    %store/vec4 v0x5579ae846010_0, 0, 8;
    %end;
    .thread T_7;
    .scope S_0x5579ae845d70;
T_8 ;
    %wait E_0x5579ae7f2940;
    %load/vec4 v0x5579ae8461f0_0;
    %flag_set/vec4 8;
    %jmp/0xz  T_8.0, 8;
    %load/vec4 v0x5579ae846110_0;
    %assign/vec4 v0x5579ae846010_0, 0;
T_8.0 ;
    %jmp T_8;
    .thread T_8;
    .scope S_0x5579ae846430;
T_9 ;
    %pushi/vec4 0, 0, 8;
    %store/vec4 v0x5579ae8466d0_0, 0, 8;
    %end;
    .thread T_9;
    .scope S_0x5579ae846430;
T_10 ;
    %wait E_0x5579ae7f2940;
    %load/vec4 v0x5579ae8468c0_0;
    %flag_set/vec4 8;
    %jmp/0xz  T_10.0, 8;
    %load/vec4 v0x5579ae8467d0_0;
    %assign/vec4 v0x5579ae8466d0_0, 0;
T_10.0 ;
    %jmp T_10;
    .thread T_10;
    .scope S_0x5579ae846ac0;
T_11 ;
    %pushi/vec4 0, 0, 8;
    %store/vec4 v0x5579ae846d80_0, 0, 8;
    %end;
    .thread T_11;
    .scope S_0x5579ae846ac0;
T_12 ;
    %wait E_0x5579ae7f2940;
    %load/vec4 v0x5579ae846f90_0;
    %flag_set/vec4 8;
    %jmp/0xz  T_12.0, 8;
    %load/vec4 v0x5579ae846e80_0;
    %assign/vec4 v0x5579ae846d80_0, 0;
T_12.0 ;
    %jmp T_12;
    .thread T_12;
    .scope S_0x5579ae847180;
T_13 ;
    %pushi/vec4 0, 0, 8;
    %store/vec4 v0x5579ae847440_0, 0, 8;
    %end;
    .thread T_13;
    .scope S_0x5579ae847180;
T_14 ;
    %wait E_0x5579ae7f2940;
    %load/vec4 v0x5579ae847600_0;
    %flag_set/vec4 8;
    %jmp/0xz  T_14.0, 8;
    %load/vec4 v0x5579ae847540_0;
    %assign/vec4 v0x5579ae847440_0, 0;
T_14.0 ;
    %jmp T_14;
    .thread T_14;
    .scope S_0x5579ae847820;
T_15 ;
    %pushi/vec4 0, 0, 8;
    %store/vec4 v0x5579ae847b30_0, 0, 8;
    %end;
    .thread T_15;
    .scope S_0x5579ae847820;
T_16 ;
    %wait E_0x5579ae7f2940;
    %load/vec4 v0x5579ae847cf0_0;
    %flag_set/vec4 8;
    %jmp/0xz  T_16.0, 8;
    %load/vec4 v0x5579ae847c30_0;
    %assign/vec4 v0x5579ae847b30_0, 0;
T_16.0 ;
    %jmp T_16;
    .thread T_16;
    .scope S_0x5579ae847f10;
T_17 ;
    %pushi/vec4 0, 0, 8;
    %store/vec4 v0x5579ae8481d0_0, 0, 8;
    %end;
    .thread T_17;
    .scope S_0x5579ae847f10;
T_18 ;
    %wait E_0x5579ae7f2940;
    %load/vec4 v0x5579ae8483b0_0;
    %flag_set/vec4 8;
    %jmp/0xz  T_18.0, 8;
    %load/vec4 v0x5579ae8482d0_0;
    %assign/vec4 v0x5579ae8481d0_0, 0;
T_18.0 ;
    %jmp T_18;
    .thread T_18;
    .scope S_0x5579ae81d270;
T_19 ;
    %wait E_0x5579ae7f2cf0;
    %pushi/vec4 0, 0, 32;
    %store/vec4 v0x5579ae84e110_0, 0, 32;
T_19.0 ;
    %load/vec4 v0x5579ae84e110_0;
    %cmpi/s 4, 0, 32;
    %jmp/0xz T_19.1, 5;
    %load/vec4 v0x5579ae84b8b0_0;
    %parti/s 1, 0, 2;
    %load/vec4 v0x5579ae84b8b0_0;
    %parti/s 1, 1, 2;
    %or;
    %load/vec4 v0x5579ae84c2d0_0;
    %parti/s 1, 1, 2;
    %and;
    %load/vec4 v0x5579ae84c370_0;
    %load/vec4 v0x5579ae84e110_0;
    %part/s 1;
    %and;
    %load/vec4 v0x5579ae84b8b0_0;
    %parti/s 1, 2, 3;
    %load/vec4 v0x5579ae84b8b0_0;
    %parti/s 1, 3, 3;
    %or;
    %load/vec4 v0x5579ae84c2d0_0;
    %parti/s 1, 3, 3;
    %and;
    %load/vec4 v0x5579ae84c370_0;
    %load/vec4 v0x5579ae84e110_0;
    %part/s 1;
    %and;
    %or;
    %pushi/vec4 3, 0, 34;
    %load/vec4 v0x5579ae84e110_0;
    %pad/s 34;
    %sub;
    %ix/vec4/s 4;
    %store/vec4 v0x5579ae84be90_0, 4, 1;
    %load/vec4 v0x5579ae84b8b0_0;
    %parti/s 1, 1, 2;
    %load/vec4 v0x5579ae84c2d0_0;
    %parti/s 1, 1, 2;
    %and;
    %load/vec4 v0x5579ae84c410_0;
    %load/vec4 v0x5579ae84e110_0;
    %part/s 1;
    %and;
    %load/vec4 v0x5579ae84b8b0_0;
    %parti/s 1, 2, 3;
    %load/vec4 v0x5579ae84b8b0_0;
    %parti/s 1, 3, 3;
    %or;
    %load/vec4 v0x5579ae84c2d0_0;
    %parti/s 1, 1, 2;
    %load/vec4 v0x5579ae84c370_0;
    %load/vec4 v0x5579ae84e110_0;
    %part/s 1;
    %and;
    %load/vec4 v0x5579ae84c2d0_0;
    %parti/s 1, 2, 3;
    %load/vec4 v0x5579ae84c410_0;
    %load/vec4 v0x5579ae84e110_0;
    %part/s 1;
    %and;
    %or;
    %and;
    %or;
    %pushi/vec4 3, 0, 34;
    %load/vec4 v0x5579ae84e110_0;
    %pad/s 34;
    %sub;
    %ix/vec4/s 4;
    %store/vec4 v0x5579ae84bf70_0, 4, 1;
    %load/vec4 v0x5579ae84e110_0;
    %addi 1, 0, 32;
    %store/vec4 v0x5579ae84e110_0, 0, 32;
    %jmp T_19.0;
T_19.1 ;
    %jmp T_19;
    .thread T_19, $push;
    .scope S_0x5579ae81d270;
T_20 ;
    %wait E_0x5579ae7f2a80;
    %load/vec4 v0x5579ae84afa0_0;
    %nor/r;
    %flag_set/vec4 8;
    %jmp/0xz  T_20.0, 8;
    %load/vec4 v0x5579ae84aeb0_0;
    %load/vec4 v0x5579ae84b140_0;
    %add;
    %store/vec4 v0x5579ae84c210_0, 0, 8;
    %jmp T_20.1;
T_20.0 ;
    %load/vec4 v0x5579ae84aeb0_0;
    %load/vec4 v0x5579ae84b140_0;
    %sub;
    %store/vec4 v0x5579ae84c210_0, 0, 8;
T_20.1 ;
    %jmp T_20;
    .thread T_20, $push;
    .scope S_0x5579ae80d3c0;
T_21 ;
    %pushi/vec4 0, 0, 8;
    %store/vec4 v0x5579ae84e9f0_0, 0, 8;
    %pushi/vec4 1, 0, 1;
    %store/vec4 v0x5579ae84eae0_0, 0, 1;
    %pushi/vec4 0, 0, 1;
    %store/vec4 v0x5579ae84eb80_0, 0, 1;
    %pushi/vec4 0, 0, 1;
    %store/vec4 v0x5579ae84e950_0, 0, 1;
    %pushi/vec4 0, 0, 2;
    %store/vec4 v0x5579ae84e690_0, 0, 2;
    %pushi/vec4 0, 0, 2;
    %store/vec4 v0x5579ae84e790_0, 0, 2;
    %pushi/vec4 0, 0, 2;
    %store/vec4 v0x5579ae84e860_0, 0, 2;
    %end;
    .thread T_21;
    .scope S_0x5579ae80d3c0;
T_22 ;
T_22.0 ;
    %delay 5000, 0;
    %load/vec4 v0x5579ae84e950_0;
    %inv;
    %store/vec4 v0x5579ae84e950_0, 0, 1;
    %jmp T_22.0;
    %end;
    .thread T_22;
    .scope S_0x5579ae80d3c0;
T_23 ;
    %delay 20000, 0;
    %pushi/vec4 0, 0, 1;
    %store/vec4 v0x5579ae84eae0_0, 0, 1;
    %pushi/vec4 42, 0, 8;
    %assign/vec4 v0x5579ae84e9f0_0, 0;
    %pushi/vec4 0, 0, 2;
    %assign/vec4 v0x5579ae84e690_0, 0;
    %pushi/vec4 0, 0, 2;
    %assign/vec4 v0x5579ae84e790_0, 0;
    %pushi/vec4 0, 0, 2;
    %assign/vec4 v0x5579ae84e860_0, 0;
    %pushi/vec4 1, 0, 1;
    %assign/vec4 v0x5579ae84eb80_0, 0;
    %delay 10000, 0;
    %pushi/vec4 0, 0, 1;
    %store/vec4 v0x5579ae84eb80_0, 0, 1;
    %delay 20000, 0;
    %delay 10000, 0;
    %pushi/vec4 85, 0, 8;
    %assign/vec4 v0x5579ae84e9f0_0, 0;
    %pushi/vec4 0, 0, 2;
    %assign/vec4 v0x5579ae84e690_0, 0;
    %pushi/vec4 1, 0, 2;
    %assign/vec4 v0x5579ae84e790_0, 0;
    %pushi/vec4 0, 0, 2;
    %assign/vec4 v0x5579ae84e860_0, 0;
    %pushi/vec4 1, 0, 1;
    %assign/vec4 v0x5579ae84eb80_0, 0;
    %delay 10000, 0;
    %pushi/vec4 0, 0, 1;
    %assign/vec4 v0x5579ae84eb80_0, 0;
    %delay 20000, 0;
    %delay 10000, 0;
    %pushi/vec4 34, 0, 8;
    %assign/vec4 v0x5579ae84e9f0_0, 0;
    %pushi/vec4 0, 0, 2;
    %assign/vec4 v0x5579ae84e690_0, 0;
    %pushi/vec4 2, 0, 2;
    %assign/vec4 v0x5579ae84e790_0, 0;
    %pushi/vec4 0, 0, 2;
    %assign/vec4 v0x5579ae84e860_0, 0;
    %pushi/vec4 1, 0, 1;
    %assign/vec4 v0x5579ae84eb80_0, 0;
    %delay 10000, 0;
    %pushi/vec4 0, 0, 1;
    %assign/vec4 v0x5579ae84eb80_0, 0;
    %delay 20000, 0;
    %delay 10000, 0;
    %pushi/vec4 0, 0, 8;
    %assign/vec4 v0x5579ae84e9f0_0, 0;
    %pushi/vec4 2, 0, 2;
    %assign/vec4 v0x5579ae84e690_0, 0;
    %pushi/vec4 1, 0, 2;
    %assign/vec4 v0x5579ae84e790_0, 0;
    %pushi/vec4 0, 0, 2;
    %assign/vec4 v0x5579ae84e860_0, 0;
    %pushi/vec4 1, 0, 1;
    %assign/vec4 v0x5579ae84eb80_0, 0;
    %delay 10000, 0;
    %pushi/vec4 0, 0, 1;
    %assign/vec4 v0x5579ae84eb80_0, 0;
    %delay 20000, 0;
    %delay 10000, 0;
    %pushi/vec4 0, 0, 8;
    %assign/vec4 v0x5579ae84e9f0_0, 0;
    %pushi/vec4 3, 0, 2;
    %assign/vec4 v0x5579ae84e690_0, 0;
    %pushi/vec4 1, 0, 2;
    %assign/vec4 v0x5579ae84e790_0, 0;
    %pushi/vec4 0, 0, 2;
    %assign/vec4 v0x5579ae84e860_0, 0;
    %pushi/vec4 1, 0, 1;
    %assign/vec4 v0x5579ae84eb80_0, 0;
    %delay 10000, 0;
    %pushi/vec4 0, 0, 1;
    %assign/vec4 v0x5579ae84eb80_0, 0;
    %delay 20000, 0;
    %end;
    .thread T_23;
    .scope S_0x5579ae80d3c0;
T_24 ;
    %vpi_call 2 213 "$dumpfile", "processor.vcd" {0 0 0};
    %vpi_call 2 214 "$dumpvars" {0 0 0};
    %end;
    .thread T_24;
    .scope S_0x5579ae80d3c0;
T_25 ;
    %delay 250000, 0;
    %vpi_call 2 220 "$finish" {0 0 0};
    %end;
    .thread T_25;
# The file index is used to find the file name in the following table.
:file_names 3;
    "N/A";
    "<interactive>";
    "processor.v";
