#! /usr/bin/vvp
:ivl_version "10.3 (stable)";
:ivl_delay_selection "TYPICAL";
:vpi_time_precision - 12;
:vpi_module "system";
:vpi_module "vhdl_sys";
:vpi_module "v2005_math";
:vpi_module "va_math";
S_0x55fe1ad2bff0 .scope module, "tb_pla" "tb_pla" 2 81;
 .timescale -9 -12;
P_0x55fe1ad2c170 .param/l "PERIOD" 0 2 84, +C4<00000000000000000000000000001010>;
v0x55fe1ad49090_0 .net "W1", 7 0, v0x55fe1ad48a80_0;  1 drivers
v0x55fe1ad49170_0 .net "W2", 7 0, v0x55fe1ad48b80_0;  1 drivers
v0x55fe1ad49240_0 .var "x1", 2 0;
v0x55fe1ad49340_0 .var "x2", 2 0;
v0x55fe1ad49410_0 .net "y", 0 0, v0x55fe1ad48f30_0;  1 drivers
S_0x55fe1aced030 .scope module, "u_pla" "pla" 2 98, 2 1 0, S_0x55fe1ad2bff0;
 .timescale 0 0;
    .port_info 0 /INPUT 3 "x1"
    .port_info 1 /INPUT 3 "x2"
    .port_info 2 /OUTPUT 1 "y"
    .port_info 3 /OUTPUT 8 "W1"
    .port_info 4 /OUTPUT 8 "W2"
v0x55fe1ad48a80_0 .var "W1", 7 0;
v0x55fe1ad48b80_0 .var "W2", 7 0;
v0x55fe1ad48c60_0 .var "sum", 7 0;
v0x55fe1ad48d20_0 .net "x1", 2 0, v0x55fe1ad49240_0;  1 drivers
v0x55fe1ad48e00_0 .net "x2", 2 0, v0x55fe1ad49340_0;  1 drivers
v0x55fe1ad48f30_0 .var "y", 0 0;
E_0x55fe1ad22520 .event edge, v0x55fe1ad48e00_0, v0x55fe1ad48d20_0;
S_0x55fe1aced2d0 .scope function, "w1w2" "w1w2" 2 9, 2 9 0, S_0x55fe1aced030;
 .timescale 0 0;
v0x55fe1ad2c260_0 .var/i "k", 31 0;
v0x55fe1ad484e0_0 .var "rand", 1 0;
v0x55fe1ad485c0_0 .var "v1", 7 0;
v0x55fe1ad486b0_0 .var "v2", 7 0;
v0x55fe1ad48790_0 .var "w1", 7 0;
v0x55fe1ad488c0_0 .var "w1w2", 15 0;
v0x55fe1ad489a0_0 .var "w2", 7 0;
TD_tb_pla.u_pla.w1w2 ;
    %load/vec4 v0x55fe1ad485c0_0;
    %store/vec4 v0x55fe1ad48790_0, 0, 8;
    %load/vec4 v0x55fe1ad486b0_0;
    %store/vec4 v0x55fe1ad489a0_0, 0, 8;
    %pushi/vec4 1, 0, 32;
    %store/vec4 v0x55fe1ad2c260_0, 0, 32;
T_0.0 ;
    %load/vec4 v0x55fe1ad2c260_0;
    %cmpi/s 60, 0, 32;
    %flag_or 5, 4;
    %jmp/0xz T_0.1, 5;
    %vpi_func 2 19 "$random" 32 {0 0 0};
    %pushi/vec4 10, 0, 32;
    %mod;
    %pad/u 2;
    %store/vec4 v0x55fe1ad484e0_0, 0, 2;
    %load/vec4 v0x55fe1ad484e0_0;
    %pad/u 32;
    %cmpi/e 0, 0, 32;
    %jmp/0xz  T_0.2, 4;
    %load/vec4 v0x55fe1ad489a0_0;
    %addi 2, 0, 8;
    %store/vec4 v0x55fe1ad489a0_0, 0, 8;
    %jmp T_0.3;
T_0.2 ;
    %load/vec4 v0x55fe1ad484e0_0;
    %pad/u 32;
    %cmpi/e 1, 0, 32;
    %jmp/0xz  T_0.4, 4;
    %load/vec4 v0x55fe1ad489a0_0;
    %addi 1, 0, 8;
    %store/vec4 v0x55fe1ad489a0_0, 0, 8;
    %jmp T_0.5;
T_0.4 ;
    %load/vec4 v0x55fe1ad484e0_0;
    %pad/u 32;
    %cmpi/e 2, 0, 32;
    %jmp/0xz  T_0.6, 4;
    %load/vec4 v0x55fe1ad48790_0;
    %subi 2, 0, 8;
    %store/vec4 v0x55fe1ad48790_0, 0, 8;
    %jmp T_0.7;
T_0.6 ;
    %load/vec4 v0x55fe1ad484e0_0;
    %pad/u 32;
    %cmpi/e 3, 0, 32;
    %jmp/0xz  T_0.8, 4;
    %load/vec4 v0x55fe1ad48790_0;
    %subi 2, 0, 8;
    %store/vec4 v0x55fe1ad48790_0, 0, 8;
    %load/vec4 v0x55fe1ad489a0_0;
    %subi 2, 0, 8;
    %store/vec4 v0x55fe1ad489a0_0, 0, 8;
    %jmp T_0.9;
T_0.8 ;
    %load/vec4 v0x55fe1ad484e0_0;
    %pad/u 32;
    %cmpi/e 4, 0, 32;
    %jmp/0xz  T_0.10, 4;
    %load/vec4 v0x55fe1ad489a0_0;
    %subi 3, 0, 8;
    %store/vec4 v0x55fe1ad489a0_0, 0, 8;
    %jmp T_0.11;
T_0.10 ;
    %load/vec4 v0x55fe1ad484e0_0;
    %pad/u 32;
    %cmpi/e 5, 0, 32;
    %jmp/0xz  T_0.12, 4;
    %load/vec4 v0x55fe1ad48790_0;
    %subi 1, 0, 8;
    %store/vec4 v0x55fe1ad48790_0, 0, 8;
    %jmp T_0.13;
T_0.12 ;
    %load/vec4 v0x55fe1ad484e0_0;
    %pad/u 32;
    %cmpi/e 6, 0, 32;
    %jmp/0xz  T_0.14, 4;
    %load/vec4 v0x55fe1ad48790_0;
    %subi 2, 0, 8;
    %store/vec4 v0x55fe1ad48790_0, 0, 8;
    %load/vec4 v0x55fe1ad489a0_0;
    %subi 1, 0, 8;
    %store/vec4 v0x55fe1ad489a0_0, 0, 8;
    %jmp T_0.15;
T_0.14 ;
    %load/vec4 v0x55fe1ad484e0_0;
    %pad/u 32;
    %cmpi/e 7, 0, 32;
    %jmp/0xz  T_0.16, 4;
    %load/vec4 v0x55fe1ad48790_0;
    %subi 1, 0, 8;
    %store/vec4 v0x55fe1ad48790_0, 0, 8;
    %load/vec4 v0x55fe1ad489a0_0;
    %subi 2, 0, 8;
    %store/vec4 v0x55fe1ad489a0_0, 0, 8;
    %jmp T_0.17;
T_0.16 ;
    %load/vec4 v0x55fe1ad484e0_0;
    %pad/u 32;
    %cmpi/e 8, 0, 32;
    %jmp/0xz  T_0.18, 4;
    %load/vec4 v0x55fe1ad48790_0;
    %addi 1, 0, 8;
    %store/vec4 v0x55fe1ad48790_0, 0, 8;
    %load/vec4 v0x55fe1ad489a0_0;
    %addi 4, 0, 8;
    %store/vec4 v0x55fe1ad489a0_0, 0, 8;
    %jmp T_0.19;
T_0.18 ;
    %load/vec4 v0x55fe1ad484e0_0;
    %pad/u 32;
    %cmpi/e 9, 0, 32;
    %jmp/0xz  T_0.20, 4;
    %load/vec4 v0x55fe1ad48790_0;
    %addi 0, 0, 8;
    %store/vec4 v0x55fe1ad48790_0, 0, 8;
    %load/vec4 v0x55fe1ad489a0_0;
    %addi 7, 0, 8;
    %store/vec4 v0x55fe1ad489a0_0, 0, 8;
T_0.20 ;
T_0.19 ;
T_0.17 ;
T_0.15 ;
T_0.13 ;
T_0.11 ;
T_0.9 ;
T_0.7 ;
T_0.5 ;
T_0.3 ;
    %load/vec4 v0x55fe1ad2c260_0;
    %addi 1, 0, 32;
    %store/vec4 v0x55fe1ad2c260_0, 0, 32;
    %jmp T_0.0;
T_0.1 ;
    %vpi_call 2 56 "$display", "w1 is %d, w2 is %d", v0x55fe1ad48790_0, v0x55fe1ad489a0_0 {0 0 0};
    %load/vec4 v0x55fe1ad48790_0;
    %load/vec4 v0x55fe1ad489a0_0;
    %concat/vec4; draw_concat_vec4
    %store/vec4 v0x55fe1ad488c0_0, 0, 16;
    %end;
    .scope S_0x55fe1aced030;
T_1 ;
    %pushi/vec4 1, 0, 8;
    %pushi/vec4 1, 0, 8;
    %store/vec4 v0x55fe1ad486b0_0, 0, 8;
    %store/vec4 v0x55fe1ad485c0_0, 0, 8;
    %fork TD_tb_pla.u_pla.w1w2, S_0x55fe1aced2d0;
    %join;
    %load/vec4  v0x55fe1ad488c0_0;
    %split/vec4 8;
    %store/vec4 v0x55fe1ad48b80_0, 0, 8;
    %store/vec4 v0x55fe1ad48a80_0, 0, 8;
    %end;
    .thread T_1;
    .scope S_0x55fe1aced030;
T_2 ;
    %wait E_0x55fe1ad22520;
    %load/vec4 v0x55fe1ad48a80_0;
    %load/vec4 v0x55fe1ad48d20_0;
    %pad/u 8;
    %mul;
    %load/vec4 v0x55fe1ad48b80_0;
    %load/vec4 v0x55fe1ad48e00_0;
    %pad/u 8;
    %mul;
    %add;
    %store/vec4 v0x55fe1ad48c60_0, 0, 8;
    %pushi/vec4 127, 0, 8;
    %load/vec4 v0x55fe1ad48c60_0;
    %cmp/u;
    %jmp/0xz  T_2.0, 5;
    %pushi/vec4 0, 0, 1;
    %store/vec4 v0x55fe1ad48f30_0, 0, 1;
    %jmp T_2.1;
T_2.0 ;
    %pushi/vec4 1, 0, 1;
    %store/vec4 v0x55fe1ad48f30_0, 0, 1;
T_2.1 ;
    %pushi/vec4 0, 0, 32;
    %load/vec4 v0x55fe1ad48c60_0;
    %pad/u 32;
    %cmp/u;
    %jmp/0xz  T_2.2, 5;
    %load/vec4 v0x55fe1ad48c60_0;
    %vpi_call 2 73 "$display", "(%d, %d), sum is %d, y is %d", v0x55fe1ad48d20_0, v0x55fe1ad48e00_0, S<0,vec4,s8>, v0x55fe1ad48f30_0 {1 0 0};
T_2.2 ;
    %jmp T_2;
    .thread T_2, $push;
    .scope S_0x55fe1ad2bff0;
T_3 ;
    %pushi/vec4 0, 0, 3;
    %store/vec4 v0x55fe1ad49240_0, 0, 3;
    %pushi/vec4 0, 0, 3;
    %store/vec4 v0x55fe1ad49340_0, 0, 3;
    %end;
    .thread T_3;
    .scope S_0x55fe1ad2bff0;
T_4 ;
    %vpi_call 2 108 "$dumpfile", "model.vcd" {0 0 0};
    %vpi_call 2 109 "$dumpvars" {0 0 0};
    %end;
    .thread T_4;
    .scope S_0x55fe1ad2bff0;
T_5 ;
    %pushi/vec4 0, 0, 3;
    %assign/vec4 v0x55fe1ad49240_0, 0;
    %pushi/vec4 2, 0, 3;
    %assign/vec4 v0x55fe1ad49340_0, 0;
    %delay 10000, 0;
    %pushi/vec4 0, 0, 3;
    %assign/vec4 v0x55fe1ad49240_0, 0;
    %pushi/vec4 1, 0, 3;
    %assign/vec4 v0x55fe1ad49340_0, 0;
    %delay 10000, 0;
    %pushi/vec4 2, 0, 3;
    %assign/vec4 v0x55fe1ad49240_0, 0;
    %pushi/vec4 0, 0, 3;
    %assign/vec4 v0x55fe1ad49340_0, 0;
    %delay 10000, 0;
    %pushi/vec4 2, 0, 3;
    %assign/vec4 v0x55fe1ad49240_0, 0;
    %pushi/vec4 2, 0, 3;
    %assign/vec4 v0x55fe1ad49340_0, 0;
    %delay 10000, 0;
    %pushi/vec4 1, 0, 3;
    %assign/vec4 v0x55fe1ad49240_0, 0;
    %pushi/vec4 1, 0, 3;
    %assign/vec4 v0x55fe1ad49340_0, 0;
    %delay 10000, 0;
    %pushi/vec4 1, 0, 3;
    %assign/vec4 v0x55fe1ad49240_0, 0;
    %pushi/vec4 7, 0, 3;
    %assign/vec4 v0x55fe1ad49340_0, 0;
    %delay 10000, 0;
    %pushi/vec4 2, 0, 3;
    %assign/vec4 v0x55fe1ad49240_0, 0;
    %pushi/vec4 3, 0, 3;
    %assign/vec4 v0x55fe1ad49340_0, 0;
    %delay 10000, 0;
    %pushi/vec4 0, 0, 3;
    %assign/vec4 v0x55fe1ad49240_0, 0;
    %pushi/vec4 7, 0, 3;
    %assign/vec4 v0x55fe1ad49340_0, 0;
    %delay 10000, 0;
    %pushi/vec4 1, 0, 3;
    %assign/vec4 v0x55fe1ad49240_0, 0;
    %pushi/vec4 2, 0, 3;
    %assign/vec4 v0x55fe1ad49340_0, 0;
    %delay 10000, 0;
    %pushi/vec4 1, 0, 3;
    %assign/vec4 v0x55fe1ad49240_0, 0;
    %pushi/vec4 2, 0, 3;
    %assign/vec4 v0x55fe1ad49340_0, 0;
    %delay 10000, 0;
    %vpi_call 2 143 "$finish" {0 0 0};
    %end;
    .thread T_5;
# The file index is used to find the file name in the following table.
:file_names 3;
    "N/A";
    "<interactive>";
    "model.v";
