#! /usr/bin/vvp
:ivl_version "10.3 (stable)";
:ivl_delay_selection "TYPICAL";
:vpi_time_precision - 12;
:vpi_module "system";
:vpi_module "vhdl_sys";
:vpi_module "v2005_math";
:vpi_module "va_math";
S_0x5624c6285400 .scope module, "tb_perc" "tb_perc" 2 43;
 .timescale -9 -12;
P_0x5624c6270bc0 .param/l "PERIOD" 0 2 46, +C4<00000000000000000000000000001010>;
P_0x5624c6270c00 .param/l "width" 0 2 47, +C4<00000000000000000000000000001000>;
v0x5624c62995e0_0 .var "clk", 0 0;
v0x5624c6299680_0 .var "data_in", 7 0;
v0x5624c6299750_0 .net "data_out", 0 0, v0x5624c62991c0_0;  1 drivers
S_0x5624c624b030 .scope module, "u_perc" "perc" 2 64, 2 1 0, S_0x5624c6285400;
 .timescale 0 0;
    .port_info 0 /INPUT 1 "clk"
    .port_info 1 /INPUT 8 "data_in"
    .port_info 2 /OUTPUT 1 "data_out"
P_0x5624c624b200 .param/l "width" 0 2 2, +C4<00000000000000000000000000001000>;
v0x5624c624b320_0 .net "clk", 0 0, v0x5624c62995e0_0;  1 drivers
v0x5624c62990e0_0 .net "data_in", 7 0, v0x5624c6299680_0;  1 drivers
v0x5624c62991c0_0 .var "data_out", 0 0;
v0x5624c6299290_0 .var/i "i", 31 0;
v0x5624c6299370_0 .var "sum", 11 0;
v0x5624c62994a0 .array "weigh", 0 7, 7 0;
E_0x5624c6280770 .event posedge, v0x5624c624b320_0;
    .scope S_0x5624c624b030;
T_0 ;
    %pushi/vec4 0, 0, 12;
    %store/vec4 v0x5624c6299370_0, 0, 12;
    %pushi/vec4 0, 0, 32;
    %store/vec4 v0x5624c6299290_0, 0, 32;
    %end;
    .thread T_0;
    .scope S_0x5624c624b030;
T_1 ;
    %pushi/vec4 3, 0, 8;
    %ix/load 3, 0, 0;
    %flag_set/imm 4, 0;
    %ix/load 4, 0, 0; Constant delay
    %assign/vec4/a/d v0x5624c62994a0, 0, 4;
    %pushi/vec4 6, 0, 8;
    %ix/load 3, 1, 0;
    %flag_set/imm 4, 0;
    %ix/load 4, 0, 0; Constant delay
    %assign/vec4/a/d v0x5624c62994a0, 0, 4;
    %pushi/vec4 12, 0, 8;
    %ix/load 3, 2, 0;
    %flag_set/imm 4, 0;
    %ix/load 4, 0, 0; Constant delay
    %assign/vec4/a/d v0x5624c62994a0, 0, 4;
    %pushi/vec4 24, 0, 8;
    %ix/load 3, 3, 0;
    %flag_set/imm 4, 0;
    %ix/load 4, 0, 0; Constant delay
    %assign/vec4/a/d v0x5624c62994a0, 0, 4;
    %pushi/vec4 48, 0, 8;
    %ix/load 3, 4, 0;
    %flag_set/imm 4, 0;
    %ix/load 4, 0, 0; Constant delay
    %assign/vec4/a/d v0x5624c62994a0, 0, 4;
    %pushi/vec4 96, 0, 8;
    %ix/load 3, 5, 0;
    %flag_set/imm 4, 0;
    %ix/load 4, 0, 0; Constant delay
    %assign/vec4/a/d v0x5624c62994a0, 0, 4;
    %pushi/vec4 192, 0, 8;
    %ix/load 3, 6, 0;
    %flag_set/imm 4, 0;
    %ix/load 4, 0, 0; Constant delay
    %assign/vec4/a/d v0x5624c62994a0, 0, 4;
    %pushi/vec4 192, 0, 8;
    %ix/load 3, 7, 0;
    %flag_set/imm 4, 0;
    %ix/load 4, 0, 0; Constant delay
    %assign/vec4/a/d v0x5624c62994a0, 0, 4;
    %end;
    .thread T_1;
    .scope S_0x5624c624b030;
T_2 ;
    %wait E_0x5624c6280770;
    %pushi/vec4 0, 0, 32;
    %store/vec4 v0x5624c6299290_0, 0, 32;
T_2.0 ;
    %load/vec4 v0x5624c6299290_0;
    %cmpi/s 8, 0, 32;
    %jmp/0xz T_2.1, 5;
    %load/vec4 v0x5624c6299370_0;
    %load/vec4 v0x5624c62990e0_0;
    %load/vec4 v0x5624c6299290_0;
    %part/s 1;
    %pad/u 12;
    %ix/getv/s 4, v0x5624c6299290_0;
    %load/vec4a v0x5624c62994a0, 4;
    %pad/u 12;
    %mul;
    %add;
    %store/vec4 v0x5624c6299370_0, 0, 12;
    %vpi_call 2 24 "$display", "i is %d, data_in is %d, weigh is %8b", v0x5624c6299290_0, &PV<v0x5624c62990e0_0, v0x5624c6299290_0, 1>, &A<v0x5624c62994a0, v0x5624c6299290_0 > {0 0 0};
    %load/vec4 v0x5624c6299290_0;
    %addi 1, 0, 32;
    %store/vec4 v0x5624c6299290_0, 0, 32;
    %jmp T_2.0;
T_2.1 ;
    %vpi_call 2 26 "$display", "sum is %b", v0x5624c6299370_0 {0 0 0};
    %pushi/vec4 255, 0, 12;
    %load/vec4 v0x5624c6299370_0;
    %cmp/u;
    %flag_or 5, 4;
    %jmp/0xz  T_2.2, 5;
    %pushi/vec4 1, 0, 1;
    %store/vec4 v0x5624c62991c0_0, 0, 1;
    %vpi_call 2 29 "$display", "Active!" {0 0 0};
    %jmp T_2.3;
T_2.2 ;
    %pushi/vec4 0, 0, 1;
    %store/vec4 v0x5624c62991c0_0, 0, 1;
    %vpi_call 2 33 "$display", "Inactive!" {0 0 0};
T_2.3 ;
    %jmp T_2;
    .thread T_2;
    .scope S_0x5624c6285400;
T_3 ;
    %pushi/vec4 0, 0, 1;
    %store/vec4 v0x5624c62995e0_0, 0, 1;
    %pushi/vec4 0, 0, 8;
    %store/vec4 v0x5624c6299680_0, 0, 8;
    %end;
    .thread T_3;
    .scope S_0x5624c6285400;
T_4 ;
T_4.0 ;
    %delay 5000, 0;
    %load/vec4 v0x5624c62995e0_0;
    %inv;
    %store/vec4 v0x5624c62995e0_0, 0, 1;
    %jmp T_4.0;
    %end;
    .thread T_4;
    .scope S_0x5624c6285400;
T_5 ;
    %pushi/vec4 240, 0, 8;
    %store/vec4 v0x5624c6299680_0, 0, 8;
    %delay 10000, 0;
    %vpi_call 2 76 "$finish" {0 0 0};
    %end;
    .thread T_5;
# The file index is used to find the file name in the following table.
:file_names 3;
    "N/A";
    "<interactive>";
    "perception.v";
