#! /c/Source/iverilog-install/bin/vvp
:ivl_version "12.0 (devel)" "(s20150603-1539-g2693dd32b)";
:ivl_delay_selection "TYPICAL";
:vpi_time_precision + 0;
:vpi_module "D:\iverilog\lib\ivl\system.vpi";
:vpi_module "D:\iverilog\lib\ivl\vhdl_sys.vpi";
:vpi_module "D:\iverilog\lib\ivl\vhdl_textio.vpi";
:vpi_module "D:\iverilog\lib\ivl\v2005_math.vpi";
:vpi_module "D:\iverilog\lib\ivl\va_math.vpi";
S_000002113c1369b0 .scope module, "ram" "ram" 2 1;
 .timescale 0 0;
    .port_info 0 /OUTPUT 8 "data";
    .port_info 1 /INPUT 6 "addr";
    .port_info 2 /INPUT 1 "read";
    .port_info 3 /INPUT 1 "write";
    .port_info 4 /INPUT 1 "ena";
v000002113c136b40_0 .var "R_0", 7 0;
v000002113c13bee0_0 .var "R_1", 7 0;
v000002113c136be0_0 .var "R_2", 7 0;
v000002113c136c80_0 .var "R_3", 7 0;
o000002113c188098 .functor BUFZ 6, C4<zzzzzz>; HiZ drive
v000002113c1cc850_0 .net "addr", 5 0, o000002113c188098;  0 drivers
v000002113c1cc8f0_0 .var "data", 7 0;
o000002113c1880f8 .functor BUFZ 8, C4<zzzzzzzz>; HiZ drive
v000002113c1cc990_0 .net "din", 7 0, o000002113c1880f8;  0 drivers
o000002113c188128 .functor BUFZ 1, C4<z>; HiZ drive
v000002113c1cca30_0 .net "ena", 0 0, o000002113c188128;  0 drivers
o000002113c188158 .functor BUFZ 1, C4<z>; HiZ drive
v000002113c1ccad0_0 .net "read", 0 0, o000002113c188158;  0 drivers
o000002113c188188 .functor BUFZ 1, C4<z>; HiZ drive
v000002113c1ccb70_0 .net "write", 0 0, o000002113c188188;  0 drivers
E_000002113c13aac0 .event anyedge, v000002113c1cca30_0, v000002113c1ccad0_0;
    .scope S_000002113c1369b0;
T_0 ;
    %pushi/vec4 240, 0, 8;
    %store/vec4 v000002113c136b40_0, 0, 8;
    %pushi/vec4 241, 0, 8;
    %store/vec4 v000002113c13bee0_0, 0, 8;
    %pushi/vec4 242, 0, 8;
    %store/vec4 v000002113c136be0_0, 0, 8;
    %pushi/vec4 243, 0, 8;
    %store/vec4 v000002113c136c80_0, 0, 8;
    %end;
    .thread T_0;
    .scope S_000002113c1369b0;
T_1 ;
    %wait E_000002113c13aac0;
    %load/vec4 v000002113c1cca30_0;
    %nor/r;
    %flag_set/vec4 8;
    %jmp/0xz  T_1.0, 8;
    %load/vec4 v000002113c1ccad0_0;
    %flag_set/vec4 8;
    %jmp/0xz  T_1.2, 8;
    %load/vec4 v000002113c1cc850_0;
    %dup/vec4;
    %pushi/vec4 0, 0, 6;
    %cmp/u;
    %jmp/1 T_1.4, 6;
    %dup/vec4;
    %pushi/vec4 1, 0, 6;
    %cmp/u;
    %jmp/1 T_1.5, 6;
    %dup/vec4;
    %pushi/vec4 2, 0, 6;
    %cmp/u;
    %jmp/1 T_1.6, 6;
    %dup/vec4;
    %pushi/vec4 3, 0, 6;
    %cmp/u;
    %jmp/1 T_1.7, 6;
    %pushi/vec4 0, 255, 8;
    %assign/vec4 v000002113c1cc8f0_0, 0;
    %jmp T_1.9;
T_1.4 ;
    %load/vec4 v000002113c136b40_0;
    %assign/vec4 v000002113c1cc8f0_0, 0;
    %jmp T_1.9;
T_1.5 ;
    %load/vec4 v000002113c13bee0_0;
    %assign/vec4 v000002113c1cc8f0_0, 0;
    %jmp T_1.9;
T_1.6 ;
    %load/vec4 v000002113c136be0_0;
    %assign/vec4 v000002113c1cc8f0_0, 0;
    %jmp T_1.9;
T_1.7 ;
    %load/vec4 v000002113c136c80_0;
    %assign/vec4 v000002113c1cc8f0_0, 0;
    %jmp T_1.9;
T_1.9 ;
    %pop/vec4 1;
    %jmp T_1.3;
T_1.2 ;
    %load/vec4 v000002113c1ccb70_0;
    %flag_set/vec4 8;
    %jmp/0xz  T_1.10, 8;
    %load/vec4 v000002113c1cc850_0;
    %dup/vec4;
    %pushi/vec4 0, 0, 6;
    %cmp/u;
    %jmp/1 T_1.12, 6;
    %dup/vec4;
    %pushi/vec4 1, 0, 6;
    %cmp/u;
    %jmp/1 T_1.13, 6;
    %dup/vec4;
    %pushi/vec4 2, 0, 6;
    %cmp/u;
    %jmp/1 T_1.14, 6;
    %dup/vec4;
    %pushi/vec4 3, 0, 6;
    %cmp/u;
    %jmp/1 T_1.15, 6;
    %jmp T_1.16;
T_1.12 ;
    %load/vec4 v000002113c1cc990_0;
    %assign/vec4 v000002113c136b40_0, 0;
    %jmp T_1.16;
T_1.13 ;
    %load/vec4 v000002113c1cc990_0;
    %assign/vec4 v000002113c13bee0_0, 0;
    %jmp T_1.16;
T_1.14 ;
    %load/vec4 v000002113c1cc990_0;
    %assign/vec4 v000002113c136be0_0, 0;
    %jmp T_1.16;
T_1.15 ;
    %load/vec4 v000002113c1cc990_0;
    %assign/vec4 v000002113c136c80_0, 0;
    %jmp T_1.16;
T_1.16 ;
    %pop/vec4 1;
T_1.10 ;
T_1.3 ;
    %jmp T_1.1;
T_1.0 ;
    %pushi/vec4 0, 255, 8;
    %assign/vec4 v000002113c1cc8f0_0, 0;
T_1.1 ;
    %jmp T_1;
    .thread T_1, $push;
# The file index is used to find the file name in the following table.
:file_names 3;
    "N/A";
    "<interactive>";
    "ram.v";
