#! /c/Source/iverilog-install/bin/vvp
:ivl_version "12.0 (devel)" "(s20150603-1110-g18392a46)";
:ivl_delay_selection "TYPICAL";
:vpi_time_precision + 0;
:vpi_module "D:\iverilog\lib\ivl\system.vpi";
:vpi_module "D:\iverilog\lib\ivl\vhdl_sys.vpi";
:vpi_module "D:\iverilog\lib\ivl\vhdl_textio.vpi";
:vpi_module "D:\iverilog\lib\ivl\v2005_math.vpi";
:vpi_module "D:\iverilog\lib\ivl\va_math.vpi";
S_000001a260ec2df0 .scope module, "mpc" "mpc" 2 1;
 .timescale 0 0;
    .port_info 0 /INPUT 18 "instr";
    .port_info 1 /OUTPUT 9 "out";
v000001a260f3b560_0 .var "func", 0 0;
o000001a260ef80f8 .functor BUFZ 18, C4<zzzzzzzzzzzzzzzzzz>; HiZ drive
v000001a260f3b600_0 .net "instr", 17 0, o000001a260ef80f8;  0 drivers
v000001a260f3b6a0_0 .var "op1", 7 0;
v000001a260f3b740_0 .var "op2", 7 0;
v000001a260f3b7e0_0 .var "out", 8 0;
E_000001a260ffa370 .event anyedge, v000001a260f3b600_0;
S_000001a260ec2f80 .scope function.vec4.s17, "code_add" "code_add" 2 7, 2 7 0, S_000001a260ec2df0;
 .timescale 0 0;
v000001a260ec3110_0 .var "add_func", 0 0;
v000001a260ef5050_0 .var "code", 7 0;
; Variable code_add is vec4 return value of scope S_000001a260ec2f80
v000001a260ef5190_0 .var "instr", 17 0;
v000001a260f3b420_0 .var "opr1", 7 0;
v000001a260f3b4c0_0 .var "opr2", 7 0;
TD_mpc.code_add ;
    %load/vec4 v000001a260ef5190_0;
    %parti/s 2, 16, 6;
    %pad/u 8;
    %store/vec4 v000001a260ef5050_0, 0, 8;
    %load/vec4 v000001a260ef5190_0;
    %parti/s 8, 0, 2;
    %store/vec4 v000001a260f3b420_0, 0, 8;
    %load/vec4 v000001a260ef5050_0;
    %dup/vec4;
    %pushi/vec4 0, 0, 8;
    %cmp/u;
    %jmp/1 T_0.0, 6;
    %dup/vec4;
    %pushi/vec4 1, 0, 8;
    %cmp/u;
    %jmp/1 T_0.1, 6;
    %dup/vec4;
    %pushi/vec4 2, 0, 8;
    %cmp/u;
    %jmp/1 T_0.2, 6;
    %pushi/vec4 0, 0, 1;
    %store/vec4 v000001a260ec3110_0, 0, 1;
    %pushi/vec4 1, 0, 8;
    %store/vec4 v000001a260f3b4c0_0, 0, 8;
    %jmp T_0.4;
T_0.0 ;
    %pushi/vec4 1, 0, 1;
    %store/vec4 v000001a260ec3110_0, 0, 1;
    %load/vec4 v000001a260ef5190_0;
    %parti/s 8, 8, 5;
    %store/vec4 v000001a260f3b4c0_0, 0, 8;
    %jmp T_0.4;
T_0.1 ;
    %pushi/vec4 0, 0, 1;
    %store/vec4 v000001a260ec3110_0, 0, 1;
    %load/vec4 v000001a260ef5190_0;
    %parti/s 8, 8, 5;
    %store/vec4 v000001a260f3b4c0_0, 0, 8;
    %jmp T_0.4;
T_0.2 ;
    %pushi/vec4 1, 0, 1;
    %store/vec4 v000001a260ec3110_0, 0, 1;
    %pushi/vec4 1, 0, 8;
    %store/vec4 v000001a260f3b4c0_0, 0, 8;
    %jmp T_0.4;
T_0.4 ;
    %pop/vec4 1;
    %load/vec4 v000001a260ec3110_0;
    %load/vec4 v000001a260f3b4c0_0;
    %concat/vec4; draw_concat_vec4
    %load/vec4 v000001a260f3b420_0;
    %concat/vec4; draw_concat_vec4
    %ret/vec4 0, 0, 17;  Assign to code_add (store_vec4_to_lval)
    %end;
    .scope S_000001a260ec2df0;
T_1 ;
    %wait E_000001a260ffa370;
    %load/vec4 v000001a260f3b600_0;
    %store/vec4 v000001a260ef5190_0, 0, 18;
    %callf/vec4 TD_mpc.code_add, S_000001a260ec2f80;
    %split/vec4 8;
    %store/vec4 v000001a260f3b6a0_0, 0, 8;
    %split/vec4 8;
    %store/vec4 v000001a260f3b740_0, 0, 8;
    %store/vec4 v000001a260f3b560_0, 0, 1;
    %load/vec4 v000001a260f3b560_0;
    %pad/u 32;
    %cmpi/e 1, 0, 32;
    %jmp/0xz  T_1.0, 4;
    %load/vec4 v000001a260f3b6a0_0;
    %pad/u 9;
    %load/vec4 v000001a260f3b740_0;
    %pad/u 9;
    %add;
    %store/vec4 v000001a260f3b7e0_0, 0, 9;
    %jmp T_1.1;
T_1.0 ;
    %load/vec4 v000001a260f3b6a0_0;
    %pad/u 9;
    %load/vec4 v000001a260f3b740_0;
    %pad/u 9;
    %sub;
    %store/vec4 v000001a260f3b7e0_0, 0, 9;
T_1.1 ;
    %jmp T_1;
    .thread T_1, $push;
# The file index is used to find the file name in the following table.
:file_names 3;
    "N/A";
    "<interactive>";
    "mpu.v";
