#! /c/Source/iverilog-install/bin/vvp
:ivl_version "12.0 (devel)" "(s20150603-1110-g18392a46)";
:ivl_delay_selection "TYPICAL";
:vpi_time_precision - 12;
:vpi_module "D:\iverilog\lib\ivl\system.vpi";
:vpi_module "D:\iverilog\lib\ivl\vhdl_sys.vpi";
:vpi_module "D:\iverilog\lib\ivl\vhdl_textio.vpi";
:vpi_module "D:\iverilog\lib\ivl\v2005_math.vpi";
:vpi_module "D:\iverilog\lib\ivl\va_math.vpi";
S_000002cc5fc375d0 .scope module, "tb_mpc" "tb_mpc" 2 4;
 .timescale -9 -12;
P_000002cc5fc37ec0 .param/l "PERIOD" 0 2 7, +C4<00000000000000000000000000001010>;
v000002cc5fc34810_0 .var "instr", 17 0;
v000002cc5fc348b0_0 .net "out", 8 0, v000002cc5fc34770_0;  1 drivers
S_000002cc5fc37760 .scope module, "u_mpc" "mpc" 2 27, 3 1 0, S_000002cc5fc375d0;
 .timescale -9 -12;
    .port_info 0 /INPUT 18 "instr";
    .port_info 1 /OUTPUT 9 "out";
v000002cc5fc02fc0_0 .var "func", 0 0;
v000002cc5fc03060_0 .net "instr", 17 0, v000002cc5fc34810_0;  1 drivers
v000002cc5fc03100_0 .var "op1", 7 0;
v000002cc5fc346d0_0 .var "op2", 7 0;
v000002cc5fc34770_0 .var "out", 8 0;
E_000002cc5fc38140 .event anyedge, v000002cc5fc03060_0;
S_000002cc5fc378f0 .scope function.vec4.s17, "code_add" "code_add" 3 7, 3 7 0, S_000002cc5fc37760;
 .timescale -9 -12;
v000002cc5faaabe0_0 .var "add_func", 0 0;
v000002cc5faabac0_0 .var "code", 7 0;
; Variable code_add is vec4 return value of scope S_000002cc5fc378f0
v000002cc5fc02de0_0 .var "instr", 17 0;
v000002cc5fc02e80_0 .var "opr1", 7 0;
v000002cc5fc02f20_0 .var "opr2", 7 0;
TD_tb_mpc.u_mpc.code_add ;
    %load/vec4 v000002cc5fc02de0_0;
    %parti/s 2, 16, 6;
    %pad/u 8;
    %store/vec4 v000002cc5faabac0_0, 0, 8;
    %load/vec4 v000002cc5fc02de0_0;
    %parti/s 8, 0, 2;
    %store/vec4 v000002cc5fc02e80_0, 0, 8;
    %load/vec4 v000002cc5faabac0_0;
    %dup/vec4;
    %pushi/vec4 0, 0, 8;
    %cmp/u;
    %jmp/1 T_0.0, 6;
    %dup/vec4;
    %pushi/vec4 1, 0, 8;
    %cmp/u;
    %jmp/1 T_0.1, 6;
    %dup/vec4;
    %pushi/vec4 2, 0, 8;
    %cmp/u;
    %jmp/1 T_0.2, 6;
    %pushi/vec4 0, 0, 1;
    %store/vec4 v000002cc5faaabe0_0, 0, 1;
    %pushi/vec4 1, 0, 8;
    %store/vec4 v000002cc5fc02f20_0, 0, 8;
    %jmp T_0.4;
T_0.0 ;
    %pushi/vec4 1, 0, 1;
    %store/vec4 v000002cc5faaabe0_0, 0, 1;
    %load/vec4 v000002cc5fc02de0_0;
    %parti/s 8, 8, 5;
    %store/vec4 v000002cc5fc02f20_0, 0, 8;
    %jmp T_0.4;
T_0.1 ;
    %pushi/vec4 0, 0, 1;
    %store/vec4 v000002cc5faaabe0_0, 0, 1;
    %load/vec4 v000002cc5fc02de0_0;
    %parti/s 8, 8, 5;
    %store/vec4 v000002cc5fc02f20_0, 0, 8;
    %jmp T_0.4;
T_0.2 ;
    %pushi/vec4 1, 0, 1;
    %store/vec4 v000002cc5faaabe0_0, 0, 1;
    %pushi/vec4 1, 0, 8;
    %store/vec4 v000002cc5fc02f20_0, 0, 8;
    %jmp T_0.4;
T_0.4 ;
    %pop/vec4 1;
    %load/vec4 v000002cc5faaabe0_0;
    %load/vec4 v000002cc5fc02f20_0;
    %concat/vec4; draw_concat_vec4
    %load/vec4 v000002cc5fc02e80_0;
    %concat/vec4; draw_concat_vec4
    %ret/vec4 0, 0, 17;  Assign to code_add (store_vec4_to_lval)
    %end;
    .scope S_000002cc5fc37760;
T_1 ;
    %wait E_000002cc5fc38140;
    %load/vec4 v000002cc5fc03060_0;
    %store/vec4 v000002cc5fc02de0_0, 0, 18;
    %callf/vec4 TD_tb_mpc.u_mpc.code_add, S_000002cc5fc378f0;
    %split/vec4 8;
    %store/vec4 v000002cc5fc03100_0, 0, 8;
    %split/vec4 8;
    %store/vec4 v000002cc5fc346d0_0, 0, 8;
    %store/vec4 v000002cc5fc02fc0_0, 0, 1;
    %load/vec4 v000002cc5fc02fc0_0;
    %pad/u 32;
    %cmpi/e 1, 0, 32;
    %jmp/0xz  T_1.0, 4;
    %load/vec4 v000002cc5fc03100_0;
    %pad/u 9;
    %load/vec4 v000002cc5fc346d0_0;
    %pad/u 9;
    %add;
    %store/vec4 v000002cc5fc34770_0, 0, 9;
    %jmp T_1.1;
T_1.0 ;
    %load/vec4 v000002cc5fc03100_0;
    %pad/u 9;
    %load/vec4 v000002cc5fc346d0_0;
    %pad/u 9;
    %sub;
    %store/vec4 v000002cc5fc34770_0, 0, 9;
T_1.1 ;
    %jmp T_1;
    .thread T_1, $push;
    .scope S_000002cc5fc375d0;
T_2 ;
    %pushi/vec4 0, 0, 18;
    %store/vec4 v000002cc5fc34810_0, 0, 18;
    %end;
    .thread T_2;
    .scope S_000002cc5fc375d0;
T_3 ;
    %vpi_call 2 35 "$dumpfile", "tb_mpu_wave.vcd" {0 0 0};
    %vpi_call 2 36 "$dumpvars" {0 0 0};
    %pushi/vec4 1793, 0, 18;
    %store/vec4 v000002cc5fc34810_0, 0, 18;
    %vpi_call 2 39 "$finish" {0 0 0};
    %end;
    .thread T_3;
# The file index is used to find the file name in the following table.
:file_names 4;
    "N/A";
    "<interactive>";
    "tb_mpu.v";
    "././mpu.v";
