#! /usr/bin/vvp
:ivl_version "10.3 (stable)";
:ivl_delay_selection "TYPICAL";
:vpi_time_precision - 12;
:vpi_module "system";
:vpi_module "vhdl_sys";
:vpi_module "v2005_math";
:vpi_module "va_math";
S_0x5617cd53f790 .scope module, "tb_div" "tb_div" 2 30;
 .timescale -9 -12;
P_0x5617cd507b50 .param/l "PERIOD" 0 2 33, +C4<00000000000000000000000000001010>;
v0x5617cd553660_0 .var "a", 7 0;
v0x5617cd553740_0 .var "b", 3 0;
v0x5617cd553810_0 .net "c", 7 0, v0x5617cd553120_0;  1 drivers
v0x5617cd553910_0 .net "mod", 3 0, v0x5617cd5532f0_0;  1 drivers
S_0x5617cd53f960 .scope module, "u_div" "div" 2 45, 2 1 0, S_0x5617cd53f790;
 .timescale 0 0;
    .port_info 0 /INPUT 8 "a"
    .port_info 1 /INPUT 4 "b"
    .port_info 2 /OUTPUT 8 "c"
    .port_info 3 /OUTPUT 4 "mod"
v0x5617cd507080_0 .net "a", 7 0, v0x5617cd553660_0;  1 drivers
v0x5617cd553040_0 .net "b", 3 0, v0x5617cd553740_0;  1 drivers
v0x5617cd553120_0 .var "c", 7 0;
v0x5617cd553210_0 .var/i "k", 31 0;
v0x5617cd5532f0_0 .var "mod", 3 0;
v0x5617cd553420_0 .var "t1", 10 0;
v0x5617cd553500_0 .var "t2", 10 0;
E_0x5617cd53c890 .event edge, v0x5617cd553040_0, v0x5617cd507080_0;
    .scope S_0x5617cd53f960;
T_0 ;
    %wait E_0x5617cd53c890;
    %pushi/vec4 0, 0, 3;
    %load/vec4 v0x5617cd507080_0;
    %concat/vec4; draw_concat_vec4
    %store/vec4 v0x5617cd553500_0, 0, 11;
    %pushi/vec4 7, 0, 32;
    %store/vec4 v0x5617cd553210_0, 0, 32;
T_0.0 ;
    %pushi/vec4 7, 0, 32;
    %load/vec4 v0x5617cd553210_0;
    %cmp/s;
    %flag_or 5, 4;
    %jmp/0xz T_0.1, 5;
    %load/vec4 v0x5617cd553040_0;
    %pad/u 11;
    %load/vec4 v0x5617cd553210_0;
    %ix/vec4 4;
    %shiftl 4;
    %store/vec4 v0x5617cd553420_0, 0, 11;
    %load/vec4 v0x5617cd553420_0;
    %load/vec4 v0x5617cd553500_0;
    %cmp/u;
    %flag_or 5, 4;
    %jmp/0xz  T_0.2, 5;
    %pushi/vec4 1, 0, 1;
    %ix/getv/s 4, v0x5617cd553210_0;
    %store/vec4 v0x5617cd553120_0, 4, 1;
    %load/vec4 v0x5617cd553500_0;
    %load/vec4 v0x5617cd553420_0;
    %sub;
    %store/vec4 v0x5617cd553500_0, 0, 11;
    %jmp T_0.3;
T_0.2 ;
    %pushi/vec4 0, 0, 1;
    %ix/getv/s 4, v0x5617cd553210_0;
    %store/vec4 v0x5617cd553120_0, 4, 1;
T_0.3 ;
    %load/vec4 v0x5617cd553210_0;
    %subi 1, 0, 32;
    %store/vec4 v0x5617cd553210_0, 0, 32;
    %jmp T_0.0;
T_0.1 ;
    %load/vec4 v0x5617cd553500_0;
    %parti/s 4, 0, 2;
    %store/vec4 v0x5617cd5532f0_0, 0, 4;
    %jmp T_0;
    .thread T_0, $push;
    .scope S_0x5617cd53f790;
T_1 ;
    %pushi/vec4 131, 0, 8;
    %store/vec4 v0x5617cd553660_0, 0, 8;
    %pushi/vec4 10, 0, 4;
    %store/vec4 v0x5617cd553740_0, 0, 4;
    %end;
    .thread T_1;
    .scope S_0x5617cd53f790;
T_2 ;
    %delay 20000, 0;
    %pushi/vec4 121, 0, 8;
    %assign/vec4 v0x5617cd553660_0, 0;
    %pushi/vec4 4, 0, 4;
    %assign/vec4 v0x5617cd553740_0, 0;
    %delay 20000, 0;
    %pushi/vec4 245, 0, 8;
    %assign/vec4 v0x5617cd553660_0, 0;
    %pushi/vec4 14, 0, 4;
    %assign/vec4 v0x5617cd553740_0, 0;
    %delay 20000, 0;
    %pushi/vec4 255, 0, 8;
    %assign/vec4 v0x5617cd553660_0, 0;
    %pushi/vec4 14, 0, 4;
    %assign/vec4 v0x5617cd553740_0, 0;
    %vpi_call 2 64 "$finish" {0 0 0};
    %end;
    .thread T_2;
    .scope S_0x5617cd53f790;
T_3 ;
    %vpi_call 2 69 "$dumpfile", "div.vcd" {0 0 0};
    %vpi_call 2 70 "$dumpvars" {0 0 0};
    %end;
    .thread T_3;
# The file index is used to find the file name in the following table.
:file_names 3;
    "N/A";
    "<interactive>";
    "div.v";
