#! /usr/bin/vvp
:ivl_version "10.3 (stable)";
:ivl_delay_selection "TYPICAL";
:vpi_time_precision - 9;
:vpi_module "system";
:vpi_module "vhdl_sys";
:vpi_module "v2005_math";
:vpi_module "va_math";
S_0x5614c6825650 .scope module, "cputop" "cputop" 2 8;
 .timescale -9 -9;
v0x5614c6881de0_0 .var "IR_addr", 12 0;
v0x5614c6881ee0_0 .var "PC_addr", 12 0;
v0x5614c6881fc0_0 .net "addr", 12 0, L_0x5614c6883170;  1 drivers
v0x5614c68820f0_0 .var "clock", 0 0;
RS_0x7f125d7d0498 .resolv tri, L_0x5614c6883000, L_0x5614c6883440, L_0x5614c6883910;
v0x5614c6882190_0 .net8 "data", 7 0, RS_0x7f125d7d0498;  3 drivers
v0x5614c6882250_0 .net "fetch", 0 0, v0x5614c687bde0_0;  1 drivers
v0x5614c6882380_0 .net "halt", 0 0, v0x5614c687da10_0;  1 drivers
v0x5614c6882420_0 .net "ir_addr", 12 0, L_0x5614c6882e10;  1 drivers
v0x5614c68824e0_0 .var "mnemonic", 24 0;
v0x5614c6882650_0 .net "opcode", 2 0, L_0x5614c6882d70;  1 drivers
v0x5614c6882710_0 .net "pc_addr", 12 0, v0x5614c687c5d0_0;  1 drivers
v0x5614c68827d0_0 .net "ram_sel", 0 0, v0x5614c684caf0_0;  1 drivers
v0x5614c6882870_0 .net "rd", 0 0, v0x5614c687deb0_0;  1 drivers
v0x5614c68829a0_0 .var "reset_req", 0 0;
v0x5614c6882a40_0 .net "rom_sel", 0 0, v0x5614c68568e0_0;  1 drivers
v0x5614c6882ae0_0 .var/i "test", 31 0;
v0x5614c6882bc0_0 .net "wr", 0 0, v0x5614c687dff0_0;  1 drivers
E_0x5614c685ee00 .event posedge, v0x5614c687da10_0;
E_0x5614c685ec00 .event edge, v0x5614c6882ae0_0;
L_0x5614c6883640 .part L_0x5614c6883170, 0, 10;
S_0x5614c68257d0 .scope begin, "MONITOR" "MONITOR" 2 107, 2 107 0, S_0x5614c6825650;
 .timescale -9 -9;
E_0x5614c685eec0 .event edge, v0x5614c687b0e0_0;
E_0x5614c685ee80 .event edge, v0x5614c687a340_0;
S_0x5614c67f6d20 .scope task, "display_debug_message" "display_debug_message" 2 45, 2 45 0, S_0x5614c6825650;
 .timescale -9 -9;
TD_cputop.display_debug_message ;
    %vpi_call 2 47 "$display", "\012**************************************************" {0 0 0};
    %vpi_call 2 48 "$display", "*  THE FOLLOWING DEBUG TASK ARE AVAILABLE:           *" {0 0 0};
    %vpi_call 2 49 "$display", "* \042test1; \042 to load the 1st diagnostic progran. *" {0 0 0};
    %vpi_call 2 50 "$display", "*  \042test2; \042 to load the 2nd diagnostic program. *" {0 0 0};
    %vpi_call 2 51 "$display", "*  \042test3; \042 to load the Fibonacci program.      *" {0 0 0};
    %vpi_call 2 52 "$display", "*****************************************************\012" {0 0 0};
    %end;
S_0x5614c67f6ef0 .scope task, "sys_reset" "sys_reset" 2 98, 2 98 0, S_0x5614c6825650;
 .timescale -9 -9;
TD_cputop.sys_reset ;
    %pushi/vec4 0, 0, 1;
    %store/vec4 v0x5614c68829a0_0, 0, 1;
    %delay 70, 0;
    %pushi/vec4 1, 0, 1;
    %store/vec4 v0x5614c68829a0_0, 0, 1;
    %delay 150, 0;
    %pushi/vec4 0, 0, 1;
    %store/vec4 v0x5614c68829a0_0, 0, 1;
    %end;
S_0x5614c67f8050 .scope module, "t_addr_decode" "addr_decode" 2 28, 3 1 0, S_0x5614c6825650;
 .timescale -9 -9;
    .port_info 0 /INPUT 13 "addr"
    .port_info 1 /OUTPUT 1 "rom_sel"
    .port_info 2 /OUTPUT 1 "ram_sel"
v0x5614c6843e50_0 .net "addr", 12 0, L_0x5614c6883170;  alias, 1 drivers
v0x5614c684caf0_0 .var "ram_sel", 0 0;
v0x5614c68568e0_0 .var "rom_sel", 0 0;
E_0x5614c685ef00 .event edge, v0x5614c6843e50_0;
S_0x5614c6879890 .scope module, "t_cpu" "cpu" 2 19, 4 11 0, S_0x5614c6825650;
 .timescale -9 -9;
    .port_info 0 /INPUT 1 "clk"
    .port_info 1 /INPUT 1 "reset"
    .port_info 2 /OUTPUT 1 "halt"
    .port_info 3 /OUTPUT 1 "rd"
    .port_info 4 /OUTPUT 1 "wr"
    .port_info 5 /OUTPUT 13 "addr"
    .port_info 6 /INOUT 8 "data"
    .port_info 7 /OUTPUT 3 "opcode"
    .port_info 8 /OUTPUT 1 "fetch"
    .port_info 9 /OUTPUT 13 "ir_addr"
    .port_info 10 /OUTPUT 13 "pc_addr"
v0x5614c687ef60_0 .net "accum", 7 0, v0x5614c685ba00_0;  1 drivers
v0x5614c687f040_0 .net "addr", 12 0, L_0x5614c6883170;  alias, 1 drivers
v0x5614c687f150_0 .net "alu_ena", 0 0, v0x5614c687bc20_0;  1 drivers
v0x5614c687f240_0 .net "alu_out", 7 0, v0x5614c687af20_0;  1 drivers
v0x5614c687f2e0_0 .net "clk", 0 0, v0x5614c68820f0_0;  1 drivers
v0x5614c687f3d0_0 .net "contr_ena", 0 0, v0x5614c687e550_0;  1 drivers
v0x5614c687f4c0_0 .net8 "data", 7 0, RS_0x7f125d7d0498;  alias, 3 drivers
v0x5614c687f580_0 .net "data_ena", 0 0, v0x5614c687d8b0_0;  1 drivers
v0x5614c687f670_0 .net "fetch", 0 0, v0x5614c687bde0_0;  alias, 1 drivers
v0x5614c687f710_0 .net "halt", 0 0, v0x5614c687da10_0;  alias, 1 drivers
v0x5614c687f7b0_0 .net "inc_pc", 0 0, v0x5614c687dab0_0;  1 drivers
v0x5614c687f850_0 .net "ir_addr", 12 0, L_0x5614c6882e10;  alias, 1 drivers
v0x5614c687f940_0 .net "load_acc", 0 0, v0x5614c687dba0_0;  1 drivers
v0x5614c687fa30_0 .net "load_ir", 0 0, v0x5614c687dc70_0;  1 drivers
v0x5614c687fb20_0 .net "load_pc", 0 0, v0x5614c687dd10_0;  1 drivers
v0x5614c687fc10_0 .net "opcode", 2 0, L_0x5614c6882d70;  alias, 1 drivers
v0x5614c687fd20_0 .net "pc_addr", 12 0, v0x5614c687c5d0_0;  alias, 1 drivers
v0x5614c687fe30_0 .net "rd", 0 0, v0x5614c687deb0_0;  alias, 1 drivers
v0x5614c687fed0_0 .net "reset", 0 0, v0x5614c68829a0_0;  1 drivers
v0x5614c687ff70_0 .net "wr", 0 0, v0x5614c687dff0_0;  alias, 1 drivers
v0x5614c6880010_0 .net "zero", 0 0, L_0x5614c6882f40;  1 drivers
L_0x5614c6882d70 .part v0x5614c687ecc0_0, 13, 3;
L_0x5614c6882e10 .part v0x5614c687ecc0_0, 0, 13;
S_0x5614c6879ab0 .scope module, "m_accum" "accum" 4 30, 5 1 0, S_0x5614c6879890;
 .timescale 0 0;
    .port_info 0 /OUTPUT 8 "accum"
    .port_info 1 /INPUT 8 "data"
    .port_info 2 /INPUT 1 "ena"
    .port_info 3 /INPUT 1 "clk"
    .port_info 4 /INPUT 1 "rst"
v0x5614c685ba00_0 .var "accum", 7 0;
v0x5614c6851670_0 .net "clk", 0 0, v0x5614c68820f0_0;  alias, 1 drivers
v0x5614c684f790_0 .net "data", 7 0, v0x5614c687af20_0;  alias, 1 drivers
v0x5614c684d0f0_0 .net "ena", 0 0, v0x5614c687dba0_0;  alias, 1 drivers
v0x5614c6879d80_0 .net "rst", 0 0, v0x5614c68829a0_0;  alias, 1 drivers
E_0x5614c685ef40 .event posedge, v0x5614c6851670_0;
S_0x5614c6879f30 .scope module, "m_adr" "adr" 4 45, 6 1 0, S_0x5614c6879890;
 .timescale 0 0;
    .port_info 0 /OUTPUT 13 "addr"
    .port_info 1 /INPUT 1 "fetch"
    .port_info 2 /INPUT 13 "ir_addr"
    .port_info 3 /INPUT 13 "pc_addr"
v0x5614c687a120_0 .net "addr", 12 0, L_0x5614c6883170;  alias, 1 drivers
v0x5614c687a1e0_0 .net "fetch", 0 0, v0x5614c687bde0_0;  alias, 1 drivers
v0x5614c687a280_0 .net "ir_addr", 12 0, L_0x5614c6882e10;  alias, 1 drivers
v0x5614c687a340_0 .net "pc_addr", 12 0, v0x5614c687c5d0_0;  alias, 1 drivers
L_0x5614c6883170 .functor MUXZ 13, L_0x5614c6882e10, v0x5614c687c5d0_0, v0x5614c687bde0_0, C4<>;
S_0x5614c687a4d0 .scope module, "m_alu" "alu" 4 33, 7 1 0, S_0x5614c6879890;
 .timescale 0 0;
    .port_info 0 /OUTPUT 8 "alu_out"
    .port_info 1 /OUTPUT 1 "zero"
    .port_info 2 /INPUT 8 "data"
    .port_info 3 /INPUT 8 "accum"
    .port_info 4 /INPUT 1 "alu_ena"
    .port_info 5 /INPUT 3 "opcode"
P_0x5614c687a6a0 .param/l "ADD" 0 7 9, C4<010>;
P_0x5614c687a6e0 .param/l "ANDD" 0 7 10, C4<011>;
P_0x5614c687a720 .param/l "HLT" 0 7 7, C4<000>;
P_0x5614c687a760 .param/l "JMP" 0 7 14, C4<111>;
P_0x5614c687a7a0 .param/l "LDA" 0 7 12, C4<101>;
P_0x5614c687a7e0 .param/l "SKZ" 0 7 8, C4<001>;
P_0x5614c687a820 .param/l "STO" 0 7 13, C4<110>;
P_0x5614c687a860 .param/l "XORR" 0 7 11, C4<100>;
v0x5614c687ad70_0 .net "accum", 7 0, v0x5614c685ba00_0;  alias, 1 drivers
v0x5614c687ae80_0 .net "alu_ena", 0 0, v0x5614c687bc20_0;  alias, 1 drivers
v0x5614c687af20_0 .var "alu_out", 7 0;
v0x5614c687b020_0 .net8 "data", 7 0, RS_0x7f125d7d0498;  alias, 3 drivers
v0x5614c687b0e0_0 .net "opcode", 2 0, L_0x5614c6882d70;  alias, 1 drivers
v0x5614c687b210_0 .net "zero", 0 0, L_0x5614c6882f40;  alias, 1 drivers
E_0x5614c687ad10 .event posedge, v0x5614c687ae80_0;
L_0x5614c6882f40 .reduce/nor v0x5614c685ba00_0;
S_0x5614c687b3d0 .scope module, "m_clk_gen" "clk_gen" 4 25, 8 1 0, S_0x5614c6879890;
 .timescale 0 0;
    .port_info 0 /INPUT 1 "clk"
    .port_info 1 /INPUT 1 "reset"
    .port_info 2 /OUTPUT 1 "fetch"
    .port_info 3 /OUTPUT 1 "alu_ena"
P_0x5614c687b5a0 .param/l "S1" 0 8 7, C4<00000001>;
P_0x5614c687b5e0 .param/l "S2" 0 8 8, C4<00000010>;
P_0x5614c687b620 .param/l "S3" 0 8 9, C4<00000100>;
P_0x5614c687b660 .param/l "S4" 0 8 10, C4<00001000>;
P_0x5614c687b6a0 .param/l "S5" 0 8 11, C4<00010000>;
P_0x5614c687b6e0 .param/l "S6" 0 8 12, C4<00100000>;
P_0x5614c687b720 .param/l "S7" 0 8 13, C4<01000000>;
P_0x5614c687b760 .param/l "S8" 0 8 14, C4<10000000>;
P_0x5614c687b7a0 .param/l "idle" 0 8 15, C4<00000000>;
v0x5614c687bc20_0 .var "alu_ena", 0 0;
v0x5614c687bd10_0 .net "clk", 0 0, v0x5614c68820f0_0;  alias, 1 drivers
v0x5614c687bde0_0 .var "fetch", 0 0;
v0x5614c687bee0_0 .net "reset", 0 0, v0x5614c68829a0_0;  alias, 1 drivers
v0x5614c687bfb0_0 .var "state", 7 0;
E_0x5614c687ac30 .event negedge, v0x5614c6851670_0;
S_0x5614c687c0c0 .scope module, "m_counter" "counter" 4 47, 9 1 0, S_0x5614c6879890;
 .timescale 0 0;
    .port_info 0 /OUTPUT 13 "pc_addr"
    .port_info 1 /INPUT 13 "ir_addr"
    .port_info 2 /INPUT 1 "load"
    .port_info 3 /INPUT 1 "clock"
    .port_info 4 /INPUT 1 "rst"
v0x5614c687c360_0 .net "clock", 0 0, v0x5614c687dab0_0;  alias, 1 drivers
v0x5614c687c440_0 .net "ir_addr", 12 0, L_0x5614c6882e10;  alias, 1 drivers
v0x5614c687c500_0 .net "load", 0 0, v0x5614c687dd10_0;  alias, 1 drivers
v0x5614c687c5d0_0 .var "pc_addr", 12 0;
v0x5614c687c6a0_0 .net "rst", 0 0, v0x5614c68829a0_0;  alias, 1 drivers
E_0x5614c687c2e0 .event posedge, v0x5614c6879d80_0, v0x5614c687c360_0;
S_0x5614c687c860 .scope module, "m_datactl" "datactl" 4 43, 10 1 0, S_0x5614c6879890;
 .timescale -9 -9;
    .port_info 0 /OUTPUT 8 "data"
    .port_info 1 /INPUT 8 "in"
    .port_info 2 /INPUT 1 "data_ena"
o0x7f125d7d0888 .functor BUFZ 8, C4<zzzzzzzz>; HiZ drive
; Elide local net with no drivers, v0x5614c687caa0_0 name=_s0
v0x5614c687cba0_0 .net8 "data", 7 0, RS_0x7f125d7d0498;  alias, 3 drivers
v0x5614c687cc60_0 .net "data_ena", 0 0, v0x5614c687d8b0_0;  alias, 1 drivers
v0x5614c687cd00_0 .net "in", 7 0, v0x5614c687af20_0;  alias, 1 drivers
L_0x5614c6883000 .functor MUXZ 8, o0x7f125d7d0888, v0x5614c687af20_0, v0x5614c687d8b0_0, C4<>;
S_0x5614c687ce70 .scope module, "m_machine" "machine" 4 38, 11 2 0, S_0x5614c6879890;
 .timescale 0 0;
    .port_info 0 /OUTPUT 1 "inc_pc"
    .port_info 1 /OUTPUT 1 "load_acc"
    .port_info 2 /OUTPUT 1 "load_pc"
    .port_info 3 /OUTPUT 1 "rd"
    .port_info 4 /OUTPUT 1 "wr"
    .port_info 5 /OUTPUT 1 "load_ir"
    .port_info 6 /OUTPUT 1 "datactl_ena"
    .port_info 7 /OUTPUT 1 "halt"
    .port_info 8 /INPUT 1 "clk"
    .port_info 9 /INPUT 1 "zero"
    .port_info 10 /INPUT 1 "ena"
    .port_info 11 /INPUT 3 "opcode"
P_0x5614c687d040 .param/l "ADD" 0 11 15, C4<010>;
P_0x5614c687d080 .param/l "ANDD" 0 11 16, C4<011>;
P_0x5614c687d0c0 .param/l "HLT" 0 11 13, C4<000>;
P_0x5614c687d100 .param/l "JMP" 0 11 20, C4<111>;
P_0x5614c687d140 .param/l "LDA" 0 11 18, C4<101>;
P_0x5614c687d180 .param/l "SKZ" 0 11 14, C4<001>;
P_0x5614c687d1c0 .param/l "STO" 0 11 19, C4<110>;
P_0x5614c687d200 .param/l "XORR" 0 11 17, C4<100>;
v0x5614c687d7a0_0 .net "clk", 0 0, v0x5614c68820f0_0;  alias, 1 drivers
v0x5614c687d8b0_0 .var "datactl_ena", 0 0;
v0x5614c687d970_0 .net "ena", 0 0, v0x5614c687e550_0;  alias, 1 drivers
v0x5614c687da10_0 .var "halt", 0 0;
v0x5614c687dab0_0 .var "inc_pc", 0 0;
v0x5614c687dba0_0 .var "load_acc", 0 0;
v0x5614c687dc70_0 .var "load_ir", 0 0;
v0x5614c687dd10_0 .var "load_pc", 0 0;
v0x5614c687dde0_0 .net "opcode", 2 0, L_0x5614c6882d70;  alias, 1 drivers
v0x5614c687deb0_0 .var "rd", 0 0;
v0x5614c687df50_0 .var "state", 2 0;
v0x5614c687dff0_0 .var "wr", 0 0;
v0x5614c687e0b0_0 .net "zero", 0 0, L_0x5614c6882f40;  alias, 1 drivers
S_0x5614c687d5d0 .scope task, "ctl_cycle" "ctl_cycle" 11 34, 11 34 0, S_0x5614c687ce70;
 .timescale 0 0;
TD_cputop.t_cpu.m_machine.ctl_cycle ;
    %load/vec4 v0x5614c687df50_0;
    %dup/vec4;
    %pushi/vec4 0, 0, 3;
    %cmp/x;
    %jmp/1 T_2.0, 4;
    %dup/vec4;
    %pushi/vec4 1, 0, 3;
    %cmp/x;
    %jmp/1 T_2.1, 4;
    %dup/vec4;
    %pushi/vec4 2, 0, 3;
    %cmp/x;
    %jmp/1 T_2.2, 4;
    %dup/vec4;
    %pushi/vec4 3, 0, 3;
    %cmp/x;
    %jmp/1 T_2.3, 4;
    %dup/vec4;
    %pushi/vec4 4, 0, 3;
    %cmp/x;
    %jmp/1 T_2.4, 4;
    %dup/vec4;
    %pushi/vec4 5, 0, 3;
    %cmp/x;
    %jmp/1 T_2.5, 4;
    %dup/vec4;
    %pushi/vec4 6, 0, 3;
    %cmp/x;
    %jmp/1 T_2.6, 4;
    %dup/vec4;
    %pushi/vec4 7, 0, 3;
    %cmp/x;
    %jmp/1 T_2.7, 4;
    %pushi/vec4 0, 0, 4;
    %split/vec4 1;
    %assign/vec4 v0x5614c687deb0_0, 0;
    %split/vec4 1;
    %assign/vec4 v0x5614c687dd10_0, 0;
    %split/vec4 1;
    %assign/vec4 v0x5614c687dba0_0, 0;
    %assign/vec4 v0x5614c687dab0_0, 0;
    %pushi/vec4 0, 0, 4;
    %split/vec4 1;
    %assign/vec4 v0x5614c687da10_0, 0;
    %split/vec4 1;
    %assign/vec4 v0x5614c687d8b0_0, 0;
    %split/vec4 1;
    %assign/vec4 v0x5614c687dc70_0, 0;
    %assign/vec4 v0x5614c687dff0_0, 0;
    %pushi/vec4 0, 0, 3;
    %assign/vec4 v0x5614c687df50_0, 0;
    %jmp T_2.9;
T_2.0 ;
    %pushi/vec4 1, 0, 4;
    %split/vec4 1;
    %assign/vec4 v0x5614c687deb0_0, 0;
    %split/vec4 1;
    %assign/vec4 v0x5614c687dd10_0, 0;
    %split/vec4 1;
    %assign/vec4 v0x5614c687dba0_0, 0;
    %assign/vec4 v0x5614c687dab0_0, 0;
    %pushi/vec4 4, 0, 4;
    %split/vec4 1;
    %assign/vec4 v0x5614c687da10_0, 0;
    %split/vec4 1;
    %assign/vec4 v0x5614c687d8b0_0, 0;
    %split/vec4 1;
    %assign/vec4 v0x5614c687dc70_0, 0;
    %assign/vec4 v0x5614c687dff0_0, 0;
    %pushi/vec4 1, 0, 3;
    %assign/vec4 v0x5614c687df50_0, 0;
    %jmp T_2.9;
T_2.1 ;
    %pushi/vec4 9, 0, 4;
    %split/vec4 1;
    %assign/vec4 v0x5614c687deb0_0, 0;
    %split/vec4 1;
    %assign/vec4 v0x5614c687dd10_0, 0;
    %split/vec4 1;
    %assign/vec4 v0x5614c687dba0_0, 0;
    %assign/vec4 v0x5614c687dab0_0, 0;
    %pushi/vec4 4, 0, 4;
    %split/vec4 1;
    %assign/vec4 v0x5614c687da10_0, 0;
    %split/vec4 1;
    %assign/vec4 v0x5614c687d8b0_0, 0;
    %split/vec4 1;
    %assign/vec4 v0x5614c687dc70_0, 0;
    %assign/vec4 v0x5614c687dff0_0, 0;
    %pushi/vec4 2, 0, 3;
    %assign/vec4 v0x5614c687df50_0, 0;
    %jmp T_2.9;
T_2.2 ;
    %pushi/vec4 0, 0, 4;
    %split/vec4 1;
    %assign/vec4 v0x5614c687deb0_0, 0;
    %split/vec4 1;
    %assign/vec4 v0x5614c687dd10_0, 0;
    %split/vec4 1;
    %assign/vec4 v0x5614c687dba0_0, 0;
    %assign/vec4 v0x5614c687dab0_0, 0;
    %pushi/vec4 0, 0, 4;
    %split/vec4 1;
    %assign/vec4 v0x5614c687da10_0, 0;
    %split/vec4 1;
    %assign/vec4 v0x5614c687d8b0_0, 0;
    %split/vec4 1;
    %assign/vec4 v0x5614c687dc70_0, 0;
    %assign/vec4 v0x5614c687dff0_0, 0;
    %pushi/vec4 3, 0, 3;
    %assign/vec4 v0x5614c687df50_0, 0;
    %jmp T_2.9;
T_2.3 ;
    %load/vec4 v0x5614c687dde0_0;
    %cmpi/e 0, 0, 3;
    %jmp/0xz  T_2.10, 4;
    %pushi/vec4 8, 0, 4;
    %split/vec4 1;
    %assign/vec4 v0x5614c687deb0_0, 0;
    %split/vec4 1;
    %assign/vec4 v0x5614c687dd10_0, 0;
    %split/vec4 1;
    %assign/vec4 v0x5614c687dba0_0, 0;
    %assign/vec4 v0x5614c687dab0_0, 0;
    %pushi/vec4 1, 0, 4;
    %split/vec4 1;
    %assign/vec4 v0x5614c687da10_0, 0;
    %split/vec4 1;
    %assign/vec4 v0x5614c687d8b0_0, 0;
    %split/vec4 1;
    %assign/vec4 v0x5614c687dc70_0, 0;
    %assign/vec4 v0x5614c687dff0_0, 0;
    %jmp T_2.11;
T_2.10 ;
    %pushi/vec4 8, 0, 4;
    %split/vec4 1;
    %assign/vec4 v0x5614c687deb0_0, 0;
    %split/vec4 1;
    %assign/vec4 v0x5614c687dd10_0, 0;
    %split/vec4 1;
    %assign/vec4 v0x5614c687dba0_0, 0;
    %assign/vec4 v0x5614c687dab0_0, 0;
    %pushi/vec4 0, 0, 4;
    %split/vec4 1;
    %assign/vec4 v0x5614c687da10_0, 0;
    %split/vec4 1;
    %assign/vec4 v0x5614c687d8b0_0, 0;
    %split/vec4 1;
    %assign/vec4 v0x5614c687dc70_0, 0;
    %assign/vec4 v0x5614c687dff0_0, 0;
T_2.11 ;
    %pushi/vec4 4, 0, 3;
    %assign/vec4 v0x5614c687df50_0, 0;
    %jmp T_2.9;
T_2.4 ;
    %load/vec4 v0x5614c687dde0_0;
    %cmpi/e 7, 0, 3;
    %jmp/0xz  T_2.12, 4;
    %pushi/vec4 2, 0, 4;
    %split/vec4 1;
    %assign/vec4 v0x5614c687deb0_0, 0;
    %split/vec4 1;
    %assign/vec4 v0x5614c687dd10_0, 0;
    %split/vec4 1;
    %assign/vec4 v0x5614c687dba0_0, 0;
    %assign/vec4 v0x5614c687dab0_0, 0;
    %pushi/vec4 0, 0, 4;
    %split/vec4 1;
    %assign/vec4 v0x5614c687da10_0, 0;
    %split/vec4 1;
    %assign/vec4 v0x5614c687d8b0_0, 0;
    %split/vec4 1;
    %assign/vec4 v0x5614c687dc70_0, 0;
    %assign/vec4 v0x5614c687dff0_0, 0;
    %jmp T_2.13;
T_2.12 ;
    %load/vec4 v0x5614c687dde0_0;
    %cmpi/e 2, 0, 3;
    %flag_mov 8, 4;
    %load/vec4 v0x5614c687dde0_0;
    %cmpi/e 3, 0, 3;
    %flag_or 4, 8;
    %flag_mov 8, 4;
    %load/vec4 v0x5614c687dde0_0;
    %cmpi/e 4, 0, 3;
    %flag_or 4, 8;
    %flag_mov 8, 4;
    %load/vec4 v0x5614c687dde0_0;
    %cmpi/e 5, 0, 3;
    %flag_or 4, 8;
    %jmp/0xz  T_2.14, 4;
    %pushi/vec4 1, 0, 4;
    %split/vec4 1;
    %assign/vec4 v0x5614c687deb0_0, 0;
    %split/vec4 1;
    %assign/vec4 v0x5614c687dd10_0, 0;
    %split/vec4 1;
    %assign/vec4 v0x5614c687dba0_0, 0;
    %assign/vec4 v0x5614c687dab0_0, 0;
    %pushi/vec4 0, 0, 4;
    %split/vec4 1;
    %assign/vec4 v0x5614c687da10_0, 0;
    %split/vec4 1;
    %assign/vec4 v0x5614c687d8b0_0, 0;
    %split/vec4 1;
    %assign/vec4 v0x5614c687dc70_0, 0;
    %assign/vec4 v0x5614c687dff0_0, 0;
    %jmp T_2.15;
T_2.14 ;
    %load/vec4 v0x5614c687dde0_0;
    %cmpi/e 6, 0, 3;
    %jmp/0xz  T_2.16, 4;
    %pushi/vec4 0, 0, 4;
    %split/vec4 1;
    %assign/vec4 v0x5614c687deb0_0, 0;
    %split/vec4 1;
    %assign/vec4 v0x5614c687dd10_0, 0;
    %split/vec4 1;
    %assign/vec4 v0x5614c687dba0_0, 0;
    %assign/vec4 v0x5614c687dab0_0, 0;
    %pushi/vec4 2, 0, 4;
    %split/vec4 1;
    %assign/vec4 v0x5614c687da10_0, 0;
    %split/vec4 1;
    %assign/vec4 v0x5614c687d8b0_0, 0;
    %split/vec4 1;
    %assign/vec4 v0x5614c687dc70_0, 0;
    %assign/vec4 v0x5614c687dff0_0, 0;
    %jmp T_2.17;
T_2.16 ;
    %pushi/vec4 0, 0, 4;
    %split/vec4 1;
    %assign/vec4 v0x5614c687deb0_0, 0;
    %split/vec4 1;
    %assign/vec4 v0x5614c687dd10_0, 0;
    %split/vec4 1;
    %assign/vec4 v0x5614c687dba0_0, 0;
    %assign/vec4 v0x5614c687dab0_0, 0;
    %pushi/vec4 0, 0, 4;
    %split/vec4 1;
    %assign/vec4 v0x5614c687da10_0, 0;
    %split/vec4 1;
    %assign/vec4 v0x5614c687d8b0_0, 0;
    %split/vec4 1;
    %assign/vec4 v0x5614c687dc70_0, 0;
    %assign/vec4 v0x5614c687dff0_0, 0;
T_2.17 ;
T_2.15 ;
T_2.13 ;
    %pushi/vec4 5, 0, 3;
    %assign/vec4 v0x5614c687df50_0, 0;
    %jmp T_2.9;
T_2.5 ;
    %load/vec4 v0x5614c687dde0_0;
    %cmpi/e 2, 0, 3;
    %flag_mov 8, 4;
    %load/vec4 v0x5614c687dde0_0;
    %cmpi/e 3, 0, 3;
    %flag_or 4, 8;
    %flag_mov 8, 4;
    %load/vec4 v0x5614c687dde0_0;
    %cmpi/e 4, 0, 3;
    %flag_or 4, 8;
    %flag_mov 8, 4;
    %load/vec4 v0x5614c687dde0_0;
    %cmpi/e 5, 0, 3;
    %flag_or 4, 8;
    %jmp/0xz  T_2.18, 4;
    %pushi/vec4 5, 0, 4;
    %split/vec4 1;
    %assign/vec4 v0x5614c687deb0_0, 0;
    %split/vec4 1;
    %assign/vec4 v0x5614c687dd10_0, 0;
    %split/vec4 1;
    %assign/vec4 v0x5614c687dba0_0, 0;
    %assign/vec4 v0x5614c687dab0_0, 0;
    %pushi/vec4 0, 0, 4;
    %split/vec4 1;
    %assign/vec4 v0x5614c687da10_0, 0;
    %split/vec4 1;
    %assign/vec4 v0x5614c687d8b0_0, 0;
    %split/vec4 1;
    %assign/vec4 v0x5614c687dc70_0, 0;
    %assign/vec4 v0x5614c687dff0_0, 0;
    %jmp T_2.19;
T_2.18 ;
    %load/vec4 v0x5614c687dde0_0;
    %pushi/vec4 1, 0, 3;
    %cmp/e;
    %flag_get/vec4 4;
    %load/vec4 v0x5614c687e0b0_0;
    %pad/u 32;
    %pushi/vec4 1, 0, 32;
    %cmp/e;
    %flag_get/vec4 4;
    %and;
    %flag_set/vec4 8;
    %jmp/0xz  T_2.20, 8;
    %pushi/vec4 8, 0, 4;
    %split/vec4 1;
    %assign/vec4 v0x5614c687deb0_0, 0;
    %split/vec4 1;
    %assign/vec4 v0x5614c687dd10_0, 0;
    %split/vec4 1;
    %assign/vec4 v0x5614c687dba0_0, 0;
    %assign/vec4 v0x5614c687dab0_0, 0;
    %pushi/vec4 0, 0, 4;
    %split/vec4 1;
    %assign/vec4 v0x5614c687da10_0, 0;
    %split/vec4 1;
    %assign/vec4 v0x5614c687d8b0_0, 0;
    %split/vec4 1;
    %assign/vec4 v0x5614c687dc70_0, 0;
    %assign/vec4 v0x5614c687dff0_0, 0;
    %jmp T_2.21;
T_2.20 ;
    %load/vec4 v0x5614c687dde0_0;
    %cmpi/e 7, 0, 3;
    %jmp/0xz  T_2.22, 4;
    %pushi/vec4 10, 0, 4;
    %split/vec4 1;
    %assign/vec4 v0x5614c687deb0_0, 0;
    %split/vec4 1;
    %assign/vec4 v0x5614c687dd10_0, 0;
    %split/vec4 1;
    %assign/vec4 v0x5614c687dba0_0, 0;
    %assign/vec4 v0x5614c687dab0_0, 0;
    %pushi/vec4 0, 0, 4;
    %split/vec4 1;
    %assign/vec4 v0x5614c687da10_0, 0;
    %split/vec4 1;
    %assign/vec4 v0x5614c687d8b0_0, 0;
    %split/vec4 1;
    %assign/vec4 v0x5614c687dc70_0, 0;
    %assign/vec4 v0x5614c687dff0_0, 0;
    %jmp T_2.23;
T_2.22 ;
    %load/vec4 v0x5614c687dde0_0;
    %cmpi/e 6, 0, 3;
    %jmp/0xz  T_2.24, 4;
    %pushi/vec4 0, 0, 4;
    %split/vec4 1;
    %assign/vec4 v0x5614c687deb0_0, 0;
    %split/vec4 1;
    %assign/vec4 v0x5614c687dd10_0, 0;
    %split/vec4 1;
    %assign/vec4 v0x5614c687dba0_0, 0;
    %assign/vec4 v0x5614c687dab0_0, 0;
    %pushi/vec4 10, 0, 4;
    %split/vec4 1;
    %assign/vec4 v0x5614c687da10_0, 0;
    %split/vec4 1;
    %assign/vec4 v0x5614c687d8b0_0, 0;
    %split/vec4 1;
    %assign/vec4 v0x5614c687dc70_0, 0;
    %assign/vec4 v0x5614c687dff0_0, 0;
    %jmp T_2.25;
T_2.24 ;
    %pushi/vec4 0, 0, 4;
    %split/vec4 1;
    %assign/vec4 v0x5614c687deb0_0, 0;
    %split/vec4 1;
    %assign/vec4 v0x5614c687dd10_0, 0;
    %split/vec4 1;
    %assign/vec4 v0x5614c687dba0_0, 0;
    %assign/vec4 v0x5614c687dab0_0, 0;
    %pushi/vec4 0, 0, 4;
    %split/vec4 1;
    %assign/vec4 v0x5614c687da10_0, 0;
    %split/vec4 1;
    %assign/vec4 v0x5614c687d8b0_0, 0;
    %split/vec4 1;
    %assign/vec4 v0x5614c687dc70_0, 0;
    %assign/vec4 v0x5614c687dff0_0, 0;
T_2.25 ;
T_2.23 ;
T_2.21 ;
T_2.19 ;
    %pushi/vec4 6, 0, 3;
    %assign/vec4 v0x5614c687df50_0, 0;
    %jmp T_2.9;
T_2.6 ;
    %load/vec4 v0x5614c687dde0_0;
    %cmpi/e 6, 0, 3;
    %jmp/0xz  T_2.26, 4;
    %pushi/vec4 0, 0, 4;
    %split/vec4 1;
    %assign/vec4 v0x5614c687deb0_0, 0;
    %split/vec4 1;
    %assign/vec4 v0x5614c687dd10_0, 0;
    %split/vec4 1;
    %assign/vec4 v0x5614c687dba0_0, 0;
    %assign/vec4 v0x5614c687dab0_0, 0;
    %pushi/vec4 2, 0, 4;
    %split/vec4 1;
    %assign/vec4 v0x5614c687da10_0, 0;
    %split/vec4 1;
    %assign/vec4 v0x5614c687d8b0_0, 0;
    %split/vec4 1;
    %assign/vec4 v0x5614c687dc70_0, 0;
    %assign/vec4 v0x5614c687dff0_0, 0;
    %jmp T_2.27;
T_2.26 ;
    %load/vec4 v0x5614c687dde0_0;
    %cmpi/e 2, 0, 3;
    %flag_mov 8, 4;
    %load/vec4 v0x5614c687dde0_0;
    %cmpi/e 3, 0, 3;
    %flag_or 4, 8;
    %flag_mov 8, 4;
    %load/vec4 v0x5614c687dde0_0;
    %cmpi/e 4, 0, 3;
    %flag_or 4, 8;
    %flag_mov 8, 4;
    %load/vec4 v0x5614c687dde0_0;
    %cmpi/e 5, 0, 3;
    %flag_or 4, 8;
    %jmp/0xz  T_2.28, 4;
    %pushi/vec4 1, 0, 4;
    %split/vec4 1;
    %assign/vec4 v0x5614c687deb0_0, 0;
    %split/vec4 1;
    %assign/vec4 v0x5614c687dd10_0, 0;
    %split/vec4 1;
    %assign/vec4 v0x5614c687dba0_0, 0;
    %assign/vec4 v0x5614c687dab0_0, 0;
    %pushi/vec4 0, 0, 4;
    %split/vec4 1;
    %assign/vec4 v0x5614c687da10_0, 0;
    %split/vec4 1;
    %assign/vec4 v0x5614c687d8b0_0, 0;
    %split/vec4 1;
    %assign/vec4 v0x5614c687dc70_0, 0;
    %assign/vec4 v0x5614c687dff0_0, 0;
    %jmp T_2.29;
T_2.28 ;
    %pushi/vec4 0, 0, 4;
    %split/vec4 1;
    %assign/vec4 v0x5614c687deb0_0, 0;
    %split/vec4 1;
    %assign/vec4 v0x5614c687dd10_0, 0;
    %split/vec4 1;
    %assign/vec4 v0x5614c687dba0_0, 0;
    %assign/vec4 v0x5614c687dab0_0, 0;
    %pushi/vec4 0, 0, 4;
    %split/vec4 1;
    %assign/vec4 v0x5614c687da10_0, 0;
    %split/vec4 1;
    %assign/vec4 v0x5614c687d8b0_0, 0;
    %split/vec4 1;
    %assign/vec4 v0x5614c687dc70_0, 0;
    %assign/vec4 v0x5614c687dff0_0, 0;
T_2.29 ;
T_2.27 ;
    %pushi/vec4 7, 0, 3;
    %assign/vec4 v0x5614c687df50_0, 0;
    %jmp T_2.9;
T_2.7 ;
    %load/vec4 v0x5614c687dde0_0;
    %pushi/vec4 1, 0, 3;
    %cmp/e;
    %flag_get/vec4 4;
    %load/vec4 v0x5614c687e0b0_0;
    %pad/u 32;
    %pushi/vec4 1, 0, 32;
    %cmp/e;
    %flag_get/vec4 4;
    %and;
    %flag_set/vec4 8;
    %jmp/0xz  T_2.30, 8;
    %pushi/vec4 8, 0, 4;
    %split/vec4 1;
    %assign/vec4 v0x5614c687deb0_0, 0;
    %split/vec4 1;
    %assign/vec4 v0x5614c687dd10_0, 0;
    %split/vec4 1;
    %assign/vec4 v0x5614c687dba0_0, 0;
    %assign/vec4 v0x5614c687dab0_0, 0;
    %pushi/vec4 0, 0, 4;
    %split/vec4 1;
    %assign/vec4 v0x5614c687da10_0, 0;
    %split/vec4 1;
    %assign/vec4 v0x5614c687d8b0_0, 0;
    %split/vec4 1;
    %assign/vec4 v0x5614c687dc70_0, 0;
    %assign/vec4 v0x5614c687dff0_0, 0;
    %jmp T_2.31;
T_2.30 ;
    %pushi/vec4 0, 0, 4;
    %split/vec4 1;
    %assign/vec4 v0x5614c687deb0_0, 0;
    %split/vec4 1;
    %assign/vec4 v0x5614c687dd10_0, 0;
    %split/vec4 1;
    %assign/vec4 v0x5614c687dba0_0, 0;
    %assign/vec4 v0x5614c687dab0_0, 0;
    %pushi/vec4 0, 0, 4;
    %split/vec4 1;
    %assign/vec4 v0x5614c687da10_0, 0;
    %split/vec4 1;
    %assign/vec4 v0x5614c687d8b0_0, 0;
    %split/vec4 1;
    %assign/vec4 v0x5614c687dc70_0, 0;
    %assign/vec4 v0x5614c687dff0_0, 0;
T_2.31 ;
    %pushi/vec4 0, 0, 3;
    %assign/vec4 v0x5614c687df50_0, 0;
    %jmp T_2.9;
T_2.9 ;
    %pop/vec4 1;
    %end;
S_0x5614c687e2e0 .scope module, "m_machinecl" "machinectl" 4 36, 12 2 0, S_0x5614c6879890;
 .timescale -9 -9;
    .port_info 0 /OUTPUT 1 "ena"
    .port_info 1 /INPUT 1 "fetch"
    .port_info 2 /INPUT 1 "rst"
    .port_info 3 /INPUT 1 "clk"
v0x5614c687e490_0 .net "clk", 0 0, v0x5614c68820f0_0;  alias, 1 drivers
v0x5614c687e550_0 .var "ena", 0 0;
v0x5614c687e640_0 .net "fetch", 0 0, v0x5614c687bde0_0;  alias, 1 drivers
v0x5614c687e760_0 .net "rst", 0 0, v0x5614c68829a0_0;  alias, 1 drivers
S_0x5614c687e820 .scope module, "m_register" "register" 4 27, 13 1 0, S_0x5614c6879890;
 .timescale -9 -9;
    .port_info 0 /OUTPUT 16 "opc_iraddr"
    .port_info 1 /INPUT 8 "data"
    .port_info 2 /INPUT 1 "ena"
    .port_info 3 /INPUT 1 "clk"
    .port_info 4 /INPUT 1 "rst"
v0x5614c687ea70_0 .net "clk", 0 0, v0x5614c68820f0_0;  alias, 1 drivers
v0x5614c687eb30_0 .net8 "data", 7 0, RS_0x7f125d7d0498;  alias, 3 drivers
v0x5614c687ebf0_0 .net "ena", 0 0, v0x5614c687dc70_0;  alias, 1 drivers
v0x5614c687ecc0_0 .var "opc_iraddr", 15 0;
v0x5614c687ed60_0 .net "rst", 0 0, v0x5614c68829a0_0;  alias, 1 drivers
v0x5614c687ee00_0 .var "state", 0 0;
S_0x5614c6880220 .scope module, "t_ram" "ram" 2 24, 14 2 0, S_0x5614c6825650;
 .timescale -9 -9;
    .port_info 0 /INOUT 8 "data"
    .port_info 1 /INPUT 10 "addr"
    .port_info 2 /INPUT 1 "ena"
    .port_info 3 /INPUT 1 "read"
    .port_info 4 /INPUT 1 "write"
L_0x5614c68529e0 .functor AND 1, v0x5614c687deb0_0, v0x5614c684caf0_0, C4<1>, C4<1>;
v0x5614c68804f0_0 .net *"_s0", 0 0, L_0x5614c68529e0;  1 drivers
v0x5614c68805d0_0 .net *"_s2", 7 0, L_0x5614c68832e0;  1 drivers
v0x5614c68806b0_0 .net *"_s4", 11 0, L_0x5614c68833a0;  1 drivers
L_0x7f125d787018 .functor BUFT 1, C4<00>, C4<0>, C4<0>, C4<0>;
v0x5614c6880770_0 .net *"_s7", 1 0, L_0x7f125d787018;  1 drivers
o0x7f125d7d11b8 .functor BUFZ 8, C4<zzzzzzzz>; HiZ drive
; Elide local net with no drivers, v0x5614c6880850_0 name=_s8
v0x5614c6880980_0 .net "addr", 9 0, L_0x5614c6883640;  1 drivers
v0x5614c6880a60_0 .net8 "data", 7 0, RS_0x7f125d7d0498;  alias, 3 drivers
v0x5614c6880b20_0 .net "ena", 0 0, v0x5614c684caf0_0;  alias, 1 drivers
v0x5614c6880bc0 .array "ram", 0 1023, 7 0;
v0x5614c6880c60_0 .net "read", 0 0, v0x5614c687deb0_0;  alias, 1 drivers
v0x5614c6880d00_0 .net "write", 0 0, v0x5614c687dff0_0;  alias, 1 drivers
E_0x5614c6880470 .event posedge, v0x5614c687dff0_0;
L_0x5614c68832e0 .array/port v0x5614c6880bc0, L_0x5614c68833a0;
L_0x5614c68833a0 .concat [ 10 2 0 0], L_0x5614c6883640, L_0x7f125d787018;
L_0x5614c6883440 .functor MUXZ 8, o0x7f125d7d11b8, L_0x5614c68832e0, L_0x5614c68529e0, C4<>;
S_0x5614c6880e40 .scope module, "t_rom" "rom" 2 26, 15 1 0, S_0x5614c6825650;
 .timescale -9 -9;
    .port_info 0 /OUTPUT 8 "data"
    .port_info 1 /INPUT 13 "addr"
    .port_info 2 /INPUT 1 "read"
    .port_info 3 /INPUT 1 "ena"
L_0x5614c68533e0 .functor AND 1, v0x5614c687deb0_0, v0x5614c68568e0_0, C4<1>, C4<1>;
v0x5614c6881010_0 .net *"_s0", 0 0, L_0x5614c68533e0;  1 drivers
v0x5614c68810f0_0 .net *"_s2", 7 0, L_0x5614c6883730;  1 drivers
v0x5614c68811d0_0 .net *"_s4", 14 0, L_0x5614c68837d0;  1 drivers
L_0x7f125d787060 .functor BUFT 1, C4<00>, C4<0>, C4<0>, C4<0>;
v0x5614c6881290_0 .net *"_s7", 1 0, L_0x7f125d787060;  1 drivers
o0x7f125d7d13c8 .functor BUFZ 8, C4<zzzzzzzz>; HiZ drive
; Elide local net with no drivers, v0x5614c6881370_0 name=_s8
v0x5614c68814a0_0 .net "addr", 12 0, L_0x5614c6883170;  alias, 1 drivers
v0x5614c6881560_0 .net8 "data", 7 0, RS_0x7f125d7d0498;  alias, 3 drivers
v0x5614c6881620_0 .net "ena", 0 0, v0x5614c68568e0_0;  alias, 1 drivers
v0x5614c68816c0 .array "memory", 0 8191, 7 0;
v0x5614c6881760_0 .net "read", 0 0, v0x5614c687deb0_0;  alias, 1 drivers
L_0x5614c6883730 .array/port v0x5614c68816c0, L_0x5614c68837d0;
L_0x5614c68837d0 .concat [ 13 2 0 0], L_0x5614c6883170, L_0x7f125d787060;
L_0x5614c6883910 .functor MUXZ 8, o0x7f125d7d13c8, L_0x5614c6883730, L_0x5614c68533e0, C4<>;
S_0x5614c6881880 .scope task, "test1" "test1" 2 56, 2 56 0, S_0x5614c6825650;
 .timescale -9 -9;
TD_cputop.test1 ;
    %pushi/vec4 0, 0, 32;
    %store/vec4 v0x5614c6882ae0_0, 0, 32;
    %disable S_0x5614c68257d0;
    %vpi_call 2 60 "$readmemb", "test1.pro", v0x5614c68816c0 {0 0 0};
    %vpi_call 2 61 "$display", "rom loaded   successfully!" {0 0 0};
    %vpi_call 2 62 "$readmemb", "test1.dat", v0x5614c6880bc0 {0 0 0};
    %vpi_call 2 63 "$display", "ram loaded   successfully!" {0 0 0};
    %delay 1, 0;
    %pushi/vec4 1, 0, 32;
    %store/vec4 v0x5614c6882ae0_0, 0, 32;
    %delay 14800, 0;
    %fork TD_cputop.sys_reset, S_0x5614c67f6ef0;
    %join;
    %end;
S_0x5614c6881a00 .scope task, "test2" "test2" 2 70, 2 70 0, S_0x5614c6825650;
 .timescale -9 -9;
TD_cputop.test2 ;
    %pushi/vec4 0, 0, 32;
    %store/vec4 v0x5614c6882ae0_0, 0, 32;
    %disable S_0x5614c68257d0;
    %vpi_call 2 74 "$readmemb", "test2.pro", v0x5614c68816c0 {0 0 0};
    %vpi_call 2 75 "$display", "rom loaded  successfully!" {0 0 0};
    %vpi_call 2 76 "$readmemb", "test2.dat", v0x5614c6880bc0 {0 0 0};
    %vpi_call 2 77 "$display", "ram loaded  successfully!" {0 0 0};
    %delay 1, 0;
    %pushi/vec4 2, 0, 32;
    %store/vec4 v0x5614c6882ae0_0, 0, 32;
    %delay 11600, 0;
    %fork TD_cputop.sys_reset, S_0x5614c67f6ef0;
    %join;
    %end;
S_0x5614c6881c60 .scope task, "test3" "test3" 2 84, 2 84 0, S_0x5614c6825650;
 .timescale -9 -9;
TD_cputop.test3 ;
    %pushi/vec4 0, 0, 32;
    %store/vec4 v0x5614c6882ae0_0, 0, 32;
    %disable S_0x5614c68257d0;
    %vpi_call 2 88 "$readmemb", "test3.pro", v0x5614c68816c0 {0 0 0};
    %vpi_call 2 89 "$display", "rom loaded  successfully!" {0 0 0};
    %vpi_call 2 90 "$readmemb", "test3.dat", v0x5614c6880bc0 {0 0 0};
    %vpi_call 2 91 "$display", "ram loaded  successfully!" {0 0 0};
    %delay 1, 0;
    %pushi/vec4 3, 0, 32;
    %store/vec4 v0x5614c6882ae0_0, 0, 32;
    %delay 94000, 0;
    %fork TD_cputop.sys_reset, S_0x5614c67f6ef0;
    %join;
    %end;
    .scope S_0x5614c687b3d0;
T_6 ;
    %wait E_0x5614c687ac30;
    %load/vec4 v0x5614c687bee0_0;
    %flag_set/vec4 8;
    %jmp/0xz  T_6.0, 8;
    %pushi/vec4 0, 0, 1;
    %assign/vec4 v0x5614c687bde0_0, 0;
    %pushi/vec4 0, 0, 1;
    %assign/vec4 v0x5614c687bc20_0, 0;
    %pushi/vec4 0, 0, 8;
    %assign/vec4 v0x5614c687bfb0_0, 0;
    %jmp T_6.1;
T_6.0 ;
    %load/vec4 v0x5614c687bfb0_0;
    %dup/vec4;
    %pushi/vec4 1, 0, 8;
    %cmp/u;
    %jmp/1 T_6.2, 6;
    %dup/vec4;
    %pushi/vec4 2, 0, 8;
    %cmp/u;
    %jmp/1 T_6.3, 6;
    %dup/vec4;
    %pushi/vec4 4, 0, 8;
    %cmp/u;
    %jmp/1 T_6.4, 6;
    %dup/vec4;
    %pushi/vec4 8, 0, 8;
    %cmp/u;
    %jmp/1 T_6.5, 6;
    %dup/vec4;
    %pushi/vec4 16, 0, 8;
    %cmp/u;
    %jmp/1 T_6.6, 6;
    %dup/vec4;
    %pushi/vec4 32, 0, 8;
    %cmp/u;
    %jmp/1 T_6.7, 6;
    %dup/vec4;
    %pushi/vec4 64, 0, 8;
    %cmp/u;
    %jmp/1 T_6.8, 6;
    %dup/vec4;
    %pushi/vec4 128, 0, 8;
    %cmp/u;
    %jmp/1 T_6.9, 6;
    %dup/vec4;
    %pushi/vec4 0, 0, 8;
    %cmp/u;
    %jmp/1 T_6.10, 6;
    %pushi/vec4 0, 0, 8;
    %assign/vec4 v0x5614c687bfb0_0, 0;
    %jmp T_6.12;
T_6.2 ;
    %pushi/vec4 1, 0, 1;
    %assign/vec4 v0x5614c687bc20_0, 0;
    %pushi/vec4 2, 0, 8;
    %assign/vec4 v0x5614c687bfb0_0, 0;
    %jmp T_6.12;
T_6.3 ;
    %pushi/vec4 0, 0, 1;
    %assign/vec4 v0x5614c687bc20_0, 0;
    %pushi/vec4 4, 0, 8;
    %assign/vec4 v0x5614c687bfb0_0, 0;
    %jmp T_6.12;
T_6.4 ;
    %pushi/vec4 1, 0, 1;
    %assign/vec4 v0x5614c687bde0_0, 0;
    %pushi/vec4 8, 0, 8;
    %assign/vec4 v0x5614c687bfb0_0, 0;
    %jmp T_6.12;
T_6.5 ;
    %pushi/vec4 16, 0, 8;
    %assign/vec4 v0x5614c687bfb0_0, 0;
    %jmp T_6.12;
T_6.6 ;
    %pushi/vec4 32, 0, 8;
    %assign/vec4 v0x5614c687bfb0_0, 0;
    %jmp T_6.12;
T_6.7 ;
    %pushi/vec4 64, 0, 8;
    %assign/vec4 v0x5614c687bfb0_0, 0;
    %jmp T_6.12;
T_6.8 ;
    %pushi/vec4 0, 0, 1;
    %assign/vec4 v0x5614c687bde0_0, 0;
    %pushi/vec4 128, 0, 8;
    %assign/vec4 v0x5614c687bfb0_0, 0;
    %jmp T_6.12;
T_6.9 ;
    %pushi/vec4 1, 0, 8;
    %assign/vec4 v0x5614c687bfb0_0, 0;
    %jmp T_6.12;
T_6.10 ;
    %pushi/vec4 1, 0, 8;
    %assign/vec4 v0x5614c687bfb0_0, 0;
    %jmp T_6.12;
T_6.12 ;
    %pop/vec4 1;
T_6.1 ;
    %jmp T_6;
    .thread T_6;
    .scope S_0x5614c687e820;
T_7 ;
    %wait E_0x5614c685ef40;
    %load/vec4 v0x5614c687ed60_0;
    %flag_set/vec4 8;
    %jmp/0xz  T_7.0, 8;
    %pushi/vec4 0, 0, 16;
    %assign/vec4 v0x5614c687ecc0_0, 0;
    %pushi/vec4 0, 0, 1;
    %assign/vec4 v0x5614c687ee00_0, 0;
    %jmp T_7.1;
T_7.0 ;
    %load/vec4 v0x5614c687ebf0_0;
    %flag_set/vec4 8;
    %jmp/0xz  T_7.2, 8;
    %load/vec4 v0x5614c687ee00_0;
    %dup/vec4;
    %pushi/vec4 0, 0, 1;
    %cmp/x;
    %jmp/1 T_7.4, 4;
    %dup/vec4;
    %pushi/vec4 1, 0, 1;
    %cmp/x;
    %jmp/1 T_7.5, 4;
    %pushi/vec4 65535, 65535, 16;
    %assign/vec4 v0x5614c687ecc0_0, 0;
    %pushi/vec4 1, 1, 1;
    %assign/vec4 v0x5614c687ee00_0, 0;
    %jmp T_7.7;
T_7.4 ;
    %load/vec4 v0x5614c687eb30_0;
    %ix/load 4, 8, 0;
    %ix/load 5, 0, 0;
    %flag_set/imm 4, 0;
    %assign/vec4/off/d v0x5614c687ecc0_0, 4, 5;
    %pushi/vec4 1, 0, 1;
    %assign/vec4 v0x5614c687ee00_0, 0;
    %jmp T_7.7;
T_7.5 ;
    %load/vec4 v0x5614c687eb30_0;
    %ix/load 4, 0, 0;
    %ix/load 5, 0, 0;
    %flag_set/imm 4, 0;
    %assign/vec4/off/d v0x5614c687ecc0_0, 4, 5;
    %pushi/vec4 0, 0, 1;
    %assign/vec4 v0x5614c687ee00_0, 0;
    %jmp T_7.7;
T_7.7 ;
    %pop/vec4 1;
    %jmp T_7.3;
T_7.2 ;
    %pushi/vec4 0, 0, 1;
    %assign/vec4 v0x5614c687ee00_0, 0;
T_7.3 ;
T_7.1 ;
    %jmp T_7;
    .thread T_7;
    .scope S_0x5614c6879ab0;
T_8 ;
    %wait E_0x5614c685ef40;
    %load/vec4 v0x5614c6879d80_0;
    %flag_set/vec4 8;
    %jmp/0xz  T_8.0, 8;
    %pushi/vec4 0, 0, 8;
    %assign/vec4 v0x5614c685ba00_0, 0;
    %jmp T_8.1;
T_8.0 ;
    %load/vec4 v0x5614c684d0f0_0;
    %flag_set/vec4 8;
    %jmp/0xz  T_8.2, 8;
    %load/vec4 v0x5614c684f790_0;
    %assign/vec4 v0x5614c685ba00_0, 0;
T_8.2 ;
T_8.1 ;
    %jmp T_8;
    .thread T_8;
    .scope S_0x5614c687a4d0;
T_9 ;
    %wait E_0x5614c687ad10;
    %load/vec4 v0x5614c687b0e0_0;
    %dup/vec4;
    %pushi/vec4 0, 0, 3;
    %cmp/x;
    %jmp/1 T_9.0, 4;
    %dup/vec4;
    %pushi/vec4 1, 0, 3;
    %cmp/x;
    %jmp/1 T_9.1, 4;
    %dup/vec4;
    %pushi/vec4 2, 0, 3;
    %cmp/x;
    %jmp/1 T_9.2, 4;
    %dup/vec4;
    %pushi/vec4 3, 0, 3;
    %cmp/x;
    %jmp/1 T_9.3, 4;
    %dup/vec4;
    %pushi/vec4 4, 0, 3;
    %cmp/x;
    %jmp/1 T_9.4, 4;
    %dup/vec4;
    %pushi/vec4 5, 0, 3;
    %cmp/x;
    %jmp/1 T_9.5, 4;
    %dup/vec4;
    %pushi/vec4 6, 0, 3;
    %cmp/x;
    %jmp/1 T_9.6, 4;
    %dup/vec4;
    %pushi/vec4 7, 0, 3;
    %cmp/x;
    %jmp/1 T_9.7, 4;
    %pushi/vec4 255, 255, 8;
    %assign/vec4 v0x5614c687af20_0, 0;
    %jmp T_9.9;
T_9.0 ;
    %load/vec4 v0x5614c687ad70_0;
    %assign/vec4 v0x5614c687af20_0, 0;
    %jmp T_9.9;
T_9.1 ;
    %load/vec4 v0x5614c687ad70_0;
    %assign/vec4 v0x5614c687af20_0, 0;
    %jmp T_9.9;
T_9.2 ;
    %load/vec4 v0x5614c687b020_0;
    %load/vec4 v0x5614c687ad70_0;
    %add;
    %assign/vec4 v0x5614c687af20_0, 0;
    %jmp T_9.9;
T_9.3 ;
    %load/vec4 v0x5614c687b020_0;
    %load/vec4 v0x5614c687ad70_0;
    %and;
    %assign/vec4 v0x5614c687af20_0, 0;
    %jmp T_9.9;
T_9.4 ;
    %load/vec4 v0x5614c687b020_0;
    %load/vec4 v0x5614c687ad70_0;
    %xor;
    %assign/vec4 v0x5614c687af20_0, 0;
    %jmp T_9.9;
T_9.5 ;
    %load/vec4 v0x5614c687b020_0;
    %assign/vec4 v0x5614c687af20_0, 0;
    %jmp T_9.9;
T_9.6 ;
    %load/vec4 v0x5614c687ad70_0;
    %assign/vec4 v0x5614c687af20_0, 0;
    %jmp T_9.9;
T_9.7 ;
    %load/vec4 v0x5614c687ad70_0;
    %assign/vec4 v0x5614c687af20_0, 0;
    %jmp T_9.9;
T_9.9 ;
    %pop/vec4 1;
    %jmp T_9;
    .thread T_9;
    .scope S_0x5614c687e2e0;
T_10 ;
    %wait E_0x5614c685ef40;
    %load/vec4 v0x5614c687e760_0;
    %flag_set/vec4 8;
    %jmp/0xz  T_10.0, 8;
    %pushi/vec4 0, 0, 1;
    %assign/vec4 v0x5614c687e550_0, 0;
    %jmp T_10.1;
T_10.0 ;
    %load/vec4 v0x5614c687e640_0;
    %flag_set/vec4 8;
    %jmp/0xz  T_10.2, 8;
    %pushi/vec4 1, 0, 1;
    %assign/vec4 v0x5614c687e550_0, 0;
T_10.2 ;
T_10.1 ;
    %jmp T_10;
    .thread T_10;
    .scope S_0x5614c687ce70;
T_11 ;
    %wait E_0x5614c687ac30;
    %load/vec4 v0x5614c687d970_0;
    %nor/r;
    %flag_set/vec4 8;
    %jmp/0xz  T_11.0, 8;
    %pushi/vec4 0, 0, 3;
    %assign/vec4 v0x5614c687df50_0, 0;
    %pushi/vec4 0, 0, 4;
    %split/vec4 1;
    %assign/vec4 v0x5614c687deb0_0, 0;
    %split/vec4 1;
    %assign/vec4 v0x5614c687dd10_0, 0;
    %split/vec4 1;
    %assign/vec4 v0x5614c687dba0_0, 0;
    %assign/vec4 v0x5614c687dab0_0, 0;
    %pushi/vec4 0, 0, 4;
    %split/vec4 1;
    %assign/vec4 v0x5614c687da10_0, 0;
    %split/vec4 1;
    %assign/vec4 v0x5614c687d8b0_0, 0;
    %split/vec4 1;
    %assign/vec4 v0x5614c687dc70_0, 0;
    %assign/vec4 v0x5614c687dff0_0, 0;
    %jmp T_11.1;
T_11.0 ;
    %fork TD_cputop.t_cpu.m_machine.ctl_cycle, S_0x5614c687d5d0;
    %join;
T_11.1 ;
    %jmp T_11;
    .thread T_11;
    .scope S_0x5614c687c0c0;
T_12 ;
    %wait E_0x5614c687c2e0;
    %load/vec4 v0x5614c687c6a0_0;
    %flag_set/vec4 8;
    %jmp/0xz  T_12.0, 8;
    %pushi/vec4 0, 0, 13;
    %assign/vec4 v0x5614c687c5d0_0, 0;
    %jmp T_12.1;
T_12.0 ;
    %load/vec4 v0x5614c687c500_0;
    %flag_set/vec4 8;
    %jmp/0xz  T_12.2, 8;
    %load/vec4 v0x5614c687c440_0;
    %assign/vec4 v0x5614c687c5d0_0, 0;
    %jmp T_12.3;
T_12.2 ;
    %load/vec4 v0x5614c687c5d0_0;
    %addi 1, 0, 13;
    %assign/vec4 v0x5614c687c5d0_0, 0;
T_12.3 ;
T_12.1 ;
    %jmp T_12;
    .thread T_12;
    .scope S_0x5614c6880220;
T_13 ;
    %wait E_0x5614c6880470;
    %load/vec4 v0x5614c6880a60_0;
    %load/vec4 v0x5614c6880980_0;
    %pad/u 12;
    %ix/vec4 3;
    %ix/load 4, 0, 0; Constant delay
    %assign/vec4/a/d v0x5614c6880bc0, 0, 4;
    %jmp T_13;
    .thread T_13;
    .scope S_0x5614c67f8050;
T_14 ;
    %wait E_0x5614c685ef00;
    %load/vec4 v0x5614c6843e50_0;
    %dup/vec4;
    %pushi/vec4 8191, 2047, 13;
    %cmp/x;
    %jmp/1 T_14.0, 4;
    %dup/vec4;
    %pushi/vec4 4095, 4095, 13;
    %cmp/x;
    %jmp/1 T_14.1, 4;
    %dup/vec4;
    %pushi/vec4 6143, 2047, 13;
    %cmp/x;
    %jmp/1 T_14.2, 4;
    %pushi/vec4 0, 0, 2;
    %split/vec4 1;
    %assign/vec4 v0x5614c684caf0_0, 0;
    %assign/vec4 v0x5614c68568e0_0, 0;
    %jmp T_14.4;
T_14.0 ;
    %pushi/vec4 1, 0, 2;
    %split/vec4 1;
    %assign/vec4 v0x5614c684caf0_0, 0;
    %assign/vec4 v0x5614c68568e0_0, 0;
    %jmp T_14.4;
T_14.1 ;
    %pushi/vec4 2, 0, 2;
    %split/vec4 1;
    %assign/vec4 v0x5614c684caf0_0, 0;
    %assign/vec4 v0x5614c68568e0_0, 0;
    %jmp T_14.4;
T_14.2 ;
    %pushi/vec4 2, 0, 2;
    %split/vec4 1;
    %assign/vec4 v0x5614c684caf0_0, 0;
    %assign/vec4 v0x5614c68568e0_0, 0;
    %jmp T_14.4;
T_14.4 ;
    %pop/vec4 1;
    %jmp T_14;
    .thread T_14, $push;
    .scope S_0x5614c6825650;
T_15 ;
    %pushi/vec4 1, 0, 1;
    %store/vec4 v0x5614c68820f0_0, 0, 1;
    %vpi_call 2 35 "$timeformat", 32'sb11111111111111111111111111110111, 32'sb00000000000000000000000000000001, " ns", 32'sb00000000000000000000000000001100 {0 0 0};
    %fork TD_cputop.display_debug_message, S_0x5614c67f6d20;
    %join;
    %fork TD_cputop.sys_reset, S_0x5614c67f6ef0;
    %join;
    %fork TD_cputop.test1, S_0x5614c6881880;
    %join;
    %vpi_call 2 39 "$stop" {0 0 0};
    %fork TD_cputop.test2, S_0x5614c6881a00;
    %join;
    %vpi_call 2 41 "$stop" {0 0 0};
    %fork TD_cputop.test3, S_0x5614c6881c60;
    %join;
    %vpi_call 2 43 "$finish" {0 0 0};
    %end;
    .thread T_15;
    .scope S_0x5614c6825650;
T_16 ;
    %wait E_0x5614c685ec00;
    %fork t_1, S_0x5614c68257d0;
    %jmp t_0;
    .scope S_0x5614c68257d0;
t_1 ;
    %load/vec4 v0x5614c6882ae0_0;
    %dup/vec4;
    %pushi/vec4 1, 0, 32;
    %cmp/u;
    %jmp/1 T_16.0, 6;
    %dup/vec4;
    %pushi/vec4 2, 0, 32;
    %cmp/u;
    %jmp/1 T_16.1, 6;
    %dup/vec4;
    %pushi/vec4 3, 0, 32;
    %cmp/u;
    %jmp/1 T_16.2, 6;
    %jmp T_16.3;
T_16.0 ;
    %vpi_call 2 111 "$display", "\012*** RUNNING CPUtest1 - The Basic CPU Diagnostic Program ***" {0 0 0};
    %vpi_call 2 112 "$display", "\012     TIME           PC       INSTR      ADDR     DATA  " {0 0 0};
    %vpi_call 2 113 "$display", "    ----------      ----     -----     -----       ----- " {0 0 0};
T_16.4 ;
    %load/vec4 v0x5614c6882ae0_0;
    %cmpi/e 1, 0, 32;
    %jmp/0xz T_16.5, 4;
    %wait E_0x5614c685ee80;
    %load/vec4 v0x5614c687a340_0;
    %pad/u 32;
    %pushi/vec4 2, 0, 32;
    %mod;
    %pushi/vec4 1, 0, 32;
    %cmp/e;
    %flag_get/vec4 4;
    %load/vec4 v0x5614c687a1e0_0;
    %pad/u 32;
    %pushi/vec4 1, 0, 32;
    %cmp/e;
    %flag_get/vec4 4;
    %and;
    %flag_set/vec4 8;
    %jmp/0xz  T_16.6, 8;
    %delay 60, 0;
    %load/vec4 v0x5614c687a340_0;
    %subi 1, 0, 13;
    %assign/vec4 v0x5614c6881ee0_0, 0;
    %load/vec4 v0x5614c687a280_0;
    %assign/vec4 v0x5614c6881de0_0, 0;
    %delay 340, 0;
    %vpi_call 2 120 "$strobe", "%t   %h     %s         %h      %h", $time, v0x5614c6881ee0_0, v0x5614c68824e0_0, v0x5614c6881de0_0, v0x5614c6882190_0 {0 0 0};
T_16.6 ;
    %jmp T_16.4;
T_16.5 ;
    %jmp T_16.3;
T_16.1 ;
    %vpi_call 2 128 "$display", "\012*** RUNNING CPUtest2 - The Advanced CPU Diagnostic Program ***" {0 0 0};
    %vpi_call 2 129 "$display", "\012     TIME          PC       INSTR      ADDR     DATA  " {0 0 0};
    %vpi_call 2 130 "$display", "   ----------      ---        -----       -----    ---- " {0 0 0};
T_16.8 ;
    %load/vec4 v0x5614c6882ae0_0;
    %cmpi/e 2, 0, 32;
    %jmp/0xz T_16.9, 4;
    %wait E_0x5614c685ee80;
    %load/vec4 v0x5614c687a340_0;
    %pad/u 32;
    %pushi/vec4 2, 0, 32;
    %mod;
    %pushi/vec4 1, 0, 32;
    %cmp/e;
    %flag_get/vec4 4;
    %load/vec4 v0x5614c687a1e0_0;
    %pad/u 32;
    %pushi/vec4 1, 0, 32;
    %cmp/e;
    %flag_get/vec4 4;
    %and;
    %flag_set/vec4 8;
    %jmp/0xz  T_16.10, 8;
    %delay 60, 0;
    %load/vec4 v0x5614c687a340_0;
    %subi 1, 0, 13;
    %assign/vec4 v0x5614c6881ee0_0, 0;
    %load/vec4 v0x5614c687a280_0;
    %assign/vec4 v0x5614c6881de0_0, 0;
    %delay 340, 0;
    %vpi_call 2 137 "$strobe", "%t  %h  %s         %h        %h", $time, v0x5614c6881ee0_0, v0x5614c68824e0_0, v0x5614c6881de0_0, v0x5614c6882190_0 {0 0 0};
T_16.10 ;
    %jmp T_16.8;
T_16.9 ;
    %jmp T_16.3;
T_16.2 ;
    %vpi_call 2 144 "$display", "\012***   RUNNING CPUtest3 - An Executable Program   ***" {0 0 0};
    %vpi_call 2 145 "$display", "*** This program should calculate the fibonacci  ***" {0 0 0};
    %vpi_call 2 146 "$display", "\012    TIME      FIBONACCI NUMBER" {0 0 0};
    %vpi_call 2 147 "$display", "  ---------   -----------------" {0 0 0};
T_16.12 ;
    %load/vec4 v0x5614c6882ae0_0;
    %cmpi/e 3, 0, 32;
    %jmp/0xz T_16.13, 4;
T_16.14 ;
    %load/vec4 v0x5614c687b0e0_0;
    %pushi/vec4 1, 0, 3;
    %cmp/e;
    %flag_get/vec4 4;
    %cmpi/ne 1, 0, 1;
    %jmp/0xz T_16.15, 6;
    %wait E_0x5614c685eec0;
    %jmp T_16.14;
T_16.15 ;
    %vpi_call 2 151 "$strobe", "%t     %d", $time, &A<v0x5614c6880bc0, 2> {0 0 0};
T_16.16 ;
    %load/vec4 v0x5614c687b0e0_0;
    %pushi/vec4 1, 0, 3;
    %cmp/e;
    %flag_get/vec4 4;
    %inv;
    %cmpi/ne 1, 0, 1;
    %jmp/0xz T_16.17, 6;
    %wait E_0x5614c685eec0;
    %jmp T_16.16;
T_16.17 ;
    %jmp T_16.12;
T_16.13 ;
    %jmp T_16.3;
T_16.3 ;
    %pop/vec4 1;
    %end;
    .scope S_0x5614c6825650;
t_0 %join;
    %jmp T_16;
    .thread T_16, $push;
    .scope S_0x5614c6825650;
T_17 ;
    %wait E_0x5614c685ee00;
    %delay 500, 0;
    %vpi_call 2 161 "$display", "\012*********************************************" {0 0 0};
    %vpi_call 2 162 "$display", "**  A HALT INSTRUCTION WAS PROCESSED  !!!  **" {0 0 0};
    %vpi_call 2 163 "$display", "*********************************************\012" {0 0 0};
    %jmp T_17;
    .thread T_17;
    .scope S_0x5614c6825650;
T_18 ;
    %delay 50, 0;
    %load/vec4 v0x5614c68820f0_0;
    %inv;
    %store/vec4 v0x5614c68820f0_0, 0, 1;
    %jmp T_18;
    .thread T_18;
    .scope S_0x5614c6825650;
T_19 ;
    %wait E_0x5614c685eec0;
    %load/vec4 v0x5614c687b0e0_0;
    %dup/vec4;
    %pushi/vec4 0, 0, 3;
    %cmp/u;
    %jmp/1 T_19.0, 6;
    %dup/vec4;
    %pushi/vec4 1, 0, 3;
    %cmp/u;
    %jmp/1 T_19.1, 6;
    %dup/vec4;
    %pushi/vec4 2, 0, 3;
    %cmp/u;
    %jmp/1 T_19.2, 6;
    %dup/vec4;
    %pushi/vec4 3, 0, 3;
    %cmp/u;
    %jmp/1 T_19.3, 6;
    %dup/vec4;
    %pushi/vec4 4, 0, 3;
    %cmp/u;
    %jmp/1 T_19.4, 6;
    %dup/vec4;
    %pushi/vec4 5, 0, 3;
    %cmp/u;
    %jmp/1 T_19.5, 6;
    %dup/vec4;
    %pushi/vec4 6, 0, 3;
    %cmp/u;
    %jmp/1 T_19.6, 6;
    %dup/vec4;
    %pushi/vec4 7, 0, 3;
    %cmp/u;
    %jmp/1 T_19.7, 6;
    %pushi/vec4 4144959, 0, 25;
    %store/vec4 v0x5614c68824e0_0, 0, 25;
    %jmp T_19.9;
T_19.0 ;
    %pushi/vec4 4738132, 0, 25;
    %store/vec4 v0x5614c68824e0_0, 0, 25;
    %jmp T_19.9;
T_19.1 ;
    %pushi/vec4 5458778, 0, 25;
    %store/vec4 v0x5614c68824e0_0, 0, 25;
    %jmp T_19.9;
T_19.2 ;
    %pushi/vec4 4277316, 0, 25;
    %store/vec4 v0x5614c68824e0_0, 0, 25;
    %jmp T_19.9;
T_19.3 ;
    %pushi/vec4 4279876, 0, 25;
    %store/vec4 v0x5614c68824e0_0, 0, 25;
    %jmp T_19.9;
T_19.4 ;
    %pushi/vec4 5787474, 0, 25;
    %store/vec4 v0x5614c68824e0_0, 0, 25;
    %jmp T_19.9;
T_19.5 ;
    %pushi/vec4 4998209, 0, 25;
    %store/vec4 v0x5614c68824e0_0, 0, 25;
    %jmp T_19.9;
T_19.6 ;
    %pushi/vec4 5461071, 0, 25;
    %store/vec4 v0x5614c68824e0_0, 0, 25;
    %jmp T_19.9;
T_19.7 ;
    %pushi/vec4 4869456, 0, 25;
    %store/vec4 v0x5614c68824e0_0, 0, 25;
    %jmp T_19.9;
T_19.9 ;
    %pop/vec4 1;
    %jmp T_19;
    .thread T_19, $push;
# The file index is used to find the file name in the following table.
:file_names 16;
    "N/A";
    "<interactive>";
    "cputop.v";
    "./addr_decode.v";
    "./cpu.v";
    "./accum.v";
    "./adr.v";
    "./alu.v";
    "./clk_gen.v";
    "./counter.v";
    "./datactl.v";
    "./machine.v";
    "./machinectl.v";
    "./register.v";
    "./ram.v";
    "./rom.v";
