#! /usr/bin/vvp
:ivl_version "10.3 (stable)";
:ivl_delay_selection "TYPICAL";
:vpi_time_precision - 12;
:vpi_module "system";
:vpi_module "vhdl_sys";
:vpi_module "v2005_math";
:vpi_module "va_math";
S_0x55a3b0c284b0 .scope module, "tb_mpc" "tb_mpc" 2 51;
 .timescale -9 -12;
P_0x55a3b0c28630 .param/l "PERIOD" 0 2 54, +C4<00000000000000000000000000001010>;
v0x55a3b0c3cac0_0 .var "instr", 17 0;
v0x55a3b0c3cb80_0 .net "out", 8 0, v0x55a3b0c3c930_0;  1 drivers
S_0x55a3b0bee030 .scope module, "u_mpc" "mpc" 2 76, 2 1 0, S_0x55a3b0c284b0;
 .timescale 0 0;
    .port_info 0 /INPUT 18 "instr"
    .port_info 1 /OUTPUT 9 "out"
v0x55a3b0c3c5d0_0 .var "func", 0 0;
v0x55a3b0c3c6b0_0 .net "instr", 17 0, v0x55a3b0c3cac0_0;  1 drivers
v0x55a3b0c3c790_0 .var "op1", 7 0;
v0x55a3b0c3c850_0 .var "op2", 7 0;
v0x55a3b0c3c930_0 .var "out", 8 0;
E_0x55a3b0c23450 .event edge, v0x55a3b0c3c6b0_0;
S_0x55a3b0bee200 .scope function, "code_add" "code_add" 2 6, 2 6 0, S_0x55a3b0bee030;
 .timescale 0 0;
v0x55a3b0c286d0_0 .var "add_func", 0 0;
v0x55a3b0c3c110_0 .var "code", 7 0;
v0x55a3b0c3c1f0_0 .var "code_add", 16 0;
v0x55a3b0c3c2e0_0 .var "instr", 17 0;
v0x55a3b0c3c3c0_0 .var "opr1", 7 0;
v0x55a3b0c3c4f0_0 .var "opr2", 7 0;
TD_tb_mpc.u_mpc.code_add ;
    %load/vec4 v0x55a3b0c3c2e0_0;
    %parti/s 2, 16, 6;
    %pad/u 8;
    %store/vec4 v0x55a3b0c3c110_0, 0, 8;
    %load/vec4 v0x55a3b0c3c2e0_0;
    %parti/s 8, 0, 2;
    %store/vec4 v0x55a3b0c3c3c0_0, 0, 8;
    %load/vec4 v0x55a3b0c3c110_0;
    %dup/vec4;
    %pushi/vec4 0, 0, 8;
    %cmp/u;
    %jmp/1 T_0.0, 6;
    %dup/vec4;
    %pushi/vec4 1, 0, 8;
    %cmp/u;
    %jmp/1 T_0.1, 6;
    %dup/vec4;
    %pushi/vec4 2, 0, 8;
    %cmp/u;
    %jmp/1 T_0.2, 6;
    %dup/vec4;
    %pushi/vec4 3, 0, 8;
    %cmp/u;
    %jmp/1 T_0.3, 6;
    %jmp T_0.4;
T_0.0 ;
    %pushi/vec4 1, 0, 1;
    %store/vec4 v0x55a3b0c286d0_0, 0, 1;
    %load/vec4 v0x55a3b0c3c2e0_0;
    %parti/s 8, 8, 5;
    %store/vec4 v0x55a3b0c3c4f0_0, 0, 8;
    %jmp T_0.4;
T_0.1 ;
    %pushi/vec4 0, 0, 1;
    %store/vec4 v0x55a3b0c286d0_0, 0, 1;
    %load/vec4 v0x55a3b0c3c2e0_0;
    %parti/s 8, 8, 5;
    %store/vec4 v0x55a3b0c3c4f0_0, 0, 8;
    %jmp T_0.4;
T_0.2 ;
    %pushi/vec4 1, 0, 1;
    %store/vec4 v0x55a3b0c286d0_0, 0, 1;
    %pushi/vec4 1, 0, 8;
    %store/vec4 v0x55a3b0c3c4f0_0, 0, 8;
    %jmp T_0.4;
T_0.3 ;
    %pushi/vec4 0, 0, 1;
    %store/vec4 v0x55a3b0c286d0_0, 0, 1;
    %pushi/vec4 1, 0, 8;
    %store/vec4 v0x55a3b0c3c4f0_0, 0, 8;
    %jmp T_0.4;
T_0.4 ;
    %pop/vec4 1;
    %load/vec4 v0x55a3b0c286d0_0;
    %load/vec4 v0x55a3b0c3c4f0_0;
    %concat/vec4; draw_concat_vec4
    %load/vec4 v0x55a3b0c3c3c0_0;
    %concat/vec4; draw_concat_vec4
    %store/vec4 v0x55a3b0c3c1f0_0, 0, 17;
    %end;
    .scope S_0x55a3b0bee030;
T_1 ;
    %wait E_0x55a3b0c23450;
    %load/vec4 v0x55a3b0c3c6b0_0;
    %store/vec4 v0x55a3b0c3c2e0_0, 0, 18;
    %fork TD_tb_mpc.u_mpc.code_add, S_0x55a3b0bee200;
    %join;
    %load/vec4  v0x55a3b0c3c1f0_0;
    %split/vec4 8;
    %store/vec4 v0x55a3b0c3c790_0, 0, 8;
    %split/vec4 8;
    %store/vec4 v0x55a3b0c3c850_0, 0, 8;
    %store/vec4 v0x55a3b0c3c5d0_0, 0, 1;
    %load/vec4 v0x55a3b0c3c5d0_0;
    %pad/u 32;
    %cmpi/e 1, 0, 32;
    %jmp/0xz  T_1.0, 4;
    %load/vec4 v0x55a3b0c3c790_0;
    %pad/u 9;
    %load/vec4 v0x55a3b0c3c850_0;
    %pad/u 9;
    %add;
    %store/vec4 v0x55a3b0c3c930_0, 0, 9;
    %jmp T_1.1;
T_1.0 ;
    %load/vec4 v0x55a3b0c3c790_0;
    %pad/u 9;
    %load/vec4 v0x55a3b0c3c850_0;
    %pad/u 9;
    %sub;
    %store/vec4 v0x55a3b0c3c930_0, 0, 9;
T_1.1 ;
    %jmp T_1;
    .thread T_1, $push;
    .scope S_0x55a3b0c284b0;
T_2 ;
    %pushi/vec4 0, 0, 18;
    %store/vec4 v0x55a3b0c3cac0_0, 0, 18;
    %end;
    .thread T_2;
    .scope S_0x55a3b0c284b0;
T_3 ;
    %delay 20000, 0;
    %pushi/vec4 29323, 0, 18;
    %store/vec4 v0x55a3b0c3cac0_0, 0, 18;
    %delay 10000, 0;
    %pushi/vec4 94859, 0, 18;
    %store/vec4 v0x55a3b0c3cac0_0, 0, 18;
    %delay 10000, 0;
    %pushi/vec4 160395, 0, 18;
    %store/vec4 v0x55a3b0c3cac0_0, 0, 18;
    %delay 10000, 0;
    %pushi/vec4 225931, 0, 18;
    %store/vec4 v0x55a3b0c3cac0_0, 0, 18;
    %end;
    .thread T_3;
    .scope S_0x55a3b0c284b0;
T_4 ;
    %vpi_call 2 84 "$dumpfile", "mpv.vcd" {0 0 0};
    %vpi_call 2 85 "$dumpvars" {0 0 0};
    %end;
    .thread T_4;
    .scope S_0x55a3b0c284b0;
T_5 ;
    %delay 60000, 0;
    %vpi_call 2 91 "$finish" {0 0 0};
    %end;
    .thread T_5;
# The file index is used to find the file name in the following table.
:file_names 3;
    "N/A";
    "<interactive>";
    "mpc.v";
