#! /usr/bin/vvp
:ivl_version "10.3 (stable)";
:ivl_delay_selection "TYPICAL";
:vpi_time_precision - 12;
:vpi_module "system";
:vpi_module "vhdl_sys";
:vpi_module "v2005_math";
:vpi_module "va_math";
S_0x556af61d7800 .scope module, "tb_turing" "tb_turing" 2 116;
 .timescale -9 -12;
P_0x556af61c2a30 .param/l "PERIOD" 0 2 119, +C4<00000000000000000000000000001010>;
P_0x556af61c2a70 .param/l "Q1_0" 0 2 120, C4<000>;
v0x556af61f3fd0_0 .var "a", 2 0;
v0x556af61f40b0_0 .var "b", 2 0;
v0x556af61f41c0_0 .net "c", 3 0, v0x556af61f3820_0;  1 drivers
v0x556af61f4260_0 .var "clk", 0 0;
v0x556af61f4330_0 .var "rst", 0 0;
v0x556af61f4420_0 .net "seq", 18 0, v0x556af61f3d10_0;  1 drivers
S_0x556af61d9a60 .scope module, "u_turing" "turing" 2 147, 2 1 0, S_0x556af61d7800;
 .timescale 0 0;
    .port_info 0 /INPUT 1 "clk"
    .port_info 1 /INPUT 1 "rst"
    .port_info 2 /OUTPUT 19 "seq"
    .port_info 3 /INPUT 3 "a"
    .port_info 4 /INPUT 3 "b"
    .port_info 5 /OUTPUT 4 "c"
P_0x556af61d9c30 .param/l "Q1_0" 0 2 10, C4<000>;
P_0x556af61d9c70 .param/l "Q1_1" 0 2 11, C4<001>;
P_0x556af61d9cb0 .param/l "Q2_0" 0 2 12, C4<010>;
P_0x556af61d9cf0 .param/l "Q2_1" 0 2 13, C4<011>;
P_0x556af61d9d30 .param/l "Q3_0" 0 2 14, C4<100>;
P_0x556af61d9d70 .param/l "Q3_1" 0 2 15, C4<101>;
P_0x556af61d9db0 .param/l "Q4_0" 0 2 16, C4<110>;
P_0x556af61d9df0 .param/l "Q4_1" 0 2 17, C4<111>;
v0x556af61f3660_0 .net "a", 2 0, v0x556af61f3fd0_0;  1 drivers
v0x556af61f3750_0 .net "b", 2 0, v0x556af61f40b0_0;  1 drivers
v0x556af61f3820_0 .var "c", 3 0;
v0x556af61f38f0_0 .net "clk", 0 0, v0x556af61f4260_0;  1 drivers
v0x556af61f39b0_0 .net "da", 7 0, v0x556af61f30d0_0;  1 drivers
v0x556af61f3ac0_0 .net "db", 7 0, v0x556af61f3520_0;  1 drivers
v0x556af61f3b90_0 .var/i "k", 31 0;
v0x556af61f3c50_0 .net "rst", 0 0, v0x556af61f4330_0;  1 drivers
v0x556af61f3d10_0 .var "seq", 18 0;
v0x556af61f3df0_0 .var "state", 2 0;
E_0x556af61d5d10/0 .event negedge, v0x556af61f3c50_0;
E_0x556af61d5d10/1 .event posedge, v0x556af61f38f0_0;
E_0x556af61d5d10 .event/or E_0x556af61d5d10/0, E_0x556af61d5d10/1;
S_0x556af6199120 .scope module, "U1" "fora" 2 19, 2 81 0, S_0x556af61d9a60;
 .timescale 0 0;
    .port_info 0 /INPUT 3 "a"
    .port_info 1 /OUTPUT 8 "band"
v0x556af6199310_0 .net "a", 2 0, v0x556af61f3fd0_0;  alias, 1 drivers
v0x556af61f30d0_0 .var "band", 7 0;
E_0x556af61c37c0 .event edge, v0x556af6199310_0;
S_0x556af61f3210 .scope module, "U2" "forb" 2 20, 2 97 0, S_0x556af61d9a60;
 .timescale 0 0;
    .port_info 0 /INPUT 3 "b"
    .port_info 1 /OUTPUT 8 "band"
v0x556af61f3420_0 .net "b", 2 0, v0x556af61f40b0_0;  alias, 1 drivers
v0x556af61f3520_0 .var "band", 7 0;
E_0x556af61c30c0 .event edge, v0x556af61f3420_0;
    .scope S_0x556af6199120;
T_0 ;
    %wait E_0x556af61c37c0;
    %load/vec4 v0x556af6199310_0;
    %dup/vec4;
    %pushi/vec4 0, 0, 3;
    %cmp/u;
    %jmp/1 T_0.0, 6;
    %dup/vec4;
    %pushi/vec4 1, 0, 3;
    %cmp/u;
    %jmp/1 T_0.1, 6;
    %dup/vec4;
    %pushi/vec4 2, 0, 3;
    %cmp/u;
    %jmp/1 T_0.2, 6;
    %dup/vec4;
    %pushi/vec4 3, 0, 3;
    %cmp/u;
    %jmp/1 T_0.3, 6;
    %dup/vec4;
    %pushi/vec4 4, 0, 3;
    %cmp/u;
    %jmp/1 T_0.4, 6;
    %dup/vec4;
    %pushi/vec4 5, 0, 3;
    %cmp/u;
    %jmp/1 T_0.5, 6;
    %dup/vec4;
    %pushi/vec4 6, 0, 3;
    %cmp/u;
    %jmp/1 T_0.6, 6;
    %dup/vec4;
    %pushi/vec4 7, 0, 3;
    %cmp/u;
    %jmp/1 T_0.7, 6;
    %jmp T_0.8;
T_0.0 ;
    %pushi/vec4 1, 0, 8;
    %store/vec4 v0x556af61f30d0_0, 0, 8;
    %jmp T_0.8;
T_0.1 ;
    %pushi/vec4 3, 0, 8;
    %store/vec4 v0x556af61f30d0_0, 0, 8;
    %jmp T_0.8;
T_0.2 ;
    %pushi/vec4 7, 0, 8;
    %store/vec4 v0x556af61f30d0_0, 0, 8;
    %jmp T_0.8;
T_0.3 ;
    %pushi/vec4 15, 0, 8;
    %store/vec4 v0x556af61f30d0_0, 0, 8;
    %jmp T_0.8;
T_0.4 ;
    %pushi/vec4 31, 0, 8;
    %store/vec4 v0x556af61f30d0_0, 0, 8;
    %jmp T_0.8;
T_0.5 ;
    %pushi/vec4 63, 0, 8;
    %store/vec4 v0x556af61f30d0_0, 0, 8;
    %jmp T_0.8;
T_0.6 ;
    %pushi/vec4 127, 0, 8;
    %store/vec4 v0x556af61f30d0_0, 0, 8;
    %jmp T_0.8;
T_0.7 ;
    %pushi/vec4 255, 0, 8;
    %store/vec4 v0x556af61f30d0_0, 0, 8;
    %jmp T_0.8;
T_0.8 ;
    %pop/vec4 1;
    %jmp T_0;
    .thread T_0, $push;
    .scope S_0x556af61f3210;
T_1 ;
    %wait E_0x556af61c30c0;
    %load/vec4 v0x556af61f3420_0;
    %dup/vec4;
    %pushi/vec4 0, 0, 3;
    %cmp/u;
    %jmp/1 T_1.0, 6;
    %dup/vec4;
    %pushi/vec4 1, 0, 3;
    %cmp/u;
    %jmp/1 T_1.1, 6;
    %dup/vec4;
    %pushi/vec4 2, 0, 3;
    %cmp/u;
    %jmp/1 T_1.2, 6;
    %dup/vec4;
    %pushi/vec4 3, 0, 3;
    %cmp/u;
    %jmp/1 T_1.3, 6;
    %dup/vec4;
    %pushi/vec4 4, 0, 3;
    %cmp/u;
    %jmp/1 T_1.4, 6;
    %dup/vec4;
    %pushi/vec4 5, 0, 3;
    %cmp/u;
    %jmp/1 T_1.5, 6;
    %dup/vec4;
    %pushi/vec4 6, 0, 3;
    %cmp/u;
    %jmp/1 T_1.6, 6;
    %dup/vec4;
    %pushi/vec4 7, 0, 3;
    %cmp/u;
    %jmp/1 T_1.7, 6;
    %jmp T_1.8;
T_1.0 ;
    %pushi/vec4 128, 0, 8;
    %store/vec4 v0x556af61f3520_0, 0, 8;
    %jmp T_1.8;
T_1.1 ;
    %pushi/vec4 192, 0, 8;
    %store/vec4 v0x556af61f3520_0, 0, 8;
    %jmp T_1.8;
T_1.2 ;
    %pushi/vec4 224, 0, 8;
    %store/vec4 v0x556af61f3520_0, 0, 8;
    %jmp T_1.8;
T_1.3 ;
    %pushi/vec4 240, 0, 8;
    %store/vec4 v0x556af61f3520_0, 0, 8;
    %jmp T_1.8;
T_1.4 ;
    %pushi/vec4 248, 0, 8;
    %store/vec4 v0x556af61f3520_0, 0, 8;
    %jmp T_1.8;
T_1.5 ;
    %pushi/vec4 252, 0, 8;
    %store/vec4 v0x556af61f3520_0, 0, 8;
    %jmp T_1.8;
T_1.6 ;
    %pushi/vec4 254, 0, 8;
    %store/vec4 v0x556af61f3520_0, 0, 8;
    %jmp T_1.8;
T_1.7 ;
    %pushi/vec4 255, 0, 8;
    %store/vec4 v0x556af61f3520_0, 0, 8;
    %jmp T_1.8;
T_1.8 ;
    %pop/vec4 1;
    %jmp T_1;
    .thread T_1, $push;
    .scope S_0x556af61d9a60;
T_2 ;
    %wait E_0x556af61d5d10;
    %load/vec4 v0x556af61f3c50_0;
    %nor/r;
    %flag_set/vec4 8;
    %jmp/0xz  T_2.0, 8;
    %pushi/vec4 1, 0, 3;
    %assign/vec4 v0x556af61f3df0_0, 0;
    %pushi/vec4 8, 0, 32;
    %load/vec4 v0x556af61f3750_0;
    %pad/u 32;
    %sub;
    %assign/vec4 v0x556af61f3b90_0, 0;
    %pushi/vec4 0, 0, 1;
    %load/vec4 v0x556af61f39b0_0;
    %concat/vec4; draw_concat_vec4
    %concati/vec4 0, 0, 1;
    %load/vec4 v0x556af61f3ac0_0;
    %concat/vec4; draw_concat_vec4
    %concati/vec4 0, 0, 1;
    %assign/vec4 v0x556af61f3d10_0, 0;
    %jmp T_2.1;
T_2.0 ;
    %load/vec4 v0x556af61f3df0_0;
    %dup/vec4;
    %pushi/vec4 1, 0, 3;
    %cmp/u;
    %jmp/1 T_2.2, 6;
    %dup/vec4;
    %pushi/vec4 0, 0, 3;
    %cmp/u;
    %jmp/1 T_2.3, 6;
    %dup/vec4;
    %pushi/vec4 3, 0, 3;
    %cmp/u;
    %jmp/1 T_2.4, 6;
    %dup/vec4;
    %pushi/vec4 2, 0, 3;
    %cmp/u;
    %jmp/1 T_2.5, 6;
    %dup/vec4;
    %pushi/vec4 5, 0, 3;
    %cmp/u;
    %jmp/1 T_2.6, 6;
    %dup/vec4;
    %pushi/vec4 4, 0, 3;
    %cmp/u;
    %jmp/1 T_2.7, 6;
    %dup/vec4;
    %pushi/vec4 7, 0, 3;
    %cmp/u;
    %jmp/1 T_2.8, 6;
    %jmp T_2.10;
T_2.2 ;
    %pushi/vec4 0, 0, 3;
    %assign/vec4 v0x556af61f3df0_0, 0;
    %pushi/vec4 0, 0, 1;
    %ix/load 5, 0, 0;
    %ix/getv/s 4, v0x556af61f3b90_0;
    %assign/vec4/off/d v0x556af61f3d10_0, 4, 5;
    %jmp T_2.10;
T_2.3 ;
    %pushi/vec4 3, 0, 3;
    %assign/vec4 v0x556af61f3df0_0, 0;
    %load/vec4 v0x556af61f3b90_0;
    %addi 1, 0, 32;
    %assign/vec4 v0x556af61f3b90_0, 0;
    %jmp T_2.10;
T_2.4 ;
    %load/vec4 v0x556af61f3d10_0;
    %load/vec4 v0x556af61f3b90_0;
    %part/s 1;
    %flag_set/vec4 8;
    %jmp/0xz  T_2.11, 8;
    %load/vec4 v0x556af61f3b90_0;
    %addi 1, 0, 32;
    %assign/vec4 v0x556af61f3b90_0, 0;
    %jmp T_2.12;
T_2.11 ;
    %pushi/vec4 2, 0, 3;
    %assign/vec4 v0x556af61f3df0_0, 0;
T_2.12 ;
    %jmp T_2.10;
T_2.5 ;
    %pushi/vec4 5, 0, 3;
    %assign/vec4 v0x556af61f3df0_0, 0;
    %pushi/vec4 1, 0, 1;
    %ix/load 5, 0, 0;
    %ix/getv/s 4, v0x556af61f3b90_0;
    %assign/vec4/off/d v0x556af61f3d10_0, 4, 5;
    %jmp T_2.10;
T_2.6 ;
    %load/vec4 v0x556af61f3d10_0;
    %load/vec4 v0x556af61f3b90_0;
    %part/s 1;
    %flag_set/vec4 8;
    %jmp/0xz  T_2.13, 8;
    %load/vec4 v0x556af61f3b90_0;
    %addi 1, 0, 32;
    %assign/vec4 v0x556af61f3b90_0, 0;
    %jmp T_2.14;
T_2.13 ;
    %pushi/vec4 4, 0, 3;
    %assign/vec4 v0x556af61f3df0_0, 0;
T_2.14 ;
    %jmp T_2.10;
T_2.7 ;
    %load/vec4 v0x556af61f3b90_0;
    %subi 1, 0, 32;
    %assign/vec4 v0x556af61f3b90_0, 0;
    %pushi/vec4 7, 0, 3;
    %assign/vec4 v0x556af61f3df0_0, 0;
    %jmp T_2.10;
T_2.8 ;
    %pushi/vec4 7, 0, 3;
    %assign/vec4 v0x556af61f3df0_0, 0;
    %pushi/vec4 0, 0, 1;
    %ix/load 5, 0, 0;
    %ix/getv/s 4, v0x556af61f3b90_0;
    %assign/vec4/off/d v0x556af61f3d10_0, 4, 5;
    %jmp T_2.10;
T_2.10 ;
    %pop/vec4 1;
T_2.1 ;
    %jmp T_2;
    .thread T_2;
    .scope S_0x556af61d7800;
T_3 ;
    %pushi/vec4 0, 0, 1;
    %store/vec4 v0x556af61f4260_0, 0, 1;
    %pushi/vec4 0, 0, 1;
    %store/vec4 v0x556af61f4330_0, 0, 1;
    %pushi/vec4 0, 0, 3;
    %store/vec4 v0x556af61f3fd0_0, 0, 3;
    %pushi/vec4 0, 0, 3;
    %store/vec4 v0x556af61f40b0_0, 0, 3;
    %end;
    .thread T_3;
    .scope S_0x556af61d7800;
T_4 ;
T_4.0 ;
    %delay 5000, 0;
    %load/vec4 v0x556af61f4260_0;
    %inv;
    %store/vec4 v0x556af61f4260_0, 0, 1;
    %jmp T_4.0;
    %end;
    .thread T_4;
    .scope S_0x556af61d7800;
T_5 ;
    %pushi/vec4 5, 0, 3;
    %assign/vec4 v0x556af61f3fd0_0, 0;
    %pushi/vec4 5, 0, 3;
    %assign/vec4 v0x556af61f40b0_0, 0;
    %delay 20000, 0;
    %pushi/vec4 1, 0, 1;
    %store/vec4 v0x556af61f4330_0, 0, 1;
    %end;
    .thread T_5;
    .scope S_0x556af61d7800;
T_6 ;
    %vpi_call 2 159 "$dumpfile", "turing.vcd" {0 0 0};
    %vpi_call 2 160 "$dumpvars" {0 0 0};
    %end;
    .thread T_6;
    .scope S_0x556af61d7800;
T_7 ;
    %delay 200000, 0;
    %vpi_call 2 166 "$finish" {0 0 0};
    %end;
    .thread T_7;
# The file index is used to find the file name in the following table.
:file_names 3;
    "N/A";
    "<interactive>";
    "turing.v";
