#! /usr/bin/vvp
:ivl_version "10.3 (stable)";
:ivl_delay_selection "TYPICAL";
:vpi_time_precision - 9;
:vpi_module "system";
:vpi_module "vhdl_sys";
:vpi_module "v2005_math";
:vpi_module "va_math";
S_0x56407713a5a0 .scope module, "cputop" "cputop" 2 5;
 .timescale -9 -9;
v0x5640771b0740_0 .net "addr", 5 0, L_0x5640771b1630;  1 drivers
v0x5640771b08b0_0 .var "clock", 0 0;
v0x5640771b0970_0 .net "data", 7 0, L_0x5640771b1380;  1 drivers
v0x5640771b0a60_0 .net "fetch", 0 0, v0x5640771aae50_0;  1 drivers
v0x5640771b0b00_0 .net "halt", 0 0, v0x5640771ab940_0;  1 drivers
v0x5640771b0c40_0 .net "ir_addr", 5 0, L_0x5640771b1590;  1 drivers
v0x5640771b0d70_0 .net "opcode", 1 0, L_0x5640771b14f0;  1 drivers
v0x5640771b0ec0_0 .net "pc_addr", 5 0, v0x5640771ac740_0;  1 drivers
v0x5640771b0f80_0 .net "rd", 0 0, v0x5640771abdd0_0;  1 drivers
v0x5640771b1140_0 .var "reset_req", 0 0;
v0x5640771b11e0_0 .net "wr", 0 0, v0x5640771abf50_0;  1 drivers
S_0x564077128cb0 .scope module, "m" "CPU" 2 16, 3 12 0, S_0x56407713a5a0;
 .timescale -9 -9;
    .port_info 0 /INPUT 1 "clk"
    .port_info 1 /INPUT 1 "reset"
    .port_info 2 /OUTPUT 1 "halt"
    .port_info 3 /OUTPUT 1 "rd"
    .port_info 4 /OUTPUT 1 "wr"
    .port_info 5 /OUTPUT 6 "addr"
    .port_info 6 /OUTPUT 8 "data"
    .port_info 7 /OUTPUT 2 "opcode"
    .port_info 8 /OUTPUT 1 "fetch"
    .port_info 9 /OUTPUT 6 "ir_addr"
    .port_info 10 /OUTPUT 6 "pc_addr"
v0x5640771af250_0 .net "accum_out", 7 0, v0x56407718d3c0_0;  1 drivers
v0x5640771af380_0 .net "addr", 5 0, L_0x5640771b1630;  alias, 1 drivers
v0x5640771af440_0 .net "alu_clk", 0 0, v0x5640771aabc0_0;  1 drivers
RS_0x7f06a989d3a8 .resolv tri, v0x5640771adc30_0, v0x5640771aef60_0;
v0x5640771af530_0 .net8 "alu_in", 7 0, RS_0x7f06a989d3a8;  2 drivers
v0x5640771af660_0 .net "alu_out", 7 0, v0x5640771a9f00_0;  1 drivers
v0x5640771af720_0 .net "clk", 0 0, v0x5640771b08b0_0;  1 drivers
v0x5640771af7c0_0 .net "clk1", 0 0, L_0x56407714d1f0;  1 drivers
v0x5640771af860_0 .net "control_ena", 0 0, v0x5640771ad200_0;  1 drivers
v0x5640771af950_0 .net "data", 7 0, L_0x5640771b1380;  alias, 1 drivers
v0x5640771afa80_0 .net "datactl_ena", 0 0, v0x5640771ab7e0_0;  1 drivers
v0x5640771afb20_0 .net "fetch", 0 0, v0x5640771aae50_0;  alias, 1 drivers
v0x5640771afbc0_0 .net "halt", 0 0, v0x5640771ab940_0;  alias, 1 drivers
v0x5640771afc60_0 .net "inc_pc", 0 0, v0x5640771aba00_0;  1 drivers
v0x5640771afd50_0 .net "ir_addr", 5 0, L_0x5640771b1590;  alias, 1 drivers
v0x5640771afdf0_0 .net "load_acc", 0 0, v0x5640771abb10_0;  1 drivers
v0x5640771afee0_0 .net "load_ir", 0 0, v0x5640771abbb0_0;  1 drivers
v0x5640771affd0_0 .net "load_pc", 0 0, v0x5640771abc50_0;  1 drivers
v0x5640771b01d0_0 .net "opcode", 1 0, L_0x5640771b14f0;  alias, 1 drivers
v0x5640771b0270_0 .net "pc_addr", 5 0, v0x5640771ac740_0;  alias, 1 drivers
v0x5640771b0380_0 .net "rd", 0 0, v0x5640771abdd0_0;  alias, 1 drivers
v0x5640771b0420_0 .net "reset", 0 0, v0x5640771b1140_0;  1 drivers
v0x5640771b04c0_0 .net "wr", 0 0, v0x5640771abf50_0;  alias, 1 drivers
v0x5640771b0560_0 .net "zero", 0 0, L_0x5640771b12c0;  1 drivers
S_0x5640771140b0 .scope module, "accum_u" "accum" 3 71, 4 1 0, S_0x564077128cb0;
 .timescale 0 0;
    .port_info 0 /OUTPUT 8 "accum"
    .port_info 1 /INPUT 8 "data"
    .port_info 2 /INPUT 1 "ena"
    .port_info 3 /INPUT 1 "clk1"
    .port_info 4 /INPUT 1 "rst"
v0x56407718d3c0_0 .var "accum", 7 0;
v0x56407718d490_0 .net "clk1", 0 0, L_0x56407714d1f0;  alias, 1 drivers
v0x5640771895d0_0 .net "data", 7 0, v0x5640771a9f00_0;  alias, 1 drivers
v0x56407718dc70_0 .net "ena", 0 0, v0x5640771abb10_0;  alias, 1 drivers
v0x564077188250_0 .net "rst", 0 0, v0x5640771b1140_0;  alias, 1 drivers
E_0x5640771766b0 .event posedge, v0x56407718d490_0;
S_0x5640771a9380 .scope module, "addr_u" "addr" 3 94, 5 1 0, S_0x564077128cb0;
 .timescale 0 0;
    .port_info 0 /OUTPUT 6 "addr"
    .port_info 1 /INPUT 1 "fetch"
    .port_info 2 /INPUT 6 "ir_addr"
    .port_info 3 /INPUT 6 "pc_addr"
v0x5640771a9570_0 .net "addr", 5 0, L_0x5640771b1630;  alias, 1 drivers
v0x5640771a9650_0 .net "fetch", 0 0, v0x5640771aae50_0;  alias, 1 drivers
v0x5640771a9710_0 .net "ir_addr", 5 0, L_0x5640771b1590;  alias, 1 drivers
v0x5640771a97d0_0 .net "pc_addr", 5 0, v0x5640771ac740_0;  alias, 1 drivers
L_0x5640771b1630 .functor MUXZ 6, L_0x5640771b1590, v0x5640771ac740_0, v0x5640771aae50_0, C4<>;
S_0x5640771a9930 .scope module, "alu_u" "alu" 3 62, 6 1 0, S_0x564077128cb0;
 .timescale 0 0;
    .port_info 0 /OUTPUT 8 "alu_out"
    .port_info 1 /OUTPUT 1 "zero"
    .port_info 2 /INPUT 8 "data"
    .port_info 3 /INPUT 8 "accum"
    .port_info 4 /INPUT 1 "alu_clk"
    .port_info 5 /INPUT 2 "opcode"
P_0x56407718e1a0 .param/l "ADD" 0 6 13, C4<11>;
P_0x56407718e1e0 .param/l "DEC" 0 6 12, C4<10>;
P_0x56407718e220 .param/l "INC" 0 6 11, C4<01>;
P_0x56407718e260 .param/l "JMP" 0 6 10, C4<00>;
v0x5640771a9d80_0 .net "accum", 7 0, v0x56407718d3c0_0;  alias, 1 drivers
v0x5640771a9e60_0 .net "alu_clk", 0 0, v0x5640771aabc0_0;  alias, 1 drivers
v0x5640771a9f00_0 .var "alu_out", 7 0;
v0x5640771aa000_0 .net8 "data", 7 0, RS_0x7f06a989d3a8;  alias, 2 drivers
v0x5640771aa0c0_0 .net "opcode", 1 0, L_0x5640771b14f0;  alias, 1 drivers
v0x5640771aa1f0_0 .net "zero", 0 0, L_0x5640771b12c0;  alias, 1 drivers
E_0x5640771767c0 .event posedge, v0x5640771a9e60_0;
L_0x5640771b12c0 .reduce/nor v0x56407718d3c0_0;
S_0x5640771aa370 .scope module, "clk_u" "clk" 3 40, 7 2 0, S_0x564077128cb0;
 .timescale -9 -9;
    .port_info 0 /INPUT 1 "clk"
    .port_info 1 /OUTPUT 1 "clk1"
    .port_info 2 /OUTPUT 1 "fetch"
    .port_info 3 /OUTPUT 1 "alu_ena"
P_0x5640771aa540 .param/l "idle" 0 7 16, C4<00000000>;
P_0x5640771aa580 .param/l "s1" 0 7 8, C4<00000001>;
P_0x5640771aa5c0 .param/l "s2" 0 7 9, C4<00000010>;
P_0x5640771aa600 .param/l "s3" 0 7 10, C4<00000100>;
P_0x5640771aa640 .param/l "s4" 0 7 11, C4<00001000>;
P_0x5640771aa680 .param/l "s5" 0 7 12, C4<00010000>;
P_0x5640771aa6c0 .param/l "s6" 0 7 13, C4<00100000>;
P_0x5640771aa700 .param/l "s7" 0 7 14, C4<01000000>;
P_0x5640771aa740 .param/l "s8" 0 7 15, C4<10000000>;
L_0x56407714d1f0 .functor NOT 1, v0x5640771b08b0_0, C4<0>, C4<0>, C4<0>;
v0x5640771aabc0_0 .var "alu_ena", 0 0;
v0x5640771aacb0_0 .net "clk", 0 0, v0x5640771b08b0_0;  alias, 1 drivers
v0x5640771aad50_0 .net "clk1", 0 0, L_0x56407714d1f0;  alias, 1 drivers
v0x5640771aae50_0 .var "fetch", 0 0;
v0x5640771aaf20_0 .var "state", 7 0;
E_0x564077176490 .event posedge, v0x5640771aacb0_0;
S_0x5640771ab070 .scope module, "control_u" "control" 3 47, 8 2 0, S_0x564077128cb0;
 .timescale -9 -9;
    .port_info 0 /OUTPUT 1 "inc_pc"
    .port_info 1 /OUTPUT 1 "load_acc"
    .port_info 2 /OUTPUT 1 "load_pc"
    .port_info 3 /OUTPUT 1 "rd"
    .port_info 4 /OUTPUT 1 "wr"
    .port_info 5 /OUTPUT 1 "load_ir"
    .port_info 6 /OUTPUT 1 "datactl_ena"
    .port_info 7 /OUTPUT 1 "halt"
    .port_info 8 /INPUT 1 "clk1"
    .port_info 9 /INPUT 1 "zero"
    .port_info 10 /INPUT 1 "ena"
    .port_info 11 /INPUT 2 "opcode"
P_0x5640771ab290 .param/l "ADD" 0 8 17, C4<11>;
P_0x5640771ab2d0 .param/l "DEC" 0 8 16, C4<10>;
P_0x5640771ab310 .param/l "INC" 0 8 15, C4<01>;
P_0x5640771ab350 .param/l "JMP" 0 8 14, C4<00>;
v0x5640771ab6d0_0 .net "clk1", 0 0, L_0x56407714d1f0;  alias, 1 drivers
v0x5640771ab7e0_0 .var "datactl_ena", 0 0;
v0x5640771ab8a0_0 .net "ena", 0 0, v0x5640771ad200_0;  alias, 1 drivers
v0x5640771ab940_0 .var "halt", 0 0;
v0x5640771aba00_0 .var "inc_pc", 0 0;
v0x5640771abb10_0 .var "load_acc", 0 0;
v0x5640771abbb0_0 .var "load_ir", 0 0;
v0x5640771abc50_0 .var "load_pc", 0 0;
v0x5640771abd10_0 .net "opcode", 1 0, L_0x5640771b14f0;  alias, 1 drivers
v0x5640771abdd0_0 .var "rd", 0 0;
v0x5640771abe70_0 .var "state", 2 0;
v0x5640771abf50_0 .var "wr", 0 0;
v0x5640771ac010_0 .net "zero", 0 0, L_0x5640771b12c0;  alias, 1 drivers
E_0x56407718e650 .event negedge, v0x56407718d490_0;
S_0x5640771ac210 .scope module, "counter_u" "counter" 3 101, 9 1 0, S_0x564077128cb0;
 .timescale -9 -9;
    .port_info 0 /OUTPUT 6 "pc_addr"
    .port_info 1 /INPUT 6 "ir_addr"
    .port_info 2 /INPUT 1 "load"
    .port_info 3 /INPUT 1 "clk"
    .port_info 4 /INPUT 1 "rst"
v0x5640771ac480_0 .net "clk", 0 0, v0x5640771aba00_0;  alias, 1 drivers
v0x5640771ac570_0 .net "ir_addr", 5 0, L_0x5640771b1590;  alias, 1 drivers
v0x5640771ac640_0 .net "load", 0 0, v0x5640771abc50_0;  alias, 1 drivers
v0x5640771ac740_0 .var "pc_addr", 5 0;
v0x5640771ac810_0 .net "rst", 0 0, v0x5640771b1140_0;  alias, 1 drivers
E_0x56407718ea60 .event posedge, v0x564077188250_0, v0x5640771aba00_0;
S_0x5640771ac950 .scope module, "datactl_u" "datactl" 3 79, 10 1 0, S_0x564077128cb0;
 .timescale -9 -9;
    .port_info 0 /OUTPUT 8 "data"
    .port_info 1 /INPUT 8 "in"
    .port_info 2 /INPUT 1 "data_ena"
o0x7f06a989db58 .functor BUFZ 8, C4<zzzzzzzz>; HiZ drive
; Elide local net with no drivers, v0x5640771acb90_0 name=_s0
v0x5640771acc90_0 .net "data", 7 0, L_0x5640771b1380;  alias, 1 drivers
v0x5640771acd70_0 .net "data_ena", 0 0, v0x5640771ab7e0_0;  alias, 1 drivers
v0x5640771ace40_0 .net "in", 7 0, v0x5640771a9f00_0;  alias, 1 drivers
L_0x5640771b1380 .functor MUXZ 8, o0x7f06a989db58, v0x5640771a9f00_0, v0x5640771ab7e0_0, C4<>;
S_0x5640771acf90 .scope module, "machinect_u" "machinect" 3 123, 11 2 0, S_0x564077128cb0;
 .timescale -9 -9;
    .port_info 0 /OUTPUT 1 "ena"
    .port_info 1 /INPUT 1 "fetch"
    .port_info 2 /INPUT 1 "rst"
    .port_info 3 /INPUT 1 "clk1"
v0x5640771ad160_0 .net "clk1", 0 0, L_0x56407714d1f0;  alias, 1 drivers
v0x5640771ad200_0 .var "ena", 0 0;
v0x5640771ad2f0_0 .net "fetch", 0 0, v0x5640771aae50_0;  alias, 1 drivers
v0x5640771ad410_0 .net "rst", 0 0, v0x5640771b1140_0;  alias, 1 drivers
S_0x5640771ad520 .scope module, "ram_u" "ram" 3 109, 12 1 0, S_0x564077128cb0;
 .timescale -9 -9;
    .port_info 0 /OUTPUT 8 "data"
    .port_info 1 /INPUT 6 "addr"
    .port_info 2 /INPUT 1 "read"
    .port_info 3 /INPUT 1 "write"
    .port_info 4 /INPUT 1 "ena"
v0x5640771ad7f0_0 .var "R_0", 7 0;
v0x5640771ad8f0_0 .var "R_1", 7 0;
v0x5640771ad9d0_0 .var "R_2", 7 0;
v0x5640771ada90_0 .var "R_3", 7 0;
v0x5640771adb70_0 .net "addr", 5 0, L_0x5640771b1630;  alias, 1 drivers
v0x5640771adc30_0 .var "data", 7 0;
o0x7f06a989ddc8 .functor BUFZ 8, C4<zzzzzzzz>; HiZ drive
v0x5640771add00_0 .net "din", 7 0, o0x7f06a989ddc8;  0 drivers
v0x5640771addc0_0 .net "ena", 0 0, v0x5640771aae50_0;  alias, 1 drivers
v0x5640771ade60_0 .net "read", 0 0, v0x5640771abdd0_0;  alias, 1 drivers
o0x7f06a989ddf8 .functor BUFZ 1, C4<z>; HiZ drive
v0x5640771adfc0_0 .net "write", 0 0, o0x7f06a989ddf8;  0 drivers
E_0x5640771ad770 .event edge, v0x5640771a9650_0, v0x5640771abdd0_0;
S_0x5640771ae130 .scope module, "register_u" "register" 3 85, 13 1 0, S_0x564077128cb0;
 .timescale -9 -9;
    .port_info 0 /OUTPUT 2 "opcode"
    .port_info 1 /OUTPUT 6 "ir_addr"
    .port_info 2 /INPUT 8 "data"
    .port_info 3 /INPUT 1 "ena"
    .port_info 4 /INPUT 1 "clk1"
    .port_info 5 /INPUT 1 "rst"
v0x5640771ae390_0 .net "clk1", 0 0, L_0x56407714d1f0;  alias, 1 drivers
v0x5640771ae4e0_0 .net8 "data", 7 0, RS_0x7f06a989d3a8;  alias, 2 drivers
v0x5640771ae5a0_0 .net "ena", 0 0, v0x5640771abbb0_0;  alias, 1 drivers
v0x5640771ae640_0 .net "ir_addr", 5 0, L_0x5640771b1590;  alias, 1 drivers
v0x5640771ae730_0 .var "opc_iraddr", 7 0;
v0x5640771ae840_0 .net "opcode", 1 0, L_0x5640771b14f0;  alias, 1 drivers
v0x5640771ae950_0 .net "rst", 0 0, v0x5640771b1140_0;  alias, 1 drivers
L_0x5640771b14f0 .part v0x5640771ae730_0, 6, 2;
L_0x5640771b1590 .part v0x5640771ae730_0, 0, 6;
S_0x5640771aeaf0 .scope module, "rom_u" "rom" 3 116, 14 1 0, S_0x564077128cb0;
 .timescale -9 -9;
    .port_info 0 /OUTPUT 8 "data"
    .port_info 1 /INPUT 6 "addr"
    .port_info 2 /INPUT 1 "read"
    .port_info 3 /INPUT 1 "ena"
P_0x5640771aecc0 .param/l "ADD_accum_3" 0 14 10, C4<11000011>;
P_0x5640771aed00 .param/l "INC_accum" 0 14 9, C4<01000011>;
v0x5640771aee30_0 .net "addr", 5 0, L_0x5640771b1630;  alias, 1 drivers
v0x5640771aef60_0 .var "data", 7 0;
v0x5640771af020_0 .net "ena", 0 0, v0x5640771aae50_0;  alias, 1 drivers
v0x5640771af150_0 .net "read", 0 0, v0x5640771abdd0_0;  alias, 1 drivers
    .scope S_0x5640771aa370;
T_0 ;
    %wait E_0x564077176490;
    %load/vec4 v0x5640771aaf20_0;
    %dup/vec4;
    %pushi/vec4 1, 0, 8;
    %cmp/u;
    %jmp/1 T_0.0, 6;
    %dup/vec4;
    %pushi/vec4 2, 0, 8;
    %cmp/u;
    %jmp/1 T_0.1, 6;
    %dup/vec4;
    %pushi/vec4 4, 0, 8;
    %cmp/u;
    %jmp/1 T_0.2, 6;
    %dup/vec4;
    %pushi/vec4 8, 0, 8;
    %cmp/u;
    %jmp/1 T_0.3, 6;
    %dup/vec4;
    %pushi/vec4 16, 0, 8;
    %cmp/u;
    %jmp/1 T_0.4, 6;
    %dup/vec4;
    %pushi/vec4 32, 0, 8;
    %cmp/u;
    %jmp/1 T_0.5, 6;
    %dup/vec4;
    %pushi/vec4 64, 0, 8;
    %cmp/u;
    %jmp/1 T_0.6, 6;
    %dup/vec4;
    %pushi/vec4 128, 0, 8;
    %cmp/u;
    %jmp/1 T_0.7, 6;
    %dup/vec4;
    %pushi/vec4 0, 0, 8;
    %cmp/u;
    %jmp/1 T_0.8, 6;
    %pushi/vec4 0, 0, 8;
    %assign/vec4 v0x5640771aaf20_0, 0;
    %jmp T_0.10;
T_0.0 ;
    %pushi/vec4 1, 0, 1;
    %assign/vec4 v0x5640771aabc0_0, 0;
    %pushi/vec4 2, 0, 8;
    %assign/vec4 v0x5640771aaf20_0, 0;
    %jmp T_0.10;
T_0.1 ;
    %pushi/vec4 0, 0, 1;
    %assign/vec4 v0x5640771aabc0_0, 0;
    %pushi/vec4 4, 0, 8;
    %assign/vec4 v0x5640771aaf20_0, 0;
    %jmp T_0.10;
T_0.2 ;
    %pushi/vec4 1, 0, 1;
    %assign/vec4 v0x5640771aae50_0, 0;
    %pushi/vec4 8, 0, 8;
    %assign/vec4 v0x5640771aaf20_0, 0;
    %jmp T_0.10;
T_0.3 ;
    %pushi/vec4 16, 0, 8;
    %assign/vec4 v0x5640771aaf20_0, 0;
    %jmp T_0.10;
T_0.4 ;
    %pushi/vec4 32, 0, 8;
    %assign/vec4 v0x5640771aaf20_0, 0;
    %jmp T_0.10;
T_0.5 ;
    %pushi/vec4 64, 0, 8;
    %assign/vec4 v0x5640771aaf20_0, 0;
    %jmp T_0.10;
T_0.6 ;
    %pushi/vec4 0, 0, 1;
    %assign/vec4 v0x5640771aae50_0, 0;
    %pushi/vec4 128, 0, 8;
    %assign/vec4 v0x5640771aaf20_0, 0;
    %jmp T_0.10;
T_0.7 ;
    %pushi/vec4 1, 0, 8;
    %assign/vec4 v0x5640771aaf20_0, 0;
    %jmp T_0.10;
T_0.8 ;
    %pushi/vec4 1, 0, 8;
    %assign/vec4 v0x5640771aaf20_0, 0;
    %jmp T_0.10;
T_0.10 ;
    %pop/vec4 1;
    %jmp T_0;
    .thread T_0;
    .scope S_0x5640771ab070;
T_1 ;
    %wait E_0x56407718e650;
    %load/vec4 v0x5640771ab8a0_0;
    %nor/r;
    %flag_set/vec4 8;
    %jmp/0xz  T_1.0, 8;
    %pushi/vec4 0, 0, 3;
    %assign/vec4 v0x5640771abe70_0, 0;
    %pushi/vec4 0, 0, 4;
    %split/vec4 1;
    %assign/vec4 v0x5640771abdd0_0, 0;
    %split/vec4 1;
    %assign/vec4 v0x5640771abc50_0, 0;
    %split/vec4 1;
    %assign/vec4 v0x5640771abb10_0, 0;
    %assign/vec4 v0x5640771aba00_0, 0;
    %pushi/vec4 0, 0, 4;
    %split/vec4 1;
    %assign/vec4 v0x5640771ab940_0, 0;
    %split/vec4 1;
    %assign/vec4 v0x5640771ab7e0_0, 0;
    %split/vec4 1;
    %assign/vec4 v0x5640771abbb0_0, 0;
    %assign/vec4 v0x5640771abf50_0, 0;
    %jmp T_1.1;
T_1.0 ;
    %load/vec4 v0x5640771abe70_0;
    %dup/vec4;
    %pushi/vec4 0, 0, 3;
    %cmp/x;
    %jmp/1 T_1.2, 4;
    %dup/vec4;
    %pushi/vec4 1, 0, 3;
    %cmp/x;
    %jmp/1 T_1.3, 4;
    %dup/vec4;
    %pushi/vec4 2, 0, 3;
    %cmp/x;
    %jmp/1 T_1.4, 4;
    %dup/vec4;
    %pushi/vec4 3, 0, 3;
    %cmp/x;
    %jmp/1 T_1.5, 4;
    %dup/vec4;
    %pushi/vec4 4, 0, 3;
    %cmp/x;
    %jmp/1 T_1.6, 4;
    %dup/vec4;
    %pushi/vec4 5, 0, 3;
    %cmp/x;
    %jmp/1 T_1.7, 4;
    %dup/vec4;
    %pushi/vec4 6, 0, 3;
    %cmp/x;
    %jmp/1 T_1.8, 4;
    %dup/vec4;
    %pushi/vec4 7, 0, 3;
    %cmp/x;
    %jmp/1 T_1.9, 4;
    %pushi/vec4 0, 0, 4;
    %split/vec4 1;
    %assign/vec4 v0x5640771abdd0_0, 0;
    %split/vec4 1;
    %assign/vec4 v0x5640771abc50_0, 0;
    %split/vec4 1;
    %assign/vec4 v0x5640771abb10_0, 0;
    %assign/vec4 v0x5640771aba00_0, 0;
    %pushi/vec4 0, 0, 4;
    %split/vec4 1;
    %assign/vec4 v0x5640771ab940_0, 0;
    %split/vec4 1;
    %assign/vec4 v0x5640771ab7e0_0, 0;
    %split/vec4 1;
    %assign/vec4 v0x5640771abbb0_0, 0;
    %assign/vec4 v0x5640771abf50_0, 0;
    %pushi/vec4 0, 0, 3;
    %assign/vec4 v0x5640771abe70_0, 0;
    %jmp T_1.11;
T_1.2 ;
    %pushi/vec4 0, 0, 4;
    %split/vec4 1;
    %assign/vec4 v0x5640771abdd0_0, 0;
    %split/vec4 1;
    %assign/vec4 v0x5640771abc50_0, 0;
    %split/vec4 1;
    %assign/vec4 v0x5640771abb10_0, 0;
    %assign/vec4 v0x5640771aba00_0, 0;
    %pushi/vec4 0, 0, 4;
    %split/vec4 1;
    %assign/vec4 v0x5640771ab940_0, 0;
    %split/vec4 1;
    %assign/vec4 v0x5640771ab7e0_0, 0;
    %split/vec4 1;
    %assign/vec4 v0x5640771abbb0_0, 0;
    %assign/vec4 v0x5640771abf50_0, 0;
    %pushi/vec4 1, 0, 3;
    %assign/vec4 v0x5640771abe70_0, 0;
    %jmp T_1.11;
T_1.3 ;
    %pushi/vec4 0, 0, 4;
    %split/vec4 1;
    %assign/vec4 v0x5640771abdd0_0, 0;
    %split/vec4 1;
    %assign/vec4 v0x5640771abc50_0, 0;
    %split/vec4 1;
    %assign/vec4 v0x5640771abb10_0, 0;
    %assign/vec4 v0x5640771aba00_0, 0;
    %pushi/vec4 0, 0, 4;
    %split/vec4 1;
    %assign/vec4 v0x5640771ab940_0, 0;
    %split/vec4 1;
    %assign/vec4 v0x5640771ab7e0_0, 0;
    %split/vec4 1;
    %assign/vec4 v0x5640771abbb0_0, 0;
    %assign/vec4 v0x5640771abf50_0, 0;
    %pushi/vec4 2, 0, 3;
    %assign/vec4 v0x5640771abe70_0, 0;
    %jmp T_1.11;
T_1.4 ;
    %pushi/vec4 1, 0, 4;
    %split/vec4 1;
    %assign/vec4 v0x5640771abdd0_0, 0;
    %split/vec4 1;
    %assign/vec4 v0x5640771abc50_0, 0;
    %split/vec4 1;
    %assign/vec4 v0x5640771abb10_0, 0;
    %assign/vec4 v0x5640771aba00_0, 0;
    %pushi/vec4 4, 0, 4;
    %split/vec4 1;
    %assign/vec4 v0x5640771ab940_0, 0;
    %split/vec4 1;
    %assign/vec4 v0x5640771ab7e0_0, 0;
    %split/vec4 1;
    %assign/vec4 v0x5640771abbb0_0, 0;
    %assign/vec4 v0x5640771abf50_0, 0;
    %pushi/vec4 3, 0, 3;
    %assign/vec4 v0x5640771abe70_0, 0;
    %jmp T_1.11;
T_1.5 ;
    %pushi/vec4 8, 0, 4;
    %split/vec4 1;
    %assign/vec4 v0x5640771abdd0_0, 0;
    %split/vec4 1;
    %assign/vec4 v0x5640771abc50_0, 0;
    %split/vec4 1;
    %assign/vec4 v0x5640771abb10_0, 0;
    %assign/vec4 v0x5640771aba00_0, 0;
    %pushi/vec4 0, 0, 4;
    %split/vec4 1;
    %assign/vec4 v0x5640771ab940_0, 0;
    %split/vec4 1;
    %assign/vec4 v0x5640771ab7e0_0, 0;
    %split/vec4 1;
    %assign/vec4 v0x5640771abbb0_0, 0;
    %assign/vec4 v0x5640771abf50_0, 0;
    %pushi/vec4 4, 0, 3;
    %assign/vec4 v0x5640771abe70_0, 0;
    %jmp T_1.11;
T_1.6 ;
    %load/vec4 v0x5640771abd10_0;
    %cmpi/e 0, 0, 2;
    %jmp/0xz  T_1.12, 4;
    %pushi/vec4 2, 0, 4;
    %split/vec4 1;
    %assign/vec4 v0x5640771abdd0_0, 0;
    %split/vec4 1;
    %assign/vec4 v0x5640771abc50_0, 0;
    %split/vec4 1;
    %assign/vec4 v0x5640771abb10_0, 0;
    %assign/vec4 v0x5640771aba00_0, 0;
    %pushi/vec4 0, 0, 4;
    %split/vec4 1;
    %assign/vec4 v0x5640771ab940_0, 0;
    %split/vec4 1;
    %assign/vec4 v0x5640771ab7e0_0, 0;
    %split/vec4 1;
    %assign/vec4 v0x5640771abbb0_0, 0;
    %assign/vec4 v0x5640771abf50_0, 0;
    %jmp T_1.13;
T_1.12 ;
    %load/vec4 v0x5640771abd10_0;
    %cmpi/e 3, 0, 2;
    %jmp/0xz  T_1.14, 4;
    %pushi/vec4 1, 0, 4;
    %split/vec4 1;
    %assign/vec4 v0x5640771abdd0_0, 0;
    %split/vec4 1;
    %assign/vec4 v0x5640771abc50_0, 0;
    %split/vec4 1;
    %assign/vec4 v0x5640771abb10_0, 0;
    %assign/vec4 v0x5640771aba00_0, 0;
    %pushi/vec4 0, 0, 4;
    %split/vec4 1;
    %assign/vec4 v0x5640771ab940_0, 0;
    %split/vec4 1;
    %assign/vec4 v0x5640771ab7e0_0, 0;
    %split/vec4 1;
    %assign/vec4 v0x5640771abbb0_0, 0;
    %assign/vec4 v0x5640771abf50_0, 0;
    %jmp T_1.15;
T_1.14 ;
    %pushi/vec4 0, 0, 4;
    %split/vec4 1;
    %assign/vec4 v0x5640771abdd0_0, 0;
    %split/vec4 1;
    %assign/vec4 v0x5640771abc50_0, 0;
    %split/vec4 1;
    %assign/vec4 v0x5640771abb10_0, 0;
    %assign/vec4 v0x5640771aba00_0, 0;
    %pushi/vec4 0, 0, 4;
    %split/vec4 1;
    %assign/vec4 v0x5640771ab940_0, 0;
    %split/vec4 1;
    %assign/vec4 v0x5640771ab7e0_0, 0;
    %split/vec4 1;
    %assign/vec4 v0x5640771abbb0_0, 0;
    %assign/vec4 v0x5640771abf50_0, 0;
T_1.15 ;
T_1.13 ;
    %pushi/vec4 5, 0, 3;
    %assign/vec4 v0x5640771abe70_0, 0;
    %jmp T_1.11;
T_1.7 ;
    %load/vec4 v0x5640771abd10_0;
    %cmpi/e 3, 0, 2;
    %jmp/0xz  T_1.16, 4;
    %pushi/vec4 5, 0, 4;
    %split/vec4 1;
    %assign/vec4 v0x5640771abdd0_0, 0;
    %split/vec4 1;
    %assign/vec4 v0x5640771abc50_0, 0;
    %split/vec4 1;
    %assign/vec4 v0x5640771abb10_0, 0;
    %assign/vec4 v0x5640771aba00_0, 0;
    %pushi/vec4 0, 0, 4;
    %split/vec4 1;
    %assign/vec4 v0x5640771ab940_0, 0;
    %split/vec4 1;
    %assign/vec4 v0x5640771ab7e0_0, 0;
    %split/vec4 1;
    %assign/vec4 v0x5640771abbb0_0, 0;
    %assign/vec4 v0x5640771abf50_0, 0;
    %jmp T_1.17;
T_1.16 ;
    %load/vec4 v0x5640771abd10_0;
    %cmpi/e 1, 0, 2;
    %flag_mov 8, 4;
    %load/vec4 v0x5640771abd10_0;
    %cmpi/e 2, 0, 2;
    %flag_or 4, 8;
    %jmp/0xz  T_1.18, 4;
    %pushi/vec4 4, 0, 4;
    %split/vec4 1;
    %assign/vec4 v0x5640771abdd0_0, 0;
    %split/vec4 1;
    %assign/vec4 v0x5640771abc50_0, 0;
    %split/vec4 1;
    %assign/vec4 v0x5640771abb10_0, 0;
    %assign/vec4 v0x5640771aba00_0, 0;
    %pushi/vec4 0, 0, 4;
    %split/vec4 1;
    %assign/vec4 v0x5640771ab940_0, 0;
    %split/vec4 1;
    %assign/vec4 v0x5640771ab7e0_0, 0;
    %split/vec4 1;
    %assign/vec4 v0x5640771abbb0_0, 0;
    %assign/vec4 v0x5640771abf50_0, 0;
    %jmp T_1.19;
T_1.18 ;
    %load/vec4 v0x5640771abd10_0;
    %cmpi/e 0, 0, 2;
    %jmp/0xz  T_1.20, 4;
    %pushi/vec4 10, 0, 4;
    %split/vec4 1;
    %assign/vec4 v0x5640771abdd0_0, 0;
    %split/vec4 1;
    %assign/vec4 v0x5640771abc50_0, 0;
    %split/vec4 1;
    %assign/vec4 v0x5640771abb10_0, 0;
    %assign/vec4 v0x5640771aba00_0, 0;
    %pushi/vec4 0, 0, 4;
    %split/vec4 1;
    %assign/vec4 v0x5640771ab940_0, 0;
    %split/vec4 1;
    %assign/vec4 v0x5640771ab7e0_0, 0;
    %split/vec4 1;
    %assign/vec4 v0x5640771abbb0_0, 0;
    %assign/vec4 v0x5640771abf50_0, 0;
    %jmp T_1.21;
T_1.20 ;
    %pushi/vec4 0, 0, 4;
    %split/vec4 1;
    %assign/vec4 v0x5640771abdd0_0, 0;
    %split/vec4 1;
    %assign/vec4 v0x5640771abc50_0, 0;
    %split/vec4 1;
    %assign/vec4 v0x5640771abb10_0, 0;
    %assign/vec4 v0x5640771aba00_0, 0;
    %pushi/vec4 0, 0, 4;
    %split/vec4 1;
    %assign/vec4 v0x5640771ab940_0, 0;
    %split/vec4 1;
    %assign/vec4 v0x5640771ab7e0_0, 0;
    %split/vec4 1;
    %assign/vec4 v0x5640771abbb0_0, 0;
    %assign/vec4 v0x5640771abf50_0, 0;
T_1.21 ;
T_1.19 ;
T_1.17 ;
    %pushi/vec4 6, 0, 3;
    %assign/vec4 v0x5640771abe70_0, 0;
    %jmp T_1.11;
T_1.8 ;
    %load/vec4 v0x5640771abd10_0;
    %cmpi/e 3, 0, 2;
    %flag_mov 8, 4;
    %load/vec4 v0x5640771abd10_0;
    %cmpi/e 1, 0, 2;
    %flag_or 4, 8;
    %flag_mov 8, 4;
    %load/vec4 v0x5640771abd10_0;
    %cmpi/e 2, 0, 2;
    %flag_or 4, 8;
    %jmp/0xz  T_1.22, 4;
    %pushi/vec4 1, 0, 4;
    %split/vec4 1;
    %assign/vec4 v0x5640771abdd0_0, 0;
    %split/vec4 1;
    %assign/vec4 v0x5640771abc50_0, 0;
    %split/vec4 1;
    %assign/vec4 v0x5640771abb10_0, 0;
    %assign/vec4 v0x5640771aba00_0, 0;
    %pushi/vec4 2, 0, 4;
    %split/vec4 1;
    %assign/vec4 v0x5640771ab940_0, 0;
    %split/vec4 1;
    %assign/vec4 v0x5640771ab7e0_0, 0;
    %split/vec4 1;
    %assign/vec4 v0x5640771abbb0_0, 0;
    %assign/vec4 v0x5640771abf50_0, 0;
    %jmp T_1.23;
T_1.22 ;
    %pushi/vec4 0, 0, 4;
    %split/vec4 1;
    %assign/vec4 v0x5640771abdd0_0, 0;
    %split/vec4 1;
    %assign/vec4 v0x5640771abc50_0, 0;
    %split/vec4 1;
    %assign/vec4 v0x5640771abb10_0, 0;
    %assign/vec4 v0x5640771aba00_0, 0;
    %pushi/vec4 0, 0, 4;
    %split/vec4 1;
    %assign/vec4 v0x5640771ab940_0, 0;
    %split/vec4 1;
    %assign/vec4 v0x5640771ab7e0_0, 0;
    %split/vec4 1;
    %assign/vec4 v0x5640771abbb0_0, 0;
    %assign/vec4 v0x5640771abf50_0, 0;
T_1.23 ;
    %pushi/vec4 7, 0, 3;
    %assign/vec4 v0x5640771abe70_0, 0;
    %jmp T_1.11;
T_1.9 ;
    %pushi/vec4 0, 0, 4;
    %split/vec4 1;
    %assign/vec4 v0x5640771abdd0_0, 0;
    %split/vec4 1;
    %assign/vec4 v0x5640771abc50_0, 0;
    %split/vec4 1;
    %assign/vec4 v0x5640771abb10_0, 0;
    %assign/vec4 v0x5640771aba00_0, 0;
    %pushi/vec4 0, 0, 4;
    %split/vec4 1;
    %assign/vec4 v0x5640771ab940_0, 0;
    %split/vec4 1;
    %assign/vec4 v0x5640771ab7e0_0, 0;
    %split/vec4 1;
    %assign/vec4 v0x5640771abbb0_0, 0;
    %assign/vec4 v0x5640771abf50_0, 0;
    %pushi/vec4 0, 0, 3;
    %assign/vec4 v0x5640771abe70_0, 0;
    %jmp T_1.11;
T_1.11 ;
    %pop/vec4 1;
T_1.1 ;
    %jmp T_1;
    .thread T_1;
    .scope S_0x5640771a9930;
T_2 ;
    %wait E_0x5640771767c0;
    %load/vec4 v0x5640771aa0c0_0;
    %dup/vec4;
    %pushi/vec4 3, 0, 2;
    %cmp/x;
    %jmp/1 T_2.0, 4;
    %dup/vec4;
    %pushi/vec4 0, 0, 2;
    %cmp/x;
    %jmp/1 T_2.1, 4;
    %dup/vec4;
    %pushi/vec4 1, 0, 2;
    %cmp/x;
    %jmp/1 T_2.2, 4;
    %dup/vec4;
    %pushi/vec4 2, 0, 2;
    %cmp/x;
    %jmp/1 T_2.3, 4;
    %pushi/vec4 255, 255, 8;
    %assign/vec4 v0x5640771a9f00_0, 0;
    %jmp T_2.5;
T_2.0 ;
    %load/vec4 v0x5640771aa000_0;
    %load/vec4 v0x5640771a9d80_0;
    %add;
    %assign/vec4 v0x5640771a9f00_0, 0;
    %vpi_call 6 21 "$display", "test%h,data=%h,accum=%h", v0x5640771a9f00_0, v0x5640771aa000_0, v0x5640771a9d80_0 {0 0 0};
    %jmp T_2.5;
T_2.1 ;
    %load/vec4 v0x5640771a9d80_0;
    %assign/vec4 v0x5640771a9f00_0, 0;
    %jmp T_2.5;
T_2.2 ;
    %load/vec4 v0x5640771a9d80_0;
    %addi 1, 0, 8;
    %store/vec4 v0x5640771a9f00_0, 0, 8;
    %jmp T_2.5;
T_2.3 ;
    %load/vec4 v0x5640771a9d80_0;
    %subi 1, 0, 8;
    %store/vec4 v0x5640771a9f00_0, 0, 8;
    %jmp T_2.5;
T_2.5 ;
    %pop/vec4 1;
    %jmp T_2;
    .thread T_2;
    .scope S_0x5640771140b0;
T_3 ;
    %wait E_0x5640771766b0;
    %load/vec4 v0x564077188250_0;
    %flag_set/vec4 8;
    %jmp/0xz  T_3.0, 8;
    %pushi/vec4 0, 0, 8;
    %assign/vec4 v0x56407718d3c0_0, 0;
    %jmp T_3.1;
T_3.0 ;
    %load/vec4 v0x56407718dc70_0;
    %flag_set/vec4 8;
    %jmp/0xz  T_3.2, 8;
    %load/vec4 v0x5640771895d0_0;
    %assign/vec4 v0x56407718d3c0_0, 0;
T_3.2 ;
T_3.1 ;
    %jmp T_3;
    .thread T_3;
    .scope S_0x5640771ae130;
T_4 ;
    %wait E_0x5640771766b0;
    %load/vec4 v0x5640771ae950_0;
    %flag_set/vec4 8;
    %jmp/0xz  T_4.0, 8;
    %pushi/vec4 0, 0, 8;
    %assign/vec4 v0x5640771ae730_0, 0;
    %jmp T_4.1;
T_4.0 ;
    %load/vec4 v0x5640771ae5a0_0;
    %flag_set/vec4 8;
    %jmp/0xz  T_4.2, 8;
    %load/vec4 v0x5640771ae4e0_0;
    %assign/vec4 v0x5640771ae730_0, 0;
T_4.2 ;
T_4.1 ;
    %jmp T_4;
    .thread T_4;
    .scope S_0x5640771ac210;
T_5 ;
    %wait E_0x56407718ea60;
    %load/vec4 v0x5640771ac810_0;
    %flag_set/vec4 8;
    %jmp/0xz  T_5.0, 8;
    %pushi/vec4 0, 0, 6;
    %assign/vec4 v0x5640771ac740_0, 0;
    %jmp T_5.1;
T_5.0 ;
    %load/vec4 v0x5640771ac640_0;
    %flag_set/vec4 8;
    %jmp/0xz  T_5.2, 8;
    %load/vec4 v0x5640771ac570_0;
    %assign/vec4 v0x5640771ac740_0, 0;
    %jmp T_5.3;
T_5.2 ;
    %load/vec4 v0x5640771ac740_0;
    %addi 1, 0, 6;
    %assign/vec4 v0x5640771ac740_0, 0;
T_5.3 ;
T_5.1 ;
    %jmp T_5;
    .thread T_5;
    .scope S_0x5640771ad520;
T_6 ;
    %pushi/vec4 240, 0, 8;
    %store/vec4 v0x5640771ad7f0_0, 0, 8;
    %pushi/vec4 241, 0, 8;
    %store/vec4 v0x5640771ad8f0_0, 0, 8;
    %pushi/vec4 242, 0, 8;
    %store/vec4 v0x5640771ad9d0_0, 0, 8;
    %pushi/vec4 243, 0, 8;
    %store/vec4 v0x5640771ada90_0, 0, 8;
    %end;
    .thread T_6;
    .scope S_0x5640771ad520;
T_7 ;
    %wait E_0x5640771ad770;
    %load/vec4 v0x5640771addc0_0;
    %nor/r;
    %flag_set/vec4 8;
    %jmp/0xz  T_7.0, 8;
    %load/vec4 v0x5640771ade60_0;
    %flag_set/vec4 8;
    %jmp/0xz  T_7.2, 8;
    %load/vec4 v0x5640771adb70_0;
    %dup/vec4;
    %pushi/vec4 0, 0, 6;
    %cmp/u;
    %jmp/1 T_7.4, 6;
    %dup/vec4;
    %pushi/vec4 1, 0, 6;
    %cmp/u;
    %jmp/1 T_7.5, 6;
    %dup/vec4;
    %pushi/vec4 2, 0, 6;
    %cmp/u;
    %jmp/1 T_7.6, 6;
    %dup/vec4;
    %pushi/vec4 3, 0, 6;
    %cmp/u;
    %jmp/1 T_7.7, 6;
    %pushi/vec4 0, 255, 8;
    %assign/vec4 v0x5640771adc30_0, 0;
    %jmp T_7.9;
T_7.4 ;
    %load/vec4 v0x5640771ad7f0_0;
    %assign/vec4 v0x5640771adc30_0, 0;
    %jmp T_7.9;
T_7.5 ;
    %load/vec4 v0x5640771ad8f0_0;
    %assign/vec4 v0x5640771adc30_0, 0;
    %jmp T_7.9;
T_7.6 ;
    %load/vec4 v0x5640771ad9d0_0;
    %assign/vec4 v0x5640771adc30_0, 0;
    %jmp T_7.9;
T_7.7 ;
    %load/vec4 v0x5640771ada90_0;
    %assign/vec4 v0x5640771adc30_0, 0;
    %jmp T_7.9;
T_7.9 ;
    %pop/vec4 1;
    %jmp T_7.3;
T_7.2 ;
    %load/vec4 v0x5640771adfc0_0;
    %flag_set/vec4 8;
    %jmp/0xz  T_7.10, 8;
    %load/vec4 v0x5640771adb70_0;
    %dup/vec4;
    %pushi/vec4 0, 0, 6;
    %cmp/u;
    %jmp/1 T_7.12, 6;
    %dup/vec4;
    %pushi/vec4 1, 0, 6;
    %cmp/u;
    %jmp/1 T_7.13, 6;
    %dup/vec4;
    %pushi/vec4 2, 0, 6;
    %cmp/u;
    %jmp/1 T_7.14, 6;
    %dup/vec4;
    %pushi/vec4 3, 0, 6;
    %cmp/u;
    %jmp/1 T_7.15, 6;
    %jmp T_7.16;
T_7.12 ;
    %load/vec4 v0x5640771add00_0;
    %assign/vec4 v0x5640771ad7f0_0, 0;
    %jmp T_7.16;
T_7.13 ;
    %load/vec4 v0x5640771add00_0;
    %assign/vec4 v0x5640771ad8f0_0, 0;
    %jmp T_7.16;
T_7.14 ;
    %load/vec4 v0x5640771add00_0;
    %assign/vec4 v0x5640771ad9d0_0, 0;
    %jmp T_7.16;
T_7.15 ;
    %load/vec4 v0x5640771add00_0;
    %assign/vec4 v0x5640771ada90_0, 0;
    %jmp T_7.16;
T_7.16 ;
    %pop/vec4 1;
T_7.10 ;
T_7.3 ;
    %jmp T_7.1;
T_7.0 ;
    %pushi/vec4 0, 255, 8;
    %assign/vec4 v0x5640771adc30_0, 0;
T_7.1 ;
    %jmp T_7;
    .thread T_7, $push;
    .scope S_0x5640771aeaf0;
T_8 ;
    %wait E_0x5640771ad770;
    %load/vec4 v0x5640771af150_0;
    %load/vec4 v0x5640771af020_0;
    %and;
    %flag_set/vec4 8;
    %jmp/0xz  T_8.0, 8;
    %load/vec4 v0x5640771aee30_0;
    %dup/vec4;
    %pushi/vec4 0, 0, 6;
    %cmp/u;
    %jmp/1 T_8.2, 6;
    %dup/vec4;
    %pushi/vec4 1, 0, 6;
    %cmp/u;
    %jmp/1 T_8.3, 6;
    %dup/vec4;
    %pushi/vec4 2, 0, 6;
    %cmp/u;
    %jmp/1 T_8.4, 6;
    %dup/vec4;
    %pushi/vec4 3, 0, 6;
    %cmp/u;
    %jmp/1 T_8.5, 6;
    %dup/vec4;
    %pushi/vec4 4, 0, 6;
    %cmp/u;
    %jmp/1 T_8.6, 6;
    %dup/vec4;
    %pushi/vec4 5, 0, 6;
    %cmp/u;
    %jmp/1 T_8.7, 6;
    %dup/vec4;
    %pushi/vec4 6, 0, 6;
    %cmp/u;
    %jmp/1 T_8.8, 6;
    %dup/vec4;
    %pushi/vec4 7, 0, 6;
    %cmp/u;
    %jmp/1 T_8.9, 6;
    %pushi/vec4 0, 255, 8;
    %assign/vec4 v0x5640771aef60_0, 0;
    %jmp T_8.11;
T_8.2 ;
    %pushi/vec4 67, 0, 8;
    %assign/vec4 v0x5640771aef60_0, 0;
    %jmp T_8.11;
T_8.3 ;
    %pushi/vec4 67, 0, 8;
    %assign/vec4 v0x5640771aef60_0, 0;
    %jmp T_8.11;
T_8.4 ;
    %pushi/vec4 67, 0, 8;
    %assign/vec4 v0x5640771aef60_0, 0;
    %jmp T_8.11;
T_8.5 ;
    %pushi/vec4 67, 0, 8;
    %assign/vec4 v0x5640771aef60_0, 0;
    %jmp T_8.11;
T_8.6 ;
    %pushi/vec4 195, 0, 8;
    %assign/vec4 v0x5640771aef60_0, 0;
    %jmp T_8.11;
T_8.7 ;
    %pushi/vec4 195, 0, 8;
    %assign/vec4 v0x5640771aef60_0, 0;
    %jmp T_8.11;
T_8.8 ;
    %pushi/vec4 195, 0, 8;
    %assign/vec4 v0x5640771aef60_0, 0;
    %jmp T_8.11;
T_8.9 ;
    %pushi/vec4 195, 0, 8;
    %assign/vec4 v0x5640771aef60_0, 0;
    %jmp T_8.11;
T_8.11 ;
    %pop/vec4 1;
    %jmp T_8.1;
T_8.0 ;
    %pushi/vec4 0, 255, 8;
    %assign/vec4 v0x5640771aef60_0, 0;
T_8.1 ;
    %jmp T_8;
    .thread T_8, $push;
    .scope S_0x5640771acf90;
T_9 ;
    %wait E_0x5640771766b0;
    %load/vec4 v0x5640771ad410_0;
    %flag_set/vec4 8;
    %jmp/0xz  T_9.0, 8;
    %pushi/vec4 0, 0, 1;
    %assign/vec4 v0x5640771ad200_0, 0;
    %jmp T_9.1;
T_9.0 ;
    %load/vec4 v0x5640771ad2f0_0;
    %flag_set/vec4 8;
    %jmp/0xz  T_9.2, 8;
    %pushi/vec4 1, 0, 1;
    %assign/vec4 v0x5640771ad200_0, 0;
T_9.2 ;
T_9.1 ;
    %jmp T_9;
    .thread T_9;
    .scope S_0x56407713a5a0;
T_10 ;
    %delay 50, 0;
    %load/vec4 v0x5640771b08b0_0;
    %inv;
    %store/vec4 v0x5640771b08b0_0, 0, 1;
    %jmp T_10;
    .thread T_10;
    .scope S_0x56407713a5a0;
T_11 ;
    %vpi_call 2 27 "$dumpfile", "wave.vcd" {0 0 0};
    %vpi_call 2 28 "$dumpvars", 32'sb00000000000000000000000000000000, S_0x564077128cb0 {0 0 0};
    %pushi/vec4 0, 0, 1;
    %store/vec4 v0x5640771b08b0_0, 0, 1;
    %pushi/vec4 0, 0, 1;
    %store/vec4 v0x5640771b1140_0, 0, 1;
    %delay 10, 0;
    %pushi/vec4 1, 0, 1;
    %store/vec4 v0x5640771b1140_0, 0, 1;
    %delay 880, 0;
    %pushi/vec4 0, 0, 1;
    %store/vec4 v0x5640771b1140_0, 0, 1;
    %delay 10000, 0;
    %vpi_call 2 33 "$finish" {0 0 0};
    %end;
    .thread T_11;
# The file index is used to find the file name in the following table.
:file_names 15;
    "N/A";
    "<interactive>";
    "cputop.v";
    "./CPU.v";
    "./accum.v";
    "./addr.v";
    "./alu.v";
    "./clk.v";
    "./control.v";
    "./counter.v";
    "./datactl.v";
    "./machinect.v";
    "./ram.v";
    "./register.v";
    "./rom.v";
